Logs for: A1Carpentry , A1Carpentry
[Wednesday, August 19, 2020 08:58:34 PM] Error 14672 >> Error occured in Update User table You have an error in your SQL syntax; check the manual that corresponds to your MySQL server version for the right syntax to use near 'where  UserID= 3' at line 1   at MySql.Data.MySqlClient.MySqlStream.ReadPacket()
   at MySql.Data.MySqlClient.NativeDriver.GetResult(Int32& affectedRow, Int64& insertedId)
   at MySql.Data.MySqlClient.Driver.GetResult(Int32 statementId, Int32& affectedRows, Int64& insertedId)
   at MySql.Data.MySqlClient.Driver.NextResult(Int32 statementId, Boolean force)
   at MySql.Data.MySqlClient.MySqlDataReader.NextResult()
   at MySql.Data.MySqlClient.MySqlCommand.ExecuteReader(CommandBehavior behavior)
   at MySql.Data.MySqlClient.MySqlCommand.ExecuteNonQuery()
   at A1Carpentry.DBhelper.SqlHelper.UpdatetoolsToUser(String toolids, Int32 id) in C:\Users\pc\source\repos\A1Carpentry MySql 04_04_19 (1)\A1Carpentry MySql 04_04_19\A1Carpentry\DBhelper\SqlHelper.cs:line 4044
[Wednesday, August 19, 2020 08:58:34 PM] Information 14672 >> Could not Update EmployeeProfile in database (Post)
[Wednesday, August 19, 2020 08:59:02 PM] Error 14672 >> Error occured in Update User table You have an error in your SQL syntax; check the manual that corresponds to your MySQL server version for the right syntax to use near 'where  UserID= 3' at line 1   at MySql.Data.MySqlClient.MySqlStream.ReadPacket()
   at MySql.Data.MySqlClient.NativeDriver.GetResult(Int32& affectedRow, Int64& insertedId)
   at MySql.Data.MySqlClient.Driver.GetResult(Int32 statementId, Int32& affectedRows, Int64& insertedId)
   at MySql.Data.MySqlClient.Driver.NextResult(Int32 statementId, Boolean force)
   at MySql.Data.MySqlClient.MySqlDataReader.NextResult()
   at MySql.Data.MySqlClient.MySqlCommand.ExecuteReader(CommandBehavior behavior)
   at MySql.Data.MySqlClient.MySqlCommand.ExecuteNonQuery()
   at A1Carpentry.DBhelper.SqlHelper.UpdatetoolsToUser(String toolids, Int32 id) in C:\Users\pc\source\repos\A1Carpentry MySql 04_04_19 (1)\A1Carpentry MySql 04_04_19\A1Carpentry\DBhelper\SqlHelper.cs:line 4044
[Wednesday, August 19, 2020 08:59:02 PM] Information 14672 >> Could not Update EmployeeProfile in database (Post)
[Wednesday, August 19, 2020 09:01:04 PM] Error 14672 >> Error occured in Update User table You have an error in your SQL syntax; check the manual that corresponds to your MySQL server version for the right syntax to use near 'where  UserID= 3' at line 1   at MySql.Data.MySqlClient.MySqlStream.ReadPacket()
   at MySql.Data.MySqlClient.NativeDriver.GetResult(Int32& affectedRow, Int64& insertedId)
   at MySql.Data.MySqlClient.Driver.GetResult(Int32 statementId, Int32& affectedRows, Int64& insertedId)
   at MySql.Data.MySqlClient.Driver.NextResult(Int32 statementId, Boolean force)
   at MySql.Data.MySqlClient.MySqlDataReader.NextResult()
   at MySql.Data.MySqlClient.MySqlCommand.ExecuteReader(CommandBehavior behavior)
   at MySql.Data.MySqlClient.MySqlCommand.ExecuteNonQuery()
   at A1Carpentry.DBhelper.SqlHelper.UpdatetoolsToUser(String toolids, Int32 id)
[Wednesday, August 19, 2020 09:01:04 PM] Information 14672 >> Could not Update EmployeeProfile in database (Post)
