Logs for: A1Carpentry , A1Carpentry
[Friday, July 24, 2020 12:16:34 PM] Error 17028 >> Error occured in GetUserDetails Unable to connect to any of the specified MySQL hosts.   at MySql.Data.MySqlClient.NativeDriver.Open()
   at MySql.Data.MySqlClient.Driver.Open()
   at MySql.Data.MySqlClient.Driver.Create(MySqlConnectionStringBuilder settings)
   at MySql.Data.MySqlClient.MySqlPool.CreateNewPooledConnection()
   at MySql.Data.MySqlClient.MySqlPool.GetPooledConnection()
   at MySql.Data.MySqlClient.MySqlPool.TryToGetDriver()
   at MySql.Data.MySqlClient.MySqlPool.GetConnection()
   at MySql.Data.MySqlClient.MySqlConnection.Open()
   at A1Carpentry.DBhelper.SqlHelper.GetUserDetails(String username, String password, String email) in C:\Users\pc\source\repos\A1Carpentry MySql 04_04_19 (1)\A1Carpentry MySql 04_04_19\A1Carpentry\DBhelper\SqlHelper.cs:line 73
[Friday, July 24, 2020 12:29:47 PM] Error 17028 >> Error occured in EmployeeProfile Failure sending mail.   at System.Net.Mail.SmtpClient.Send(MailMessage message)
   at A1Carpentry.Controllers.SuperAdminController.SendEmail(UsersModel ObjUser) in C:\Users\pc\source\repos\A1Carpentry MySql 04_04_19 (1)\A1Carpentry MySql 04_04_19\A1Carpentry\Controllers\SuperAdminController.cs:line 1707
   at A1Carpentry.Controllers.SuperAdminController.employeetools(List`1 ToolName) in C:\Users\pc\source\repos\A1Carpentry MySql 04_04_19 (1)\A1Carpentry MySql 04_04_19\A1Carpentry\Controllers\SuperAdminController.cs:line 168
[Friday, July 24, 2020 12:30:10 PM] Error 17028 >> Error occured in EmployeeProfile Object reference not set to an instance of an object.   at A1Carpentry.Controllers.SuperAdminController.employeetools(List`1 ToolName) in C:\Users\pc\source\repos\A1Carpentry MySql 04_04_19 (1)\A1Carpentry MySql 04_04_19\A1Carpentry\Controllers\SuperAdminController.cs:line 159
[Friday, July 24, 2020 12:30:18 PM] Error 17028 >> Error occured in EmployeeProfile Object reference not set to an instance of an object.   at A1Carpentry.Controllers.SuperAdminController.employeetools(List`1 ToolName) in C:\Users\pc\source\repos\A1Carpentry MySql 04_04_19 (1)\A1Carpentry MySql 04_04_19\A1Carpentry\Controllers\SuperAdminController.cs:line 159
[Friday, July 24, 2020 12:34:11 PM] Information 17028 >> Could not update UpdateTaskLogsByJobDId in database (Post)
[Friday, July 24, 2020 12:34:39 PM] Information 17028 >> Could not update UpdateTaskLogsByJobDId in database (Post)
[Friday, July 24, 2020 12:49:46 PM] Information 17028 >> filename and FullPathA1Carpentry_20200724124829402.pdfC:\Users\pc\source\repos\A1Carpentry MySql 04_04_19 (1)\A1Carpentry MySql 04_04_19\A1Carpentry\files\A1Carpentry_20200724124829402.pdf
[Friday, July 24, 2020 09:22:08 PM] Error 9816 >> Error occured in GetUserDetails Unable to connect to any of the specified MySQL hosts.   at MySql.Data.MySqlClient.NativeDriver.Open()
   at MySql.Data.MySqlClient.Driver.Open()
   at MySql.Data.MySqlClient.Driver.Create(MySqlConnectionStringBuilder settings)
   at MySql.Data.MySqlClient.MySqlPool.CreateNewPooledConnection()
   at MySql.Data.MySqlClient.MySqlPool.GetPooledConnection()
   at MySql.Data.MySqlClient.MySqlPool.TryToGetDriver()
   at MySql.Data.MySqlClient.MySqlPool.GetConnection()
   at MySql.Data.MySqlClient.MySqlConnection.Open()
   at A1Carpentry.DBhelper.SqlHelper.GetUserDetails(String username, String password, String email) in C:\Users\pc\source\repos\A1Carpentry MySql 04_04_19 (1)\A1Carpentry MySql 04_04_19\A1Carpentry\DBhelper\SqlHelper.cs:line 73
[Friday, July 24, 2020 09:50:09 PM] Information 8620 >> filename and FullPathA1Carpentry_20200724215004759.pdfC:\Users\pc\source\repos\A1Carpentry MySql 04_04_19 (1)\A1Carpentry MySql 04_04_19\A1Carpentry\files\A1Carpentry_20200724215004759.pdf
[Friday, July 24, 2020 09:52:59 PM] Information 8620 >> filename and FullPathA1Carpentry_20200724215004759.pdfC:\Users\pc\source\repos\A1Carpentry MySql 04_04_19 (1)\A1Carpentry MySql 04_04_19\A1Carpentry\files\A1Carpentry_20200724215004759.pdf
