Logs for: A1Carpentry , A1Carpentry
[Saturday, July 25, 2020 09:29:45 PM] Error 13548 >> Error occured in UpdateJobProfile Fatal error encountered during command execution.   at MySql.Data.MySqlClient.MySqlCommand.ExecuteReader(CommandBehavior behavior)
   at MySql.Data.MySqlClient.MySqlCommand.ExecuteNonQuery()
   at A1Carpentry.DBhelper.SqlHelper.UpdateToolsProfile(ToolsModel objTools) in C:\Users\pc\source\repos\A1Carpentry MySql 04_04_19 (1)\A1Carpentry MySql 04_04_19\A1Carpentry\DBhelper\SqlHelper.cs:line 2287
[Saturday, July 25, 2020 09:29:46 PM] Information 13548 >> Could not Update ToolsDetails in database (Post)
[Saturday, July 25, 2020 09:31:28 PM] Information 13548 >> Data Null in objJobs (UpdateToolsProfile Post)
[Saturday, July 25, 2020 09:32:48 PM] Information 13548 >> Data Null in objJobs (UpdateToolsProfile Post)
[Saturday, July 25, 2020 09:34:01 PM] Error 13548 >> Error occured in UpdateJobProfile Fatal error encountered during command execution.   at MySql.Data.MySqlClient.MySqlCommand.ExecuteReader(CommandBehavior behavior)
   at MySql.Data.MySqlClient.MySqlCommand.ExecuteNonQuery()
   at A1Carpentry.DBhelper.SqlHelper.UpdateToolsProfile(ToolsModel objTools)
[Saturday, July 25, 2020 09:34:01 PM] Information 13548 >> Could not Update ToolsDetails in database (Post)
[Saturday, July 25, 2020 11:29:14 PM] Error 16032 >> Error occured in GetUserName Fatal error encountered during command execution.   at MySql.Data.MySqlClient.MySqlCommand.ExecuteReader(CommandBehavior behavior)
   at MySql.Data.MySqlClient.MySqlCommand.ExecuteReader()
   at A1Carpentry.DBhelper.SqlHelper.GetUserTools() in C:\Users\pc\source\repos\A1Carpentry MySql 04_04_19 (1)\A1Carpentry MySql 04_04_19\A1Carpentry\DBhelper\SqlHelper.cs:line 3693
[Saturday, July 25, 2020 11:29:56 PM] Error 16032 >> Error occured in GetUserName Fatal error encountered during command execution.   at MySql.Data.MySqlClient.MySqlCommand.ExecuteReader(CommandBehavior behavior)
   at MySql.Data.MySqlClient.MySqlCommand.ExecuteReader()
   at A1Carpentry.DBhelper.SqlHelper.GetUserTools()
[Saturday, July 25, 2020 11:30:10 PM] Error 16032 >> Error occured in GetUserName Fatal error encountered during command execution.   at MySql.Data.MySqlClient.MySqlCommand.ExecuteReader(CommandBehavior behavior)
   at MySql.Data.MySqlClient.MySqlCommand.ExecuteReader()
   at A1Carpentry.DBhelper.SqlHelper.GetUserTools()
[Saturday, July 25, 2020 11:30:59 PM] Error 16032 >> Error occured in GetUserName Fatal error encountered during command execution.   at MySql.Data.MySqlClient.MySqlCommand.ExecuteReader(CommandBehavior behavior)
   at MySql.Data.MySqlClient.MySqlCommand.ExecuteReader()
   at A1Carpentry.DBhelper.SqlHelper.GetUserTools()
[Saturday, July 25, 2020 11:31:10 PM] Error 16032 >> Error occured in GetUserName Index was outside the bounds of the array.   at MySql.Data.MySqlClient.Interceptors.ExceptionInterceptor.Throw(Exception exception)
   at MySql.Data.MySqlClient.MySqlConnection.Throw(Exception ex)
   at MySql.Data.MySqlClient.MySqlDataReader.Throw(Exception ex)
   at MySql.Data.MySqlClient.MySqlDataReader.GetValue(Int32 i)
   at MySql.Data.MySqlClient.MySqlDataReader.get_Item(Int32 i)
   at A1Carpentry.DBhelper.SqlHelper.GetUserTools()
