Logs for: A1Carpentry , A1Carpentry
[Wednesday, October 23, 2019 06:49:08 PM] Error 11376 >> Error occured in GetUserDetails Fatal error encountered during data read.   at MySql.Data.MySqlClient.MySqlDataReader.Read()
   at MySql.Data.MySqlClient.Driver.LoadServerProperties(MySqlConnection connection)
   at MySql.Data.MySqlClient.Driver.Configure(MySqlConnection connection)
   at MySql.Data.MySqlClient.MySqlConnection.Open()
   at A1Carpentry.DBhelper.SqlHelper.GetUserDetails(String username, String password, String email) in C:\Users\lambda\Desktop\ATT Lighter Version\A1Carpentry MySql 04_04_19\A1Carpentry\DBhelper\SqlHelper.cs:line 85
[Wednesday, October 23, 2019 06:49:32 PM] Error 11376 >> Error occured in GetUserDetails Fatal error encountered during command execution.   at MySql.Data.MySqlClient.MySqlCommand.ExecuteReader(CommandBehavior behavior)
   at MySql.Data.MySqlClient.MySqlCommand.ExecuteReader()
   at MySql.Data.MySqlClient.Driver.LoadServerProperties(MySqlConnection connection)
   at MySql.Data.MySqlClient.Driver.Configure(MySqlConnection connection)
   at MySql.Data.MySqlClient.MySqlConnection.Open()
   at A1Carpentry.DBhelper.SqlHelper.GetUserDetails(String username, String password, String email) in C:\Users\lambda\Desktop\ATT Lighter Version\A1Carpentry MySql 04_04_19\A1Carpentry\DBhelper\SqlHelper.cs:line 85
[Wednesday, October 23, 2019 06:50:00 PM] Error 11376 >> Error occured in GetUserDetails Reading from the stream has failed.   at MySql.Data.MySqlClient.MySqlStream.LoadPacket()
   at MySql.Data.MySqlClient.MySqlStream.ReadPacket()
   at MySql.Data.MySqlClient.NativeDriver.Open()
   at MySql.Data.MySqlClient.Driver.Open()
   at MySql.Data.MySqlClient.Driver.Create(MySqlConnectionStringBuilder settings)
   at MySql.Data.MySqlClient.MySqlPool.CreateNewPooledConnection()
   at MySql.Data.MySqlClient.MySqlPool.GetPooledConnection()
   at MySql.Data.MySqlClient.MySqlPool.TryToGetDriver()
   at MySql.Data.MySqlClient.MySqlPool.GetConnection()
   at MySql.Data.MySqlClient.MySqlConnection.Open()
   at A1Carpentry.DBhelper.SqlHelper.GetUserDetails(String username, String password, String email) in C:\Users\lambda\Desktop\ATT Lighter Version\A1Carpentry MySql 04_04_19\A1Carpentry\DBhelper\SqlHelper.cs:line 85
[Wednesday, October 23, 2019 06:50:41 PM] Error 13732 >> Error occured in GetUserDetails Reading from the stream has failed.   at MySql.Data.MySqlClient.MySqlStream.LoadPacket()
   at MySql.Data.MySqlClient.MySqlStream.ReadPacket()
   at MySql.Data.MySqlClient.NativeDriver.Open()
   at MySql.Data.MySqlClient.Driver.Open()
   at MySql.Data.MySqlClient.Driver.Create(MySqlConnectionStringBuilder settings)
   at MySql.Data.MySqlClient.MySqlPool.CreateNewPooledConnection()
   at MySql.Data.MySqlClient.MySqlPool.GetPooledConnection()
   at MySql.Data.MySqlClient.MySqlPool.TryToGetDriver()
   at MySql.Data.MySqlClient.MySqlPool.GetConnection()
   at MySql.Data.MySqlClient.MySqlConnection.Open()
   at A1Carpentry.DBhelper.SqlHelper.GetUserDetails(String username, String password, String email) in C:\Users\lambda\Desktop\ATT Lighter Version\A1Carpentry MySql 04_04_19\A1Carpentry\DBhelper\SqlHelper.cs:line 85
