Logs for: A1Carpentry , A1Carpentry
[Wednesday, April 15, 2020 12:15:48 AM] Error 8980 >> Error occured in GetUserDetails Unable to connect to any of the specified MySQL hosts.   at MySql.Data.MySqlClient.NativeDriver.Open()
   at MySql.Data.MySqlClient.Driver.Open()
   at MySql.Data.MySqlClient.Driver.Create(MySqlConnectionStringBuilder settings)
   at MySql.Data.MySqlClient.MySqlPool.CreateNewPooledConnection()
   at MySql.Data.MySqlClient.MySqlPool.GetPooledConnection()
   at MySql.Data.MySqlClient.MySqlPool.TryToGetDriver()
   at MySql.Data.MySqlClient.MySqlPool.GetConnection()
   at MySql.Data.MySqlClient.MySqlConnection.Open()
   at A1Carpentry.DBhelper.SqlHelper.GetUserDetails(String username, String password, String email) in C:\Users\pc\source\repos\A1Carpentry MySql 04_04_19 (1)\A1Carpentry MySql 04_04_19\A1Carpentry\DBhelper\SqlHelper.cs:line 85
[Wednesday, April 15, 2020 12:16:27 AM] Error 8980 >> Error occured in GetUserDetails Unable to connect to any of the specified MySQL hosts.   at MySql.Data.MySqlClient.NativeDriver.Open()
   at MySql.Data.MySqlClient.Driver.Open()
   at MySql.Data.MySqlClient.Driver.Create(MySqlConnectionStringBuilder settings)
   at MySql.Data.MySqlClient.MySqlPool.CreateNewPooledConnection()
   at MySql.Data.MySqlClient.MySqlPool.GetPooledConnection()
   at MySql.Data.MySqlClient.MySqlPool.TryToGetDriver()
   at MySql.Data.MySqlClient.MySqlPool.GetConnection()
   at MySql.Data.MySqlClient.MySqlConnection.Open()
   at A1Carpentry.DBhelper.SqlHelper.GetUserDetails(String username, String password, String email) in C:\Users\pc\source\repos\A1Carpentry MySql 04_04_19 (1)\A1Carpentry MySql 04_04_19\A1Carpentry\DBhelper\SqlHelper.cs:line 85
[Wednesday, April 15, 2020 12:16:35 AM] Error 8980 >> Error occured in GetUserDetails Unable to connect to any of the specified MySQL hosts.   at MySql.Data.MySqlClient.NativeDriver.Open()
   at MySql.Data.MySqlClient.Driver.Open()
   at MySql.Data.MySqlClient.Driver.Create(MySqlConnectionStringBuilder settings)
   at MySql.Data.MySqlClient.MySqlPool.CreateNewPooledConnection()
   at MySql.Data.MySqlClient.MySqlPool.GetPooledConnection()
   at MySql.Data.MySqlClient.MySqlPool.TryToGetDriver()
   at MySql.Data.MySqlClient.MySqlPool.GetConnection()
   at MySql.Data.MySqlClient.MySqlConnection.Open()
   at A1Carpentry.DBhelper.SqlHelper.GetUserDetails(String username, String password, String email) in C:\Users\pc\source\repos\A1Carpentry MySql 04_04_19 (1)\A1Carpentry MySql 04_04_19\A1Carpentry\DBhelper\SqlHelper.cs:line 85
[Wednesday, April 15, 2020 12:16:45 AM] Error 8980 >> Error occured in GetUserDetails Unable to connect to any of the specified MySQL hosts.   at MySql.Data.MySqlClient.NativeDriver.Open()
   at MySql.Data.MySqlClient.Driver.Open()
   at MySql.Data.MySqlClient.Driver.Create(MySqlConnectionStringBuilder settings)
   at MySql.Data.MySqlClient.MySqlPool.CreateNewPooledConnection()
   at MySql.Data.MySqlClient.MySqlPool.GetPooledConnection()
   at MySql.Data.MySqlClient.MySqlPool.TryToGetDriver()
   at MySql.Data.MySqlClient.MySqlPool.GetConnection()
   at MySql.Data.MySqlClient.MySqlConnection.Open()
   at A1Carpentry.DBhelper.SqlHelper.GetUserDetails(String username, String password, String email) in C:\Users\pc\source\repos\A1Carpentry MySql 04_04_19 (1)\A1Carpentry MySql 04_04_19\A1Carpentry\DBhelper\SqlHelper.cs:line 85
[Wednesday, April 15, 2020 11:36:20 AM] Error 16932 >> Exception occured in : GetJobDetailsToApprove Fatal error encountered during data read.   at MySql.Data.MySqlClient.MySqlDataReader.Read()
   at MySql.Data.MySqlClient.Driver.LoadCharacterSets(MySqlConnection connection)
   at MySql.Data.MySqlClient.Driver.Configure(MySqlConnection connection)
   at MySql.Data.MySqlClient.MySqlConnection.Open()
   at A1Carpentry.DBhelper.SqlHelper.GetJobDetailsToApprove() in C:\Users\pc\source\repos\A1Carpentry MySql 04_04_19 (1)\A1Carpentry MySql 04_04_19\A1Carpentry\DBhelper\SqlHelper.cs:line 2320
[Wednesday, April 15, 2020 07:15:58 PM] Error 8140 >> Error occured in GetUserDetails Unable to connect to any of the specified MySQL hosts.   at MySql.Data.MySqlClient.NativeDriver.Open()
   at MySql.Data.MySqlClient.Driver.Open()
   at MySql.Data.MySqlClient.Driver.Create(MySqlConnectionStringBuilder settings)
   at MySql.Data.MySqlClient.MySqlPool.CreateNewPooledConnection()
   at MySql.Data.MySqlClient.MySqlPool.GetPooledConnection()
   at MySql.Data.MySqlClient.MySqlPool.TryToGetDriver()
   at MySql.Data.MySqlClient.MySqlPool.GetConnection()
   at MySql.Data.MySqlClient.MySqlConnection.Open()
   at A1Carpentry.DBhelper.SqlHelper.GetUserDetails(String username, String password, String email) in C:\Users\pc\source\repos\A1Carpentry MySql 04_04_19 (1)\A1Carpentry MySql 04_04_19\A1Carpentry\DBhelper\SqlHelper.cs:line 85
[Wednesday, April 15, 2020 07:18:38 PM] Error 8140 >> Error occured in GetUserDetails Unable to connect to any of the specified MySQL hosts.   at MySql.Data.MySqlClient.NativeDriver.Open()
   at MySql.Data.MySqlClient.Driver.Open()
   at MySql.Data.MySqlClient.Driver.Create(MySqlConnectionStringBuilder settings)
   at MySql.Data.MySqlClient.MySqlPool.CreateNewPooledConnection()
   at MySql.Data.MySqlClient.MySqlPool.GetPooledConnection()
   at MySql.Data.MySqlClient.MySqlPool.TryToGetDriver()
   at MySql.Data.MySqlClient.MySqlPool.GetConnection()
   at MySql.Data.MySqlClient.MySqlConnection.Open()
   at A1Carpentry.DBhelper.SqlHelper.GetUserDetails(String username, String password, String email) in C:\Users\pc\source\repos\A1Carpentry MySql 04_04_19 (1)\A1Carpentry MySql 04_04_19\A1Carpentry\DBhelper\SqlHelper.cs:line 85
[Wednesday, April 15, 2020 07:19:08 PM] Error 8140 >> Error occured in GetUserDetails Unable to connect to any of the specified MySQL hosts.   at MySql.Data.MySqlClient.NativeDriver.Open()
   at MySql.Data.MySqlClient.Driver.Open()
   at MySql.Data.MySqlClient.Driver.Create(MySqlConnectionStringBuilder settings)
   at MySql.Data.MySqlClient.MySqlPool.CreateNewPooledConnection()
   at MySql.Data.MySqlClient.MySqlPool.GetPooledConnection()
   at MySql.Data.MySqlClient.MySqlPool.TryToGetDriver()
   at MySql.Data.MySqlClient.MySqlPool.GetConnection()
   at MySql.Data.MySqlClient.MySqlConnection.Open()
   at A1Carpentry.DBhelper.SqlHelper.GetUserDetails(String username, String password, String email) in C:\Users\pc\source\repos\A1Carpentry MySql 04_04_19 (1)\A1Carpentry MySql 04_04_19\A1Carpentry\DBhelper\SqlHelper.cs:line 85
[Wednesday, April 15, 2020 07:19:25 PM] Error 8140 >> Error occured in GetUserDetails Unable to connect to any of the specified MySQL hosts.   at MySql.Data.MySqlClient.NativeDriver.Open()
   at MySql.Data.MySqlClient.Driver.Open()
   at MySql.Data.MySqlClient.Driver.Create(MySqlConnectionStringBuilder settings)
   at MySql.Data.MySqlClient.MySqlPool.CreateNewPooledConnection()
   at MySql.Data.MySqlClient.MySqlPool.GetPooledConnection()
   at MySql.Data.MySqlClient.MySqlPool.TryToGetDriver()
   at MySql.Data.MySqlClient.MySqlPool.GetConnection()
   at MySql.Data.MySqlClient.MySqlConnection.Open()
   at A1Carpentry.DBhelper.SqlHelper.GetUserDetails(String username, String password, String email) in C:\Users\pc\source\repos\A1Carpentry MySql 04_04_19 (1)\A1Carpentry MySql 04_04_19\A1Carpentry\DBhelper\SqlHelper.cs:line 85
[Wednesday, April 15, 2020 07:19:34 PM] Error 8140 >> Error occured in GetUserDetails Unable to connect to any of the specified MySQL hosts.   at MySql.Data.MySqlClient.NativeDriver.Open()
   at MySql.Data.MySqlClient.Driver.Open()
   at MySql.Data.MySqlClient.Driver.Create(MySqlConnectionStringBuilder settings)
   at MySql.Data.MySqlClient.MySqlPool.CreateNewPooledConnection()
   at MySql.Data.MySqlClient.MySqlPool.GetPooledConnection()
   at MySql.Data.MySqlClient.MySqlPool.TryToGetDriver()
   at MySql.Data.MySqlClient.MySqlPool.GetConnection()
   at MySql.Data.MySqlClient.MySqlConnection.Open()
   at A1Carpentry.DBhelper.SqlHelper.GetUserDetails(String username, String password, String email) in C:\Users\pc\source\repos\A1Carpentry MySql 04_04_19 (1)\A1Carpentry MySql 04_04_19\A1Carpentry\DBhelper\SqlHelper.cs:line 85
[Wednesday, April 15, 2020 07:19:39 PM] Error 8140 >> Error occured in GetUserDetails Unable to connect to any of the specified MySQL hosts.   at MySql.Data.MySqlClient.NativeDriver.Open()
   at MySql.Data.MySqlClient.Driver.Open()
   at MySql.Data.MySqlClient.Driver.Create(MySqlConnectionStringBuilder settings)
   at MySql.Data.MySqlClient.MySqlPool.CreateNewPooledConnection()
   at MySql.Data.MySqlClient.MySqlPool.GetPooledConnection()
   at MySql.Data.MySqlClient.MySqlPool.TryToGetDriver()
   at MySql.Data.MySqlClient.MySqlPool.GetConnection()
   at MySql.Data.MySqlClient.MySqlConnection.Open()
   at A1Carpentry.DBhelper.SqlHelper.GetUserDetails(String username, String password, String email) in C:\Users\pc\source\repos\A1Carpentry MySql 04_04_19 (1)\A1Carpentry MySql 04_04_19\A1Carpentry\DBhelper\SqlHelper.cs:line 85
