Logs for: A1Carpentry , A1Carpentry
[Monday, January 27, 2020 01:05:24 PM] Error 4072 >> Error occured in EmployeeProfile (Post)Failure sending mail.   at System.Net.Mail.SmtpClient.Send(MailMessage message)
   at A1Carpentry.Controllers.SuperAdminController.SendEmail(UsersModel ObjUser) in C:\Users\lambda\Desktop\ATT Lighter Version\A1Carpentry MySql 04_04_19\A1Carpentry\Controllers\SuperAdminController.cs:line 1375
   at A1Carpentry.Controllers.SuperAdminController.EmployeeProfile(UsersModel objUser, HttpPostedFileBase file) in C:\Users\lambda\Desktop\ATT Lighter Version\A1Carpentry MySql 04_04_19\A1Carpentry\Controllers\SuperAdminController.cs:line 160
[Monday, January 27, 2020 01:22:18 PM] Information 4072 >> count 0 in jobNumber (Job)
[Monday, January 27, 2020 01:30:04 PM] Error 4072 >> Error occured in GenerateReports Failure sending mail.   at System.Net.Mail.SmtpClient.Send(MailMessage message)
   at A1Carpentry.Controllers.SuperAdminController.SendAttachmentEmail(String Email, HttpPostedFileBase fileUploader) in C:\Users\lambda\Desktop\ATT Lighter Version\A1Carpentry MySql 04_04_19\A1Carpentry\Controllers\SuperAdminController.cs:line 1409
   at A1Carpentry.Controllers.SuperAdminController.GenerateReports(String startDate, String endDate) in C:\Users\lambda\Desktop\ATT Lighter Version\A1Carpentry MySql 04_04_19\A1Carpentry\Controllers\SuperAdminController.cs:line 891
[Monday, January 27, 2020 01:32:51 PM] Information 4072 >> filename and FullPathA1Carpentry_20200127133219810.pdfC:\Users\lambda\Desktop\ATT Lighter Version\A1Carpentry MySql 04_04_19\A1Carpentry\files\A1Carpentry_20200127133219810.pdf
[Monday, January 27, 2020 03:51:42 PM] Information 8596 >> count 0 in jobNumber (Job)
[Monday, January 27, 2020 04:18:32 PM] Information 14540 >> count 0 in jobNumber (Job)
[Monday, January 27, 2020 05:09:08 PM] Information 8524 >> count 0 in jobNumber (Job)
[Monday, January 27, 2020 05:10:50 PM] Information 18920 >> count 0 in jobNumber (Job)
[Monday, January 27, 2020 05:16:56 PM] Information 9904 >> count 0 in jobNumber (Job)
[Monday, January 27, 2020 05:18:45 PM] Information 9904 >> count 0 in jobNumber (Job)
[Monday, January 27, 2020 05:19:25 PM] Information 9904 >> count 0 in jobNumber (Job)
[Monday, January 27, 2020 05:32:12 PM] Information 10052 >> count 0 in jobNumber (Job)
[Monday, January 27, 2020 05:33:07 PM] Information 10052 >> count 0 in jobNumber (Job)
[Monday, January 27, 2020 05:34:01 PM] Information 10052 >> count 0 in jobNumber (Job)
[Monday, January 27, 2020 05:42:01 PM] Information 16136 >> count 0 in jobNumber (Job)
[Monday, January 27, 2020 05:45:47 PM] Information 8748 >> count 0 in jobNumber (Job)
[Monday, January 27, 2020 05:48:39 PM] Information 17672 >> count 0 in jobNumber (Job)
[Monday, January 27, 2020 06:02:53 PM] Information 10504 >> count 0 in jobNumber (Job)
[Monday, January 27, 2020 06:31:57 PM] Information 10504 >> count 0 in jobNumber (Job)
[Monday, January 27, 2020 06:34:30 PM] Information 10504 >> count 0 in jobNumber (Job)
[Monday, January 27, 2020 06:35:36 PM] Information 10504 >> count 0 in jobNumber (Job)
[Monday, January 27, 2020 06:50:57 PM] Information 13968 >> count 0 in jobNumber (Job)
[Monday, January 27, 2020 06:51:49 PM] Information 13968 >> count 0 in jobNumber (Job)
