Logs for: A1Carpentry , A1Carpentry
[Saturday, May 23, 2020 12:01:54 AM] Error 11056 >> Error occured in GetPreTasksById Invalid attempt to Read when reader is closed.   at MySql.Data.MySqlClient.MySqlDataReader.Throw(Exception ex)
   at MySql.Data.MySqlClient.MySqlDataReader.Read()
   at A1Carpentry.DBhelper.SqlHelper.GetPreTasksById(Int32 PreTaskID) in C:\Users\pc\source\repos\A1Carpentry MySql 04_04_19 (1)\A1Carpentry MySql 04_04_19\A1Carpentry\DBhelper\SqlHelper.cs:line 2263
[Saturday, May 23, 2020 12:02:18 AM] Error 11056 >> Error occured in GetPreTasksById Invalid attempt to Read when reader is closed.   at MySql.Data.MySqlClient.MySqlDataReader.Throw(Exception ex)
   at MySql.Data.MySqlClient.MySqlDataReader.Read()
   at A1Carpentry.DBhelper.SqlHelper.GetPreTasksById(Int32 PreTaskID) in C:\Users\pc\source\repos\A1Carpentry MySql 04_04_19 (1)\A1Carpentry MySql 04_04_19\A1Carpentry\DBhelper\SqlHelper.cs:line 2263
[Saturday, May 23, 2020 12:02:33 AM] Error 11056 >> Error occured in GetPreTasksById Invalid attempt to Read when reader is closed.   at MySql.Data.MySqlClient.MySqlDataReader.Throw(Exception ex)
   at MySql.Data.MySqlClient.MySqlDataReader.Read()
   at A1Carpentry.DBhelper.SqlHelper.GetPreTasksById(Int32 PreTaskID) in C:\Users\pc\source\repos\A1Carpentry MySql 04_04_19 (1)\A1Carpentry MySql 04_04_19\A1Carpentry\DBhelper\SqlHelper.cs:line 2263
[Saturday, May 23, 2020 12:07:09 AM] Error 11056 >> Error occured in GetPreTasksById Invalid attempt to Read when reader is closed.   at MySql.Data.MySqlClient.MySqlDataReader.Throw(Exception ex)
   at MySql.Data.MySqlClient.MySqlDataReader.Read()
   at A1Carpentry.DBhelper.SqlHelper.GetPreTasksById(Int32 PreTaskID) in C:\Users\pc\source\repos\A1Carpentry MySql 04_04_19 (1)\A1Carpentry MySql 04_04_19\A1Carpentry\DBhelper\SqlHelper.cs:line 2263
[Saturday, May 23, 2020 12:07:20 AM] Error 11056 >> Error occured in GetPreTasksById Invalid attempt to Read when reader is closed.   at MySql.Data.MySqlClient.MySqlDataReader.Throw(Exception ex)
   at MySql.Data.MySqlClient.MySqlDataReader.Read()
   at A1Carpentry.DBhelper.SqlHelper.GetPreTasksById(Int32 PreTaskID) in C:\Users\pc\source\repos\A1Carpentry MySql 04_04_19 (1)\A1Carpentry MySql 04_04_19\A1Carpentry\DBhelper\SqlHelper.cs:line 2263
[Saturday, May 23, 2020 12:11:14 AM] Error 11056 >> Error occured in GetPreTasksById Invalid attempt to Read when reader is closed.   at MySql.Data.MySqlClient.MySqlDataReader.Throw(Exception ex)
   at MySql.Data.MySqlClient.MySqlDataReader.Read()
   at A1Carpentry.DBhelper.SqlHelper.GetPreTasksById(Int32 PreTaskID) in C:\Users\pc\source\repos\A1Carpentry MySql 04_04_19 (1)\A1Carpentry MySql 04_04_19\A1Carpentry\DBhelper\SqlHelper.cs:line 2263
[Saturday, May 23, 2020 12:14:43 AM] Error 11056 >> Error occured in GetPreTasksById Invalid attempt to Read when reader is closed.   at MySql.Data.MySqlClient.MySqlDataReader.Throw(Exception ex)
   at MySql.Data.MySqlClient.MySqlDataReader.Read()
   at A1Carpentry.DBhelper.SqlHelper.GetPreTasksById(Int32 PreTaskID) in C:\Users\pc\source\repos\A1Carpentry MySql 04_04_19 (1)\A1Carpentry MySql 04_04_19\A1Carpentry\DBhelper\SqlHelper.cs:line 2263
[Saturday, May 23, 2020 12:14:50 AM] Error 11056 >> Error occured in GetPreTasksById Invalid attempt to Read when reader is closed.   at MySql.Data.MySqlClient.MySqlDataReader.Throw(Exception ex)
   at MySql.Data.MySqlClient.MySqlDataReader.Read()
   at A1Carpentry.DBhelper.SqlHelper.GetPreTasksById(Int32 PreTaskID) in C:\Users\pc\source\repos\A1Carpentry MySql 04_04_19 (1)\A1Carpentry MySql 04_04_19\A1Carpentry\DBhelper\SqlHelper.cs:line 2263
[Saturday, May 23, 2020 12:15:28 AM] Error 11056 >> Error occured in GetPreTasksById Invalid attempt to Read when reader is closed.   at MySql.Data.MySqlClient.MySqlDataReader.Throw(Exception ex)
   at MySql.Data.MySqlClient.MySqlDataReader.Read()
   at A1Carpentry.DBhelper.SqlHelper.GetPreTasksById(Int32 PreTaskID) in C:\Users\pc\source\repos\A1Carpentry MySql 04_04_19 (1)\A1Carpentry MySql 04_04_19\A1Carpentry\DBhelper\SqlHelper.cs:line 2263
[Saturday, May 23, 2020 12:15:56 AM] Error 11056 >> Error occured in GetPreTasksById Invalid attempt to Read when reader is closed.   at MySql.Data.MySqlClient.MySqlDataReader.Throw(Exception ex)
   at MySql.Data.MySqlClient.MySqlDataReader.Read()
   at A1Carpentry.DBhelper.SqlHelper.GetPreTasksById(Int32 PreTaskID) in C:\Users\pc\source\repos\A1Carpentry MySql 04_04_19 (1)\A1Carpentry MySql 04_04_19\A1Carpentry\DBhelper\SqlHelper.cs:line 2263
[Saturday, May 23, 2020 12:16:03 AM] Error 11056 >> Error occured in GetPreTasksById Invalid attempt to Read when reader is closed.   at MySql.Data.MySqlClient.MySqlDataReader.Throw(Exception ex)
   at MySql.Data.MySqlClient.MySqlDataReader.Read()
   at A1Carpentry.DBhelper.SqlHelper.GetPreTasksById(Int32 PreTaskID) in C:\Users\pc\source\repos\A1Carpentry MySql 04_04_19 (1)\A1Carpentry MySql 04_04_19\A1Carpentry\DBhelper\SqlHelper.cs:line 2263
[Saturday, May 23, 2020 12:17:02 AM] Error 11056 >> Error occured in GetPreTasksById Invalid attempt to Read when reader is closed.   at MySql.Data.MySqlClient.MySqlDataReader.Throw(Exception ex)
   at MySql.Data.MySqlClient.MySqlDataReader.Read()
   at A1Carpentry.DBhelper.SqlHelper.GetPreTasksById(Int32 PreTaskID) in C:\Users\pc\source\repos\A1Carpentry MySql 04_04_19 (1)\A1Carpentry MySql 04_04_19\A1Carpentry\DBhelper\SqlHelper.cs:line 2263
[Saturday, May 23, 2020 12:17:09 AM] Error 11056 >> Error occured in GetPreTasksById Invalid attempt to Read when reader is closed.   at MySql.Data.MySqlClient.MySqlDataReader.Throw(Exception ex)
   at MySql.Data.MySqlClient.MySqlDataReader.Read()
   at A1Carpentry.DBhelper.SqlHelper.GetPreTasksById(Int32 PreTaskID) in C:\Users\pc\source\repos\A1Carpentry MySql 04_04_19 (1)\A1Carpentry MySql 04_04_19\A1Carpentry\DBhelper\SqlHelper.cs:line 2263
[Saturday, May 23, 2020 12:32:30 AM] Error 11056 >> Error occured in PreTasksList Fatal error encountered during data read.   at MySql.Data.MySqlClient.MySqlDataReader.Read()
   at MySql.Data.MySqlClient.Driver.LoadCharacterSets(MySqlConnection connection)
   at MySql.Data.MySqlClient.Driver.Configure(MySqlConnection connection)
   at MySql.Data.MySqlClient.MySqlConnection.Open()
   at A1Carpentry.DBhelper.SqlHelper.PreTasksList() in C:\Users\pc\source\repos\A1Carpentry MySql 04_04_19 (1)\A1Carpentry MySql 04_04_19\A1Carpentry\DBhelper\SqlHelper.cs:line 526
[Saturday, May 23, 2020 12:40:57 AM] Error 11056 >> Error occured in PreTasksList Fatal error encountered during data read.   at MySql.Data.MySqlClient.MySqlDataReader.Read()
   at MySql.Data.MySqlClient.Driver.LoadServerProperties(MySqlConnection connection)
   at MySql.Data.MySqlClient.Driver.Configure(MySqlConnection connection)
   at MySql.Data.MySqlClient.MySqlConnection.Open()
   at A1Carpentry.DBhelper.SqlHelper.PreTasksList() in C:\Users\pc\source\repos\A1Carpentry MySql 04_04_19 (1)\A1Carpentry MySql 04_04_19\A1Carpentry\DBhelper\SqlHelper.cs:line 526
[Saturday, May 23, 2020 12:41:13 AM] Error 11056 >> Exception occured in : GetAllToolsDetails Fatal error encountered during command execution.   at MySql.Data.MySqlClient.MySqlCommand.ExecuteReader(CommandBehavior behavior)
   at MySql.Data.MySqlClient.MySqlCommand.ExecuteReader()
   at MySql.Data.MySqlClient.Driver.LoadServerProperties(MySqlConnection connection)
   at MySql.Data.MySqlClient.Driver.Configure(MySqlConnection connection)
   at MySql.Data.MySqlClient.MySqlConnection.Open()
   at A1Carpentry.DBhelper.SqlHelper.GetAllToolsDetails() in C:\Users\pc\source\repos\A1Carpentry MySql 04_04_19 (1)\A1Carpentry MySql 04_04_19\A1Carpentry\DBhelper\SqlHelper.cs:line 1864
[Saturday, May 23, 2020 12:41:28 AM] Error 11056 >> Exception occured in : GetAllToolsDetails Fatal error encountered during data read.   at MySql.Data.MySqlClient.MySqlDataReader.Read()
   at MySql.Data.MySqlClient.Driver.LoadServerProperties(MySqlConnection connection)
   at MySql.Data.MySqlClient.Driver.Configure(MySqlConnection connection)
   at MySql.Data.MySqlClient.MySqlConnection.Open()
   at A1Carpentry.DBhelper.SqlHelper.GetAllToolsDetails() in C:\Users\pc\source\repos\A1Carpentry MySql 04_04_19 (1)\A1Carpentry MySql 04_04_19\A1Carpentry\DBhelper\SqlHelper.cs:line 1864
[Saturday, May 23, 2020 01:05:55 AM] Error 11056 >> Error occured in GetPreTasksById Invalid attempt to Read when reader is closed.   at MySql.Data.MySqlClient.MySqlDataReader.Throw(Exception ex)
   at MySql.Data.MySqlClient.MySqlDataReader.Read()
   at A1Carpentry.DBhelper.SqlHelper.GetPreTasksById(Int32 PreTaskID) in C:\Users\pc\source\repos\A1Carpentry MySql 04_04_19 (1)\A1Carpentry MySql 04_04_19\A1Carpentry\DBhelper\SqlHelper.cs:line 2263
[Saturday, May 23, 2020 01:06:02 AM] Error 11056 >> Error occured in GetPreTasksById Invalid attempt to Read when reader is closed.   at MySql.Data.MySqlClient.MySqlDataReader.Throw(Exception ex)
   at MySql.Data.MySqlClient.MySqlDataReader.Read()
   at A1Carpentry.DBhelper.SqlHelper.GetPreTasksById(Int32 PreTaskID) in C:\Users\pc\source\repos\A1Carpentry MySql 04_04_19 (1)\A1Carpentry MySql 04_04_19\A1Carpentry\DBhelper\SqlHelper.cs:line 2263
[Saturday, May 23, 2020 11:40:26 AM] Error 11596 >> Error occured in GetPreTasksById Invalid attempt to Read when reader is closed.   at MySql.Data.MySqlClient.MySqlDataReader.Throw(Exception ex)
   at MySql.Data.MySqlClient.MySqlDataReader.Read()
   at A1Carpentry.DBhelper.SqlHelper.GetPreTasksById(Int32 PreTaskID) in C:\Users\pc\source\repos\A1Carpentry MySql 04_04_19 (1)\A1Carpentry MySql 04_04_19\A1Carpentry\DBhelper\SqlHelper.cs:line 2263
[Saturday, May 23, 2020 11:42:22 AM] Error 11596 >> Error occured in GetPreTasksById Invalid attempt to Read when reader is closed.   at MySql.Data.MySqlClient.MySqlDataReader.Throw(Exception ex)
   at MySql.Data.MySqlClient.MySqlDataReader.Read()
   at A1Carpentry.DBhelper.SqlHelper.GetPreTasksById(Int32 PreTaskID) in C:\Users\pc\source\repos\A1Carpentry MySql 04_04_19 (1)\A1Carpentry MySql 04_04_19\A1Carpentry\DBhelper\SqlHelper.cs:line 2263
[Saturday, May 23, 2020 11:42:29 AM] Error 11596 >> Error occured in GetPreTasksById Invalid attempt to Read when reader is closed.   at MySql.Data.MySqlClient.MySqlDataReader.Throw(Exception ex)
   at MySql.Data.MySqlClient.MySqlDataReader.Read()
   at A1Carpentry.DBhelper.SqlHelper.GetPreTasksById(Int32 PreTaskID) in C:\Users\pc\source\repos\A1Carpentry MySql 04_04_19 (1)\A1Carpentry MySql 04_04_19\A1Carpentry\DBhelper\SqlHelper.cs:line 2263
[Saturday, May 23, 2020 11:45:24 AM] Error 11596 >> Error occured in GetPreTasksById Invalid attempt to Read when reader is closed.   at MySql.Data.MySqlClient.MySqlDataReader.Throw(Exception ex)
   at MySql.Data.MySqlClient.MySqlDataReader.Read()
   at A1Carpentry.DBhelper.SqlHelper.GetPreTasksById(Int32 PreTaskID) in C:\Users\pc\source\repos\A1Carpentry MySql 04_04_19 (1)\A1Carpentry MySql 04_04_19\A1Carpentry\DBhelper\SqlHelper.cs:line 2263
[Saturday, May 23, 2020 11:45:31 AM] Error 11596 >> Error occured in GetPreTasksById Invalid attempt to Read when reader is closed.   at MySql.Data.MySqlClient.MySqlDataReader.Throw(Exception ex)
   at MySql.Data.MySqlClient.MySqlDataReader.Read()
   at A1Carpentry.DBhelper.SqlHelper.GetPreTasksById(Int32 PreTaskID) in C:\Users\pc\source\repos\A1Carpentry MySql 04_04_19 (1)\A1Carpentry MySql 04_04_19\A1Carpentry\DBhelper\SqlHelper.cs:line 2263
[Saturday, May 23, 2020 11:47:01 AM] Error 11596 >> Error occured in GetPreTasksById Invalid attempt to Read when reader is closed.   at MySql.Data.MySqlClient.MySqlDataReader.Throw(Exception ex)
   at MySql.Data.MySqlClient.MySqlDataReader.Read()
   at A1Carpentry.DBhelper.SqlHelper.GetPreTasksById(Int32 PreTaskID) in C:\Users\pc\source\repos\A1Carpentry MySql 04_04_19 (1)\A1Carpentry MySql 04_04_19\A1Carpentry\DBhelper\SqlHelper.cs:line 2263
[Saturday, May 23, 2020 11:47:09 AM] Error 11596 >> Error occured in GetPreTasksById Invalid attempt to Read when reader is closed.   at MySql.Data.MySqlClient.MySqlDataReader.Throw(Exception ex)
   at MySql.Data.MySqlClient.MySqlDataReader.Read()
   at A1Carpentry.DBhelper.SqlHelper.GetPreTasksById(Int32 PreTaskID) in C:\Users\pc\source\repos\A1Carpentry MySql 04_04_19 (1)\A1Carpentry MySql 04_04_19\A1Carpentry\DBhelper\SqlHelper.cs:line 2263
[Saturday, May 23, 2020 11:51:52 AM] Error 11596 >> Error occured in GetPreTasksById Invalid attempt to Read when reader is closed.   at MySql.Data.MySqlClient.MySqlDataReader.Throw(Exception ex)
   at MySql.Data.MySqlClient.MySqlDataReader.Read()
   at A1Carpentry.DBhelper.SqlHelper.GetPreTasksById(Int32 PreTaskID) in C:\Users\pc\source\repos\A1Carpentry MySql 04_04_19 (1)\A1Carpentry MySql 04_04_19\A1Carpentry\DBhelper\SqlHelper.cs:line 2263
[Saturday, May 23, 2020 11:51:58 AM] Error 11596 >> Error occured in GetPreTasksById Invalid attempt to Read when reader is closed.   at MySql.Data.MySqlClient.MySqlDataReader.Throw(Exception ex)
   at MySql.Data.MySqlClient.MySqlDataReader.Read()
   at A1Carpentry.DBhelper.SqlHelper.GetPreTasksById(Int32 PreTaskID) in C:\Users\pc\source\repos\A1Carpentry MySql 04_04_19 (1)\A1Carpentry MySql 04_04_19\A1Carpentry\DBhelper\SqlHelper.cs:line 2263
[Saturday, May 23, 2020 11:52:47 AM] Error 11596 >> Error occured in GetPreTasksById Invalid attempt to Read when reader is closed.   at MySql.Data.MySqlClient.MySqlDataReader.Throw(Exception ex)
   at MySql.Data.MySqlClient.MySqlDataReader.Read()
   at A1Carpentry.DBhelper.SqlHelper.GetPreTasksById(Int32 PreTaskID) in C:\Users\pc\source\repos\A1Carpentry MySql 04_04_19 (1)\A1Carpentry MySql 04_04_19\A1Carpentry\DBhelper\SqlHelper.cs:line 2263
[Saturday, May 23, 2020 11:52:54 AM] Error 11596 >> Error occured in GetPreTasksById Invalid attempt to Read when reader is closed.   at MySql.Data.MySqlClient.MySqlDataReader.Throw(Exception ex)
   at MySql.Data.MySqlClient.MySqlDataReader.Read()
   at A1Carpentry.DBhelper.SqlHelper.GetPreTasksById(Int32 PreTaskID) in C:\Users\pc\source\repos\A1Carpentry MySql 04_04_19 (1)\A1Carpentry MySql 04_04_19\A1Carpentry\DBhelper\SqlHelper.cs:line 2263
[Saturday, May 23, 2020 11:54:04 AM] Error 11596 >> Error occured in GetPreTasksById Invalid attempt to Read when reader is closed.   at MySql.Data.MySqlClient.MySqlDataReader.Throw(Exception ex)
   at MySql.Data.MySqlClient.MySqlDataReader.Read()
   at A1Carpentry.DBhelper.SqlHelper.GetPreTasksById(Int32 PreTaskID) in C:\Users\pc\source\repos\A1Carpentry MySql 04_04_19 (1)\A1Carpentry MySql 04_04_19\A1Carpentry\DBhelper\SqlHelper.cs:line 2263
[Saturday, May 23, 2020 11:54:12 AM] Error 11596 >> Error occured in GetPreTasksById Invalid attempt to Read when reader is closed.   at MySql.Data.MySqlClient.MySqlDataReader.Throw(Exception ex)
   at MySql.Data.MySqlClient.MySqlDataReader.Read()
   at A1Carpentry.DBhelper.SqlHelper.GetPreTasksById(Int32 PreTaskID) in C:\Users\pc\source\repos\A1Carpentry MySql 04_04_19 (1)\A1Carpentry MySql 04_04_19\A1Carpentry\DBhelper\SqlHelper.cs:line 2263
[Saturday, May 23, 2020 11:56:09 AM] Error 11596 >> Error occured in GetPreTasksById Invalid attempt to Read when reader is closed.   at MySql.Data.MySqlClient.MySqlDataReader.Throw(Exception ex)
   at MySql.Data.MySqlClient.MySqlDataReader.Read()
   at A1Carpentry.DBhelper.SqlHelper.GetPreTasksById(Int32 PreTaskID) in C:\Users\pc\source\repos\A1Carpentry MySql 04_04_19 (1)\A1Carpentry MySql 04_04_19\A1Carpentry\DBhelper\SqlHelper.cs:line 2263
[Saturday, May 23, 2020 11:56:18 AM] Error 11596 >> Error occured in GetPreTasksById Invalid attempt to Read when reader is closed.   at MySql.Data.MySqlClient.MySqlDataReader.Throw(Exception ex)
   at MySql.Data.MySqlClient.MySqlDataReader.Read()
   at A1Carpentry.DBhelper.SqlHelper.GetPreTasksById(Int32 PreTaskID) in C:\Users\pc\source\repos\A1Carpentry MySql 04_04_19 (1)\A1Carpentry MySql 04_04_19\A1Carpentry\DBhelper\SqlHelper.cs:line 2263
[Saturday, May 23, 2020 12:03:12 PM] Error 11596 >> Error occured in GetPreTasksById Invalid attempt to Read when reader is closed.   at MySql.Data.MySqlClient.MySqlDataReader.Throw(Exception ex)
   at MySql.Data.MySqlClient.MySqlDataReader.Read()
   at A1Carpentry.DBhelper.SqlHelper.GetPreTasksById(Int32 PreTaskID) in C:\Users\pc\source\repos\A1Carpentry MySql 04_04_19 (1)\A1Carpentry MySql 04_04_19\A1Carpentry\DBhelper\SqlHelper.cs:line 2263
[Saturday, May 23, 2020 12:03:18 PM] Error 11596 >> Error occured in GetPreTasksById Invalid attempt to Read when reader is closed.   at MySql.Data.MySqlClient.MySqlDataReader.Throw(Exception ex)
   at MySql.Data.MySqlClient.MySqlDataReader.Read()
   at A1Carpentry.DBhelper.SqlHelper.GetPreTasksById(Int32 PreTaskID) in C:\Users\pc\source\repos\A1Carpentry MySql 04_04_19 (1)\A1Carpentry MySql 04_04_19\A1Carpentry\DBhelper\SqlHelper.cs:line 2263
[Saturday, May 23, 2020 12:05:40 PM] Error 11596 >> Error occured in GetPreTasksById Invalid attempt to Read when reader is closed.   at MySql.Data.MySqlClient.MySqlDataReader.Throw(Exception ex)
   at MySql.Data.MySqlClient.MySqlDataReader.Read()
   at A1Carpentry.DBhelper.SqlHelper.GetPreTasksById(Int32 PreTaskID) in C:\Users\pc\source\repos\A1Carpentry MySql 04_04_19 (1)\A1Carpentry MySql 04_04_19\A1Carpentry\DBhelper\SqlHelper.cs:line 2263
[Saturday, May 23, 2020 12:05:47 PM] Error 11596 >> Error occured in GetPreTasksById Invalid attempt to Read when reader is closed.   at MySql.Data.MySqlClient.MySqlDataReader.Throw(Exception ex)
   at MySql.Data.MySqlClient.MySqlDataReader.Read()
   at A1Carpentry.DBhelper.SqlHelper.GetPreTasksById(Int32 PreTaskID) in C:\Users\pc\source\repos\A1Carpentry MySql 04_04_19 (1)\A1Carpentry MySql 04_04_19\A1Carpentry\DBhelper\SqlHelper.cs:line 2263
[Saturday, May 23, 2020 12:09:14 PM] Error 8484 >> Error occured in GetPreTasksById Invalid attempt to Read when reader is closed.   at MySql.Data.MySqlClient.MySqlDataReader.Throw(Exception ex)
   at MySql.Data.MySqlClient.MySqlDataReader.Read()
   at A1Carpentry.DBhelper.SqlHelper.GetPreTasksById(Int32 PreTaskID) in C:\Users\pc\source\repos\A1Carpentry MySql 04_04_19 (1)\A1Carpentry MySql 04_04_19\A1Carpentry\DBhelper\SqlHelper.cs:line 2263
[Saturday, May 23, 2020 12:09:22 PM] Error 8484 >> Error occured in GetPreTasksById Invalid attempt to Read when reader is closed.   at MySql.Data.MySqlClient.MySqlDataReader.Throw(Exception ex)
   at MySql.Data.MySqlClient.MySqlDataReader.Read()
   at A1Carpentry.DBhelper.SqlHelper.GetPreTasksById(Int32 PreTaskID) in C:\Users\pc\source\repos\A1Carpentry MySql 04_04_19 (1)\A1Carpentry MySql 04_04_19\A1Carpentry\DBhelper\SqlHelper.cs:line 2263
[Saturday, May 23, 2020 12:10:33 PM] Error 8484 >> Error occured in GetPreTasksById Invalid attempt to Read when reader is closed.   at MySql.Data.MySqlClient.MySqlDataReader.Throw(Exception ex)
   at MySql.Data.MySqlClient.MySqlDataReader.Read()
   at A1Carpentry.DBhelper.SqlHelper.GetPreTasksById(Int32 PreTaskID) in C:\Users\pc\source\repos\A1Carpentry MySql 04_04_19 (1)\A1Carpentry MySql 04_04_19\A1Carpentry\DBhelper\SqlHelper.cs:line 2263
[Saturday, May 23, 2020 12:10:41 PM] Error 8484 >> Error occured in GetPreTasksById Invalid attempt to Read when reader is closed.   at MySql.Data.MySqlClient.MySqlDataReader.Throw(Exception ex)
   at MySql.Data.MySqlClient.MySqlDataReader.Read()
   at A1Carpentry.DBhelper.SqlHelper.GetPreTasksById(Int32 PreTaskID) in C:\Users\pc\source\repos\A1Carpentry MySql 04_04_19 (1)\A1Carpentry MySql 04_04_19\A1Carpentry\DBhelper\SqlHelper.cs:line 2263
[Saturday, May 23, 2020 12:11:41 PM] Error 8484 >> Error occured in GetPreTasksById Invalid attempt to Read when reader is closed.   at MySql.Data.MySqlClient.MySqlDataReader.Throw(Exception ex)
   at MySql.Data.MySqlClient.MySqlDataReader.Read()
   at A1Carpentry.DBhelper.SqlHelper.GetPreTasksById(Int32 PreTaskID) in C:\Users\pc\source\repos\A1Carpentry MySql 04_04_19 (1)\A1Carpentry MySql 04_04_19\A1Carpentry\DBhelper\SqlHelper.cs:line 2263
[Saturday, May 23, 2020 12:11:47 PM] Error 8484 >> Error occured in GetPreTasksById Invalid attempt to Read when reader is closed.   at MySql.Data.MySqlClient.MySqlDataReader.Throw(Exception ex)
   at MySql.Data.MySqlClient.MySqlDataReader.Read()
   at A1Carpentry.DBhelper.SqlHelper.GetPreTasksById(Int32 PreTaskID) in C:\Users\pc\source\repos\A1Carpentry MySql 04_04_19 (1)\A1Carpentry MySql 04_04_19\A1Carpentry\DBhelper\SqlHelper.cs:line 2263
[Saturday, May 23, 2020 12:12:00 PM] Error 8484 >> Error occured in GetPreTasksById Invalid attempt to Read when reader is closed.   at MySql.Data.MySqlClient.MySqlDataReader.Throw(Exception ex)
   at MySql.Data.MySqlClient.MySqlDataReader.Read()
   at A1Carpentry.DBhelper.SqlHelper.GetPreTasksById(Int32 PreTaskID) in C:\Users\pc\source\repos\A1Carpentry MySql 04_04_19 (1)\A1Carpentry MySql 04_04_19\A1Carpentry\DBhelper\SqlHelper.cs:line 2263
[Saturday, May 23, 2020 12:12:12 PM] Error 8484 >> Error occured in GetPreTasksById Invalid attempt to Read when reader is closed.   at MySql.Data.MySqlClient.MySqlDataReader.Throw(Exception ex)
   at MySql.Data.MySqlClient.MySqlDataReader.Read()
   at A1Carpentry.DBhelper.SqlHelper.GetPreTasksById(Int32 PreTaskID) in C:\Users\pc\source\repos\A1Carpentry MySql 04_04_19 (1)\A1Carpentry MySql 04_04_19\A1Carpentry\DBhelper\SqlHelper.cs:line 2263
[Saturday, May 23, 2020 12:12:25 PM] Error 8484 >> Error occured in GetPreTasksById Invalid attempt to Read when reader is closed.   at MySql.Data.MySqlClient.MySqlDataReader.Throw(Exception ex)
   at MySql.Data.MySqlClient.MySqlDataReader.Read()
   at A1Carpentry.DBhelper.SqlHelper.GetPreTasksById(Int32 PreTaskID) in C:\Users\pc\source\repos\A1Carpentry MySql 04_04_19 (1)\A1Carpentry MySql 04_04_19\A1Carpentry\DBhelper\SqlHelper.cs:line 2263
[Saturday, May 23, 2020 12:12:37 PM] Error 8484 >> Error occured in GetPreTasksById Invalid attempt to Read when reader is closed.   at MySql.Data.MySqlClient.MySqlDataReader.Throw(Exception ex)
   at MySql.Data.MySqlClient.MySqlDataReader.Read()
   at A1Carpentry.DBhelper.SqlHelper.GetPreTasksById(Int32 PreTaskID) in C:\Users\pc\source\repos\A1Carpentry MySql 04_04_19 (1)\A1Carpentry MySql 04_04_19\A1Carpentry\DBhelper\SqlHelper.cs:line 2263
[Saturday, May 23, 2020 12:12:53 PM] Error 8484 >> Error occured in GetPreTasksById Invalid attempt to Read when reader is closed.   at MySql.Data.MySqlClient.MySqlDataReader.Throw(Exception ex)
   at MySql.Data.MySqlClient.MySqlDataReader.Read()
   at A1Carpentry.DBhelper.SqlHelper.GetPreTasksById(Int32 PreTaskID) in C:\Users\pc\source\repos\A1Carpentry MySql 04_04_19 (1)\A1Carpentry MySql 04_04_19\A1Carpentry\DBhelper\SqlHelper.cs:line 2263
[Saturday, May 23, 2020 12:13:07 PM] Error 8484 >> Error occured in GetPreTasksById Invalid attempt to Read when reader is closed.   at MySql.Data.MySqlClient.MySqlDataReader.Throw(Exception ex)
   at MySql.Data.MySqlClient.MySqlDataReader.Read()
   at A1Carpentry.DBhelper.SqlHelper.GetPreTasksById(Int32 PreTaskID) in C:\Users\pc\source\repos\A1Carpentry MySql 04_04_19 (1)\A1Carpentry MySql 04_04_19\A1Carpentry\DBhelper\SqlHelper.cs:line 2263
[Saturday, May 23, 2020 12:13:18 PM] Error 8484 >> Error occured in GetPreTasksById Invalid attempt to Read when reader is closed.   at MySql.Data.MySqlClient.MySqlDataReader.Throw(Exception ex)
   at MySql.Data.MySqlClient.MySqlDataReader.Read()
   at A1Carpentry.DBhelper.SqlHelper.GetPreTasksById(Int32 PreTaskID) in C:\Users\pc\source\repos\A1Carpentry MySql 04_04_19 (1)\A1Carpentry MySql 04_04_19\A1Carpentry\DBhelper\SqlHelper.cs:line 2263
[Saturday, May 23, 2020 12:13:30 PM] Error 8484 >> Error occured in GetPreTasksById Invalid attempt to Read when reader is closed.   at MySql.Data.MySqlClient.MySqlDataReader.Throw(Exception ex)
   at MySql.Data.MySqlClient.MySqlDataReader.Read()
   at A1Carpentry.DBhelper.SqlHelper.GetPreTasksById(Int32 PreTaskID) in C:\Users\pc\source\repos\A1Carpentry MySql 04_04_19 (1)\A1Carpentry MySql 04_04_19\A1Carpentry\DBhelper\SqlHelper.cs:line 2263
[Saturday, May 23, 2020 12:15:13 PM] Error 8484 >> Error occured in GetPreTasksById Invalid attempt to Read when reader is closed.   at MySql.Data.MySqlClient.MySqlDataReader.Throw(Exception ex)
   at MySql.Data.MySqlClient.MySqlDataReader.Read()
   at A1Carpentry.DBhelper.SqlHelper.GetPreTasksById(Int32 PreTaskID) in C:\Users\pc\source\repos\A1Carpentry MySql 04_04_19 (1)\A1Carpentry MySql 04_04_19\A1Carpentry\DBhelper\SqlHelper.cs:line 2263
[Saturday, May 23, 2020 12:15:30 PM] Error 8484 >> Error occured in GetPreTasksById Invalid attempt to Read when reader is closed.   at MySql.Data.MySqlClient.MySqlDataReader.Throw(Exception ex)
   at MySql.Data.MySqlClient.MySqlDataReader.Read()
   at A1Carpentry.DBhelper.SqlHelper.GetPreTasksById(Int32 PreTaskID) in C:\Users\pc\source\repos\A1Carpentry MySql 04_04_19 (1)\A1Carpentry MySql 04_04_19\A1Carpentry\DBhelper\SqlHelper.cs:line 2263
[Saturday, May 23, 2020 12:15:41 PM] Error 8484 >> Error occured in GetPreTasksById Invalid attempt to Read when reader is closed.   at MySql.Data.MySqlClient.MySqlDataReader.Throw(Exception ex)
   at MySql.Data.MySqlClient.MySqlDataReader.Read()
   at A1Carpentry.DBhelper.SqlHelper.GetPreTasksById(Int32 PreTaskID) in C:\Users\pc\source\repos\A1Carpentry MySql 04_04_19 (1)\A1Carpentry MySql 04_04_19\A1Carpentry\DBhelper\SqlHelper.cs:line 2263
[Saturday, May 23, 2020 12:15:51 PM] Error 8484 >> Error occured in GetPreTasksById Invalid attempt to Read when reader is closed.   at MySql.Data.MySqlClient.MySqlDataReader.Throw(Exception ex)
   at MySql.Data.MySqlClient.MySqlDataReader.Read()
   at A1Carpentry.DBhelper.SqlHelper.GetPreTasksById(Int32 PreTaskID) in C:\Users\pc\source\repos\A1Carpentry MySql 04_04_19 (1)\A1Carpentry MySql 04_04_19\A1Carpentry\DBhelper\SqlHelper.cs:line 2263
[Saturday, May 23, 2020 12:16:01 PM] Error 8484 >> Error occured in GetPreTasksById Invalid attempt to Read when reader is closed.   at MySql.Data.MySqlClient.MySqlDataReader.Throw(Exception ex)
   at MySql.Data.MySqlClient.MySqlDataReader.Read()
   at A1Carpentry.DBhelper.SqlHelper.GetPreTasksById(Int32 PreTaskID) in C:\Users\pc\source\repos\A1Carpentry MySql 04_04_19 (1)\A1Carpentry MySql 04_04_19\A1Carpentry\DBhelper\SqlHelper.cs:line 2263
[Saturday, May 23, 2020 12:17:03 PM] Error 8484 >> Error occured in GetPreTasksById Invalid attempt to Read when reader is closed.   at MySql.Data.MySqlClient.MySqlDataReader.Throw(Exception ex)
   at MySql.Data.MySqlClient.MySqlDataReader.Read()
   at A1Carpentry.DBhelper.SqlHelper.GetPreTasksById(Int32 PreTaskID) in C:\Users\pc\source\repos\A1Carpentry MySql 04_04_19 (1)\A1Carpentry MySql 04_04_19\A1Carpentry\DBhelper\SqlHelper.cs:line 2263
[Saturday, May 23, 2020 12:17:14 PM] Error 8484 >> Error occured in GetPreTasksById Invalid attempt to Read when reader is closed.   at MySql.Data.MySqlClient.MySqlDataReader.Throw(Exception ex)
   at MySql.Data.MySqlClient.MySqlDataReader.Read()
   at A1Carpentry.DBhelper.SqlHelper.GetPreTasksById(Int32 PreTaskID) in C:\Users\pc\source\repos\A1Carpentry MySql 04_04_19 (1)\A1Carpentry MySql 04_04_19\A1Carpentry\DBhelper\SqlHelper.cs:line 2263
[Saturday, May 23, 2020 12:17:32 PM] Error 8484 >> Error occured in GetPreTasksById Invalid attempt to Read when reader is closed.   at MySql.Data.MySqlClient.MySqlDataReader.Throw(Exception ex)
   at MySql.Data.MySqlClient.MySqlDataReader.Read()
   at A1Carpentry.DBhelper.SqlHelper.GetPreTasksById(Int32 PreTaskID) in C:\Users\pc\source\repos\A1Carpentry MySql 04_04_19 (1)\A1Carpentry MySql 04_04_19\A1Carpentry\DBhelper\SqlHelper.cs:line 2263
[Saturday, May 23, 2020 12:19:53 PM] Error 8484 >> Error occured in GetPreTasksById Invalid attempt to Read when reader is closed.   at MySql.Data.MySqlClient.MySqlDataReader.Throw(Exception ex)
   at MySql.Data.MySqlClient.MySqlDataReader.Read()
   at A1Carpentry.DBhelper.SqlHelper.GetPreTasksById(Int32 PreTaskID) in C:\Users\pc\source\repos\A1Carpentry MySql 04_04_19 (1)\A1Carpentry MySql 04_04_19\A1Carpentry\DBhelper\SqlHelper.cs:line 2263
[Saturday, May 23, 2020 12:20:01 PM] Error 8484 >> Error occured in GetPreTasksById Invalid attempt to Read when reader is closed.   at MySql.Data.MySqlClient.MySqlDataReader.Throw(Exception ex)
   at MySql.Data.MySqlClient.MySqlDataReader.Read()
   at A1Carpentry.DBhelper.SqlHelper.GetPreTasksById(Int32 PreTaskID) in C:\Users\pc\source\repos\A1Carpentry MySql 04_04_19 (1)\A1Carpentry MySql 04_04_19\A1Carpentry\DBhelper\SqlHelper.cs:line 2263
[Saturday, May 23, 2020 12:21:22 PM] Error 8484 >> Error occured in GetPreTasksById Invalid attempt to Read when reader is closed.   at MySql.Data.MySqlClient.MySqlDataReader.Throw(Exception ex)
   at MySql.Data.MySqlClient.MySqlDataReader.Read()
   at A1Carpentry.DBhelper.SqlHelper.GetPreTasksById(Int32 PreTaskID) in C:\Users\pc\source\repos\A1Carpentry MySql 04_04_19 (1)\A1Carpentry MySql 04_04_19\A1Carpentry\DBhelper\SqlHelper.cs:line 2263
[Saturday, May 23, 2020 12:21:36 PM] Error 8484 >> Error occured in GetPreTasksById Invalid attempt to Read when reader is closed.   at MySql.Data.MySqlClient.MySqlDataReader.Throw(Exception ex)
   at MySql.Data.MySqlClient.MySqlDataReader.Read()
   at A1Carpentry.DBhelper.SqlHelper.GetPreTasksById(Int32 PreTaskID) in C:\Users\pc\source\repos\A1Carpentry MySql 04_04_19 (1)\A1Carpentry MySql 04_04_19\A1Carpentry\DBhelper\SqlHelper.cs:line 2263
[Saturday, May 23, 2020 12:22:10 PM] Error 8484 >> Error occured in GetPreTasksById Invalid attempt to Read when reader is closed.   at MySql.Data.MySqlClient.MySqlDataReader.Throw(Exception ex)
   at MySql.Data.MySqlClient.MySqlDataReader.Read()
   at A1Carpentry.DBhelper.SqlHelper.GetPreTasksById(Int32 PreTaskID) in C:\Users\pc\source\repos\A1Carpentry MySql 04_04_19 (1)\A1Carpentry MySql 04_04_19\A1Carpentry\DBhelper\SqlHelper.cs:line 2263
[Saturday, May 23, 2020 12:22:16 PM] Error 8484 >> Error occured in GetPreTasksById Invalid attempt to Read when reader is closed.   at MySql.Data.MySqlClient.MySqlDataReader.Throw(Exception ex)
   at MySql.Data.MySqlClient.MySqlDataReader.Read()
   at A1Carpentry.DBhelper.SqlHelper.GetPreTasksById(Int32 PreTaskID) in C:\Users\pc\source\repos\A1Carpentry MySql 04_04_19 (1)\A1Carpentry MySql 04_04_19\A1Carpentry\DBhelper\SqlHelper.cs:line 2263
[Saturday, May 23, 2020 12:22:24 PM] Error 8484 >> Error occured in GetPreTasksById Invalid attempt to Read when reader is closed.   at MySql.Data.MySqlClient.MySqlDataReader.Throw(Exception ex)
   at MySql.Data.MySqlClient.MySqlDataReader.Read()
   at A1Carpentry.DBhelper.SqlHelper.GetPreTasksById(Int32 PreTaskID) in C:\Users\pc\source\repos\A1Carpentry MySql 04_04_19 (1)\A1Carpentry MySql 04_04_19\A1Carpentry\DBhelper\SqlHelper.cs:line 2263
[Saturday, May 23, 2020 12:22:37 PM] Error 8484 >> Error occured in GetPreTasksById Invalid attempt to Read when reader is closed.   at MySql.Data.MySqlClient.MySqlDataReader.Throw(Exception ex)
   at MySql.Data.MySqlClient.MySqlDataReader.Read()
   at A1Carpentry.DBhelper.SqlHelper.GetPreTasksById(Int32 PreTaskID) in C:\Users\pc\source\repos\A1Carpentry MySql 04_04_19 (1)\A1Carpentry MySql 04_04_19\A1Carpentry\DBhelper\SqlHelper.cs:line 2263
[Saturday, May 23, 2020 12:26:24 PM] Error 8484 >> Error occured in GetPreTasksById Invalid attempt to Read when reader is closed.   at MySql.Data.MySqlClient.MySqlDataReader.Throw(Exception ex)
   at MySql.Data.MySqlClient.MySqlDataReader.Read()
   at A1Carpentry.DBhelper.SqlHelper.GetPreTasksById(Int32 PreTaskID) in C:\Users\pc\source\repos\A1Carpentry MySql 04_04_19 (1)\A1Carpentry MySql 04_04_19\A1Carpentry\DBhelper\SqlHelper.cs:line 2263
[Saturday, May 23, 2020 12:26:44 PM] Error 8484 >> Error occured in GetPreTasksById Invalid attempt to Read when reader is closed.   at MySql.Data.MySqlClient.MySqlDataReader.Throw(Exception ex)
   at MySql.Data.MySqlClient.MySqlDataReader.Read()
   at A1Carpentry.DBhelper.SqlHelper.GetPreTasksById(Int32 PreTaskID) in C:\Users\pc\source\repos\A1Carpentry MySql 04_04_19 (1)\A1Carpentry MySql 04_04_19\A1Carpentry\DBhelper\SqlHelper.cs:line 2263
[Saturday, May 23, 2020 12:26:54 PM] Error 8484 >> Error occured in GetPreTasksById Invalid attempt to Read when reader is closed.   at MySql.Data.MySqlClient.MySqlDataReader.Throw(Exception ex)
   at MySql.Data.MySqlClient.MySqlDataReader.Read()
   at A1Carpentry.DBhelper.SqlHelper.GetPreTasksById(Int32 PreTaskID) in C:\Users\pc\source\repos\A1Carpentry MySql 04_04_19 (1)\A1Carpentry MySql 04_04_19\A1Carpentry\DBhelper\SqlHelper.cs:line 2263
[Saturday, May 23, 2020 12:27:09 PM] Error 8484 >> Error occured in GetPreTasksById Invalid attempt to Read when reader is closed.   at MySql.Data.MySqlClient.MySqlDataReader.Throw(Exception ex)
   at MySql.Data.MySqlClient.MySqlDataReader.Read()
   at A1Carpentry.DBhelper.SqlHelper.GetPreTasksById(Int32 PreTaskID) in C:\Users\pc\source\repos\A1Carpentry MySql 04_04_19 (1)\A1Carpentry MySql 04_04_19\A1Carpentry\DBhelper\SqlHelper.cs:line 2263
[Saturday, May 23, 2020 12:32:40 PM] Error 8484 >> Error occured in GetPreTasksById Invalid attempt to Read when reader is closed.   at MySql.Data.MySqlClient.MySqlDataReader.Throw(Exception ex)
   at MySql.Data.MySqlClient.MySqlDataReader.Read()
   at A1Carpentry.DBhelper.SqlHelper.GetPreTasksById(Int32 PreTaskID) in C:\Users\pc\source\repos\A1Carpentry MySql 04_04_19 (1)\A1Carpentry MySql 04_04_19\A1Carpentry\DBhelper\SqlHelper.cs:line 2263
[Saturday, May 23, 2020 12:35:35 PM] Error 8484 >> Error occured in GetPreTasksById Invalid attempt to Read when reader is closed.   at MySql.Data.MySqlClient.MySqlDataReader.Throw(Exception ex)
   at MySql.Data.MySqlClient.MySqlDataReader.Read()
   at A1Carpentry.DBhelper.SqlHelper.GetPreTasksById(Int32 PreTaskID) in C:\Users\pc\source\repos\A1Carpentry MySql 04_04_19 (1)\A1Carpentry MySql 04_04_19\A1Carpentry\DBhelper\SqlHelper.cs:line 2263
[Saturday, May 23, 2020 12:37:13 PM] Error 8484 >> Error occured in GetPreTasksById Invalid attempt to Read when reader is closed.   at MySql.Data.MySqlClient.MySqlDataReader.Throw(Exception ex)
   at MySql.Data.MySqlClient.MySqlDataReader.Read()
   at A1Carpentry.DBhelper.SqlHelper.GetPreTasksById(Int32 PreTaskID) in C:\Users\pc\source\repos\A1Carpentry MySql 04_04_19 (1)\A1Carpentry MySql 04_04_19\A1Carpentry\DBhelper\SqlHelper.cs:line 2263
[Saturday, May 23, 2020 12:38:16 PM] Error 8484 >> Error occured in GetPreTasksById Invalid attempt to Read when reader is closed.   at MySql.Data.MySqlClient.MySqlDataReader.Throw(Exception ex)
   at MySql.Data.MySqlClient.MySqlDataReader.Read()
   at A1Carpentry.DBhelper.SqlHelper.GetPreTasksById(Int32 PreTaskID) in C:\Users\pc\source\repos\A1Carpentry MySql 04_04_19 (1)\A1Carpentry MySql 04_04_19\A1Carpentry\DBhelper\SqlHelper.cs:line 2263
[Saturday, May 23, 2020 12:39:57 PM] Error 8484 >> Error occured in GetPreTasksById Invalid attempt to Read when reader is closed.   at MySql.Data.MySqlClient.MySqlDataReader.Throw(Exception ex)
   at MySql.Data.MySqlClient.MySqlDataReader.Read()
   at A1Carpentry.DBhelper.SqlHelper.GetPreTasksById(Int32 PreTaskID) in C:\Users\pc\source\repos\A1Carpentry MySql 04_04_19 (1)\A1Carpentry MySql 04_04_19\A1Carpentry\DBhelper\SqlHelper.cs:line 2263
[Saturday, May 23, 2020 12:41:25 PM] Error 8484 >> Error occured in GetPreTasksById Invalid attempt to Read when reader is closed.   at MySql.Data.MySqlClient.MySqlDataReader.Throw(Exception ex)
   at MySql.Data.MySqlClient.MySqlDataReader.Read()
   at A1Carpentry.DBhelper.SqlHelper.GetPreTasksById(Int32 PreTaskID) in C:\Users\pc\source\repos\A1Carpentry MySql 04_04_19 (1)\A1Carpentry MySql 04_04_19\A1Carpentry\DBhelper\SqlHelper.cs:line 2263
[Saturday, May 23, 2020 12:42:46 PM] Error 8484 >> Error occured in GetPreTasksById Invalid attempt to Read when reader is closed.   at MySql.Data.MySqlClient.MySqlDataReader.Throw(Exception ex)
   at MySql.Data.MySqlClient.MySqlDataReader.Read()
   at A1Carpentry.DBhelper.SqlHelper.GetPreTasksById(Int32 PreTaskID) in C:\Users\pc\source\repos\A1Carpentry MySql 04_04_19 (1)\A1Carpentry MySql 04_04_19\A1Carpentry\DBhelper\SqlHelper.cs:line 2263
[Saturday, May 23, 2020 12:45:50 PM] Error 8484 >> Error occured in GetPreTasksById Invalid attempt to Read when reader is closed.   at MySql.Data.MySqlClient.MySqlDataReader.Throw(Exception ex)
   at MySql.Data.MySqlClient.MySqlDataReader.Read()
   at A1Carpentry.DBhelper.SqlHelper.GetPreTasksById(Int32 PreTaskID) in C:\Users\pc\source\repos\A1Carpentry MySql 04_04_19 (1)\A1Carpentry MySql 04_04_19\A1Carpentry\DBhelper\SqlHelper.cs:line 2263
[Saturday, May 23, 2020 12:47:25 PM] Error 8484 >> Error occured in GetPreTasksById Invalid attempt to Read when reader is closed.   at MySql.Data.MySqlClient.MySqlDataReader.Throw(Exception ex)
   at MySql.Data.MySqlClient.MySqlDataReader.Read()
   at A1Carpentry.DBhelper.SqlHelper.GetPreTasksById(Int32 PreTaskID) in C:\Users\pc\source\repos\A1Carpentry MySql 04_04_19 (1)\A1Carpentry MySql 04_04_19\A1Carpentry\DBhelper\SqlHelper.cs:line 2263
[Saturday, May 23, 2020 12:48:48 PM] Error 8484 >> Error occured in GetPreTasksById Invalid attempt to Read when reader is closed.   at MySql.Data.MySqlClient.MySqlDataReader.Throw(Exception ex)
   at MySql.Data.MySqlClient.MySqlDataReader.Read()
   at A1Carpentry.DBhelper.SqlHelper.GetPreTasksById(Int32 PreTaskID) in C:\Users\pc\source\repos\A1Carpentry MySql 04_04_19 (1)\A1Carpentry MySql 04_04_19\A1Carpentry\DBhelper\SqlHelper.cs:line 2263
[Saturday, May 23, 2020 12:55:58 PM] Error 8684 >> Error occured in GetPreTasksById Invalid attempt to Read when reader is closed.   at MySql.Data.MySqlClient.MySqlDataReader.Throw(Exception ex)
   at MySql.Data.MySqlClient.MySqlDataReader.Read()
   at A1Carpentry.DBhelper.SqlHelper.GetPreTasksById(Int32 PreTaskID) in C:\Users\pc\source\repos\A1Carpentry MySql 04_04_19 (1)\A1Carpentry MySql 04_04_19\A1Carpentry\DBhelper\SqlHelper.cs:line 2263
[Saturday, May 23, 2020 12:56:18 PM] Error 8684 >> Error occured in GetPreTasksById Invalid attempt to Read when reader is closed.   at MySql.Data.MySqlClient.MySqlDataReader.Throw(Exception ex)
   at MySql.Data.MySqlClient.MySqlDataReader.Read()
   at A1Carpentry.DBhelper.SqlHelper.GetPreTasksById(Int32 PreTaskID) in C:\Users\pc\source\repos\A1Carpentry MySql 04_04_19 (1)\A1Carpentry MySql 04_04_19\A1Carpentry\DBhelper\SqlHelper.cs:line 2263
[Saturday, May 23, 2020 12:57:28 PM] Error 8684 >> Error occured in GetPreTasksById Invalid attempt to Read when reader is closed.   at MySql.Data.MySqlClient.MySqlDataReader.Throw(Exception ex)
   at MySql.Data.MySqlClient.MySqlDataReader.Read()
   at A1Carpentry.DBhelper.SqlHelper.GetPreTasksById(Int32 PreTaskID) in C:\Users\pc\source\repos\A1Carpentry MySql 04_04_19 (1)\A1Carpentry MySql 04_04_19\A1Carpentry\DBhelper\SqlHelper.cs:line 2263
[Saturday, May 23, 2020 01:00:06 PM] Error 8684 >> Error occured in GetPreTasksById Invalid attempt to Read when reader is closed.   at MySql.Data.MySqlClient.MySqlDataReader.Throw(Exception ex)
   at MySql.Data.MySqlClient.MySqlDataReader.Read()
   at A1Carpentry.DBhelper.SqlHelper.GetPreTasksById(Int32 PreTaskID) in C:\Users\pc\source\repos\A1Carpentry MySql 04_04_19 (1)\A1Carpentry MySql 04_04_19\A1Carpentry\DBhelper\SqlHelper.cs:line 2263
[Saturday, May 23, 2020 01:00:15 PM] Error 8684 >> Error occured in GetPreTasksById Invalid attempt to Read when reader is closed.   at MySql.Data.MySqlClient.MySqlDataReader.Throw(Exception ex)
   at MySql.Data.MySqlClient.MySqlDataReader.Read()
   at A1Carpentry.DBhelper.SqlHelper.GetPreTasksById(Int32 PreTaskID) in C:\Users\pc\source\repos\A1Carpentry MySql 04_04_19 (1)\A1Carpentry MySql 04_04_19\A1Carpentry\DBhelper\SqlHelper.cs:line 2263
[Saturday, May 23, 2020 01:00:36 PM] Error 8684 >> Error occured in GetPreTasksById Invalid attempt to Read when reader is closed.   at MySql.Data.MySqlClient.MySqlDataReader.Throw(Exception ex)
   at MySql.Data.MySqlClient.MySqlDataReader.Read()
   at A1Carpentry.DBhelper.SqlHelper.GetPreTasksById(Int32 PreTaskID) in C:\Users\pc\source\repos\A1Carpentry MySql 04_04_19 (1)\A1Carpentry MySql 04_04_19\A1Carpentry\DBhelper\SqlHelper.cs:line 2263
[Saturday, May 23, 2020 01:01:21 PM] Error 8684 >> Error occured in GetPreTasksById Invalid attempt to Read when reader is closed.   at MySql.Data.MySqlClient.MySqlDataReader.Throw(Exception ex)
   at MySql.Data.MySqlClient.MySqlDataReader.Read()
   at A1Carpentry.DBhelper.SqlHelper.GetPreTasksById(Int32 PreTaskID) in C:\Users\pc\source\repos\A1Carpentry MySql 04_04_19 (1)\A1Carpentry MySql 04_04_19\A1Carpentry\DBhelper\SqlHelper.cs:line 2263
[Saturday, May 23, 2020 01:01:30 PM] Error 8684 >> Error occured in GetPreTasksById Invalid attempt to Read when reader is closed.   at MySql.Data.MySqlClient.MySqlDataReader.Throw(Exception ex)
   at MySql.Data.MySqlClient.MySqlDataReader.Read()
   at A1Carpentry.DBhelper.SqlHelper.GetPreTasksById(Int32 PreTaskID) in C:\Users\pc\source\repos\A1Carpentry MySql 04_04_19 (1)\A1Carpentry MySql 04_04_19\A1Carpentry\DBhelper\SqlHelper.cs:line 2263
[Saturday, May 23, 2020 01:02:23 PM] Error 8684 >> Error occured in GetPreTasksById Invalid attempt to Read when reader is closed.   at MySql.Data.MySqlClient.MySqlDataReader.Throw(Exception ex)
   at MySql.Data.MySqlClient.MySqlDataReader.Read()
   at A1Carpentry.DBhelper.SqlHelper.GetPreTasksById(Int32 PreTaskID) in C:\Users\pc\source\repos\A1Carpentry MySql 04_04_19 (1)\A1Carpentry MySql 04_04_19\A1Carpentry\DBhelper\SqlHelper.cs:line 2263
[Saturday, May 23, 2020 01:02:30 PM] Error 8684 >> Error occured in GetPreTasksById Invalid attempt to Read when reader is closed.   at MySql.Data.MySqlClient.MySqlDataReader.Throw(Exception ex)
   at MySql.Data.MySqlClient.MySqlDataReader.Read()
   at A1Carpentry.DBhelper.SqlHelper.GetPreTasksById(Int32 PreTaskID) in C:\Users\pc\source\repos\A1Carpentry MySql 04_04_19 (1)\A1Carpentry MySql 04_04_19\A1Carpentry\DBhelper\SqlHelper.cs:line 2263
[Saturday, May 23, 2020 01:02:39 PM] Error 8684 >> Error occured in GetPreTasksById Invalid attempt to Read when reader is closed.   at MySql.Data.MySqlClient.MySqlDataReader.Throw(Exception ex)
   at MySql.Data.MySqlClient.MySqlDataReader.Read()
   at A1Carpentry.DBhelper.SqlHelper.GetPreTasksById(Int32 PreTaskID) in C:\Users\pc\source\repos\A1Carpentry MySql 04_04_19 (1)\A1Carpentry MySql 04_04_19\A1Carpentry\DBhelper\SqlHelper.cs:line 2263
[Saturday, May 23, 2020 01:06:34 PM] Error 8684 >> Error occured in GetPreTasksById Invalid attempt to Read when reader is closed.   at MySql.Data.MySqlClient.MySqlDataReader.Throw(Exception ex)
   at MySql.Data.MySqlClient.MySqlDataReader.Read()
   at A1Carpentry.DBhelper.SqlHelper.GetPreTasksById(Int32 PreTaskID) in C:\Users\pc\source\repos\A1Carpentry MySql 04_04_19 (1)\A1Carpentry MySql 04_04_19\A1Carpentry\DBhelper\SqlHelper.cs:line 2263
[Saturday, May 23, 2020 01:06:47 PM] Error 8684 >> Error occured in GetPreTasksById Invalid attempt to Read when reader is closed.   at MySql.Data.MySqlClient.MySqlDataReader.Throw(Exception ex)
   at MySql.Data.MySqlClient.MySqlDataReader.Read()
   at A1Carpentry.DBhelper.SqlHelper.GetPreTasksById(Int32 PreTaskID) in C:\Users\pc\source\repos\A1Carpentry MySql 04_04_19 (1)\A1Carpentry MySql 04_04_19\A1Carpentry\DBhelper\SqlHelper.cs:line 2263
[Saturday, May 23, 2020 01:07:57 PM] Error 8684 >> Error occured in GetPreTasksById Invalid attempt to Read when reader is closed.   at MySql.Data.MySqlClient.MySqlDataReader.Throw(Exception ex)
   at MySql.Data.MySqlClient.MySqlDataReader.Read()
   at A1Carpentry.DBhelper.SqlHelper.GetPreTasksById(Int32 PreTaskID) in C:\Users\pc\source\repos\A1Carpentry MySql 04_04_19 (1)\A1Carpentry MySql 04_04_19\A1Carpentry\DBhelper\SqlHelper.cs:line 2263
[Saturday, May 23, 2020 01:08:06 PM] Error 8684 >> Error occured in GetPreTasksById Invalid attempt to Read when reader is closed.   at MySql.Data.MySqlClient.MySqlDataReader.Throw(Exception ex)
   at MySql.Data.MySqlClient.MySqlDataReader.Read()
   at A1Carpentry.DBhelper.SqlHelper.GetPreTasksById(Int32 PreTaskID) in C:\Users\pc\source\repos\A1Carpentry MySql 04_04_19 (1)\A1Carpentry MySql 04_04_19\A1Carpentry\DBhelper\SqlHelper.cs:line 2263
[Saturday, May 23, 2020 01:10:43 PM] Error 8684 >> Error occured in GetPreTasksById Invalid attempt to Read when reader is closed.   at MySql.Data.MySqlClient.MySqlDataReader.Throw(Exception ex)
   at MySql.Data.MySqlClient.MySqlDataReader.Read()
   at A1Carpentry.DBhelper.SqlHelper.GetPreTasksById(Int32 PreTaskID) in C:\Users\pc\source\repos\A1Carpentry MySql 04_04_19 (1)\A1Carpentry MySql 04_04_19\A1Carpentry\DBhelper\SqlHelper.cs:line 2263
[Saturday, May 23, 2020 01:10:53 PM] Error 8684 >> Error occured in GetPreTasksById Invalid attempt to Read when reader is closed.   at MySql.Data.MySqlClient.MySqlDataReader.Throw(Exception ex)
   at MySql.Data.MySqlClient.MySqlDataReader.Read()
   at A1Carpentry.DBhelper.SqlHelper.GetPreTasksById(Int32 PreTaskID) in C:\Users\pc\source\repos\A1Carpentry MySql 04_04_19 (1)\A1Carpentry MySql 04_04_19\A1Carpentry\DBhelper\SqlHelper.cs:line 2263
[Saturday, May 23, 2020 01:11:02 PM] Error 8684 >> Error occured in GetPreTasksById Invalid attempt to Read when reader is closed.   at MySql.Data.MySqlClient.MySqlDataReader.Throw(Exception ex)
   at MySql.Data.MySqlClient.MySqlDataReader.Read()
   at A1Carpentry.DBhelper.SqlHelper.GetPreTasksById(Int32 PreTaskID) in C:\Users\pc\source\repos\A1Carpentry MySql 04_04_19 (1)\A1Carpentry MySql 04_04_19\A1Carpentry\DBhelper\SqlHelper.cs:line 2263
[Saturday, May 23, 2020 01:12:02 PM] Error 8684 >> Error occured in GetPreTasksById Invalid attempt to Read when reader is closed.   at MySql.Data.MySqlClient.MySqlDataReader.Throw(Exception ex)
   at MySql.Data.MySqlClient.MySqlDataReader.Read()
   at A1Carpentry.DBhelper.SqlHelper.GetPreTasksById(Int32 PreTaskID) in C:\Users\pc\source\repos\A1Carpentry MySql 04_04_19 (1)\A1Carpentry MySql 04_04_19\A1Carpentry\DBhelper\SqlHelper.cs:line 2263
[Saturday, May 23, 2020 01:12:22 PM] Error 8684 >> Error occured in GetPreTasksById Invalid attempt to Read when reader is closed.   at MySql.Data.MySqlClient.MySqlDataReader.Throw(Exception ex)
   at MySql.Data.MySqlClient.MySqlDataReader.Read()
   at A1Carpentry.DBhelper.SqlHelper.GetPreTasksById(Int32 PreTaskID) in C:\Users\pc\source\repos\A1Carpentry MySql 04_04_19 (1)\A1Carpentry MySql 04_04_19\A1Carpentry\DBhelper\SqlHelper.cs:line 2263
[Saturday, May 23, 2020 01:13:48 PM] Error 8684 >> Error occured in GetPreTasksById Invalid attempt to Read when reader is closed.   at MySql.Data.MySqlClient.MySqlDataReader.Throw(Exception ex)
   at MySql.Data.MySqlClient.MySqlDataReader.Read()
   at A1Carpentry.DBhelper.SqlHelper.GetPreTasksById(Int32 PreTaskID) in C:\Users\pc\source\repos\A1Carpentry MySql 04_04_19 (1)\A1Carpentry MySql 04_04_19\A1Carpentry\DBhelper\SqlHelper.cs:line 2263
[Saturday, May 23, 2020 01:14:40 PM] Error 8684 >> Error occured in GetPreTasksById Invalid attempt to Read when reader is closed.   at MySql.Data.MySqlClient.MySqlDataReader.Throw(Exception ex)
   at MySql.Data.MySqlClient.MySqlDataReader.Read()
   at A1Carpentry.DBhelper.SqlHelper.GetPreTasksById(Int32 PreTaskID) in C:\Users\pc\source\repos\A1Carpentry MySql 04_04_19 (1)\A1Carpentry MySql 04_04_19\A1Carpentry\DBhelper\SqlHelper.cs:line 2263
[Saturday, May 23, 2020 01:19:48 PM] Error 8684 >> Error occured in GetPreTasksById Invalid attempt to Read when reader is closed.   at MySql.Data.MySqlClient.MySqlDataReader.Throw(Exception ex)
   at MySql.Data.MySqlClient.MySqlDataReader.Read()
   at A1Carpentry.DBhelper.SqlHelper.GetPreTasksById(Int32 PreTaskID) in C:\Users\pc\source\repos\A1Carpentry MySql 04_04_19 (1)\A1Carpentry MySql 04_04_19\A1Carpentry\DBhelper\SqlHelper.cs:line 2263
[Saturday, May 23, 2020 01:19:58 PM] Error 8684 >> Error occured in GetPreTasksById Invalid attempt to Read when reader is closed.   at MySql.Data.MySqlClient.MySqlDataReader.Throw(Exception ex)
   at MySql.Data.MySqlClient.MySqlDataReader.Read()
   at A1Carpentry.DBhelper.SqlHelper.GetPreTasksById(Int32 PreTaskID) in C:\Users\pc\source\repos\A1Carpentry MySql 04_04_19 (1)\A1Carpentry MySql 04_04_19\A1Carpentry\DBhelper\SqlHelper.cs:line 2263
[Saturday, May 23, 2020 01:20:08 PM] Error 8684 >> Error occured in GetPreTasksById Invalid attempt to Read when reader is closed.   at MySql.Data.MySqlClient.MySqlDataReader.Throw(Exception ex)
   at MySql.Data.MySqlClient.MySqlDataReader.Read()
   at A1Carpentry.DBhelper.SqlHelper.GetPreTasksById(Int32 PreTaskID) in C:\Users\pc\source\repos\A1Carpentry MySql 04_04_19 (1)\A1Carpentry MySql 04_04_19\A1Carpentry\DBhelper\SqlHelper.cs:line 2263
[Saturday, May 23, 2020 01:28:55 PM] Error 8684 >> Error occured in GetPreTasksById Invalid attempt to Read when reader is closed.   at MySql.Data.MySqlClient.MySqlDataReader.Throw(Exception ex)
   at MySql.Data.MySqlClient.MySqlDataReader.Read()
   at A1Carpentry.DBhelper.SqlHelper.GetPreTasksById(Int32 PreTaskID) in C:\Users\pc\source\repos\A1Carpentry MySql 04_04_19 (1)\A1Carpentry MySql 04_04_19\A1Carpentry\DBhelper\SqlHelper.cs:line 2263
[Saturday, May 23, 2020 01:29:07 PM] Error 8684 >> Error occured in GetPreTasksById Invalid attempt to Read when reader is closed.   at MySql.Data.MySqlClient.MySqlDataReader.Throw(Exception ex)
   at MySql.Data.MySqlClient.MySqlDataReader.Read()
   at A1Carpentry.DBhelper.SqlHelper.GetPreTasksById(Int32 PreTaskID) in C:\Users\pc\source\repos\A1Carpentry MySql 04_04_19 (1)\A1Carpentry MySql 04_04_19\A1Carpentry\DBhelper\SqlHelper.cs:line 2263
[Saturday, May 23, 2020 01:29:22 PM] Error 8684 >> Error occured in GetPreTasksById Invalid attempt to Read when reader is closed.   at MySql.Data.MySqlClient.MySqlDataReader.Throw(Exception ex)
   at MySql.Data.MySqlClient.MySqlDataReader.Read()
   at A1Carpentry.DBhelper.SqlHelper.GetPreTasksById(Int32 PreTaskID) in C:\Users\pc\source\repos\A1Carpentry MySql 04_04_19 (1)\A1Carpentry MySql 04_04_19\A1Carpentry\DBhelper\SqlHelper.cs:line 2263
[Saturday, May 23, 2020 01:30:25 PM] Error 8684 >> Error occured in GetPreTasksById Invalid attempt to Read when reader is closed.   at MySql.Data.MySqlClient.MySqlDataReader.Throw(Exception ex)
   at MySql.Data.MySqlClient.MySqlDataReader.Read()
   at A1Carpentry.DBhelper.SqlHelper.GetPreTasksById(Int32 PreTaskID) in C:\Users\pc\source\repos\A1Carpentry MySql 04_04_19 (1)\A1Carpentry MySql 04_04_19\A1Carpentry\DBhelper\SqlHelper.cs:line 2263
[Saturday, May 23, 2020 01:30:35 PM] Error 8684 >> Error occured in GetPreTasksById Invalid attempt to Read when reader is closed.   at MySql.Data.MySqlClient.MySqlDataReader.Throw(Exception ex)
   at MySql.Data.MySqlClient.MySqlDataReader.Read()
   at A1Carpentry.DBhelper.SqlHelper.GetPreTasksById(Int32 PreTaskID) in C:\Users\pc\source\repos\A1Carpentry MySql 04_04_19 (1)\A1Carpentry MySql 04_04_19\A1Carpentry\DBhelper\SqlHelper.cs:line 2263
[Saturday, May 23, 2020 01:30:44 PM] Error 8684 >> Error occured in GetPreTasksById Invalid attempt to Read when reader is closed.   at MySql.Data.MySqlClient.MySqlDataReader.Throw(Exception ex)
   at MySql.Data.MySqlClient.MySqlDataReader.Read()
   at A1Carpentry.DBhelper.SqlHelper.GetPreTasksById(Int32 PreTaskID) in C:\Users\pc\source\repos\A1Carpentry MySql 04_04_19 (1)\A1Carpentry MySql 04_04_19\A1Carpentry\DBhelper\SqlHelper.cs:line 2263
[Saturday, May 23, 2020 01:30:55 PM] Error 8684 >> Error occured in GetPreTasksById Invalid attempt to Read when reader is closed.   at MySql.Data.MySqlClient.MySqlDataReader.Throw(Exception ex)
   at MySql.Data.MySqlClient.MySqlDataReader.Read()
   at A1Carpentry.DBhelper.SqlHelper.GetPreTasksById(Int32 PreTaskID) in C:\Users\pc\source\repos\A1Carpentry MySql 04_04_19 (1)\A1Carpentry MySql 04_04_19\A1Carpentry\DBhelper\SqlHelper.cs:line 2263
[Saturday, May 23, 2020 01:31:05 PM] Error 8684 >> Error occured in GetPreTasksById Invalid attempt to Read when reader is closed.   at MySql.Data.MySqlClient.MySqlDataReader.Throw(Exception ex)
   at MySql.Data.MySqlClient.MySqlDataReader.Read()
   at A1Carpentry.DBhelper.SqlHelper.GetPreTasksById(Int32 PreTaskID) in C:\Users\pc\source\repos\A1Carpentry MySql 04_04_19 (1)\A1Carpentry MySql 04_04_19\A1Carpentry\DBhelper\SqlHelper.cs:line 2263
[Saturday, May 23, 2020 01:31:52 PM] Error 8684 >> Error occured in GetPreTasksById Invalid attempt to Read when reader is closed.   at MySql.Data.MySqlClient.MySqlDataReader.Throw(Exception ex)
   at MySql.Data.MySqlClient.MySqlDataReader.Read()
   at A1Carpentry.DBhelper.SqlHelper.GetPreTasksById(Int32 PreTaskID) in C:\Users\pc\source\repos\A1Carpentry MySql 04_04_19 (1)\A1Carpentry MySql 04_04_19\A1Carpentry\DBhelper\SqlHelper.cs:line 2263
[Saturday, May 23, 2020 01:32:35 PM] Error 8684 >> Error occured in GetPreTasksById Invalid attempt to Read when reader is closed.   at MySql.Data.MySqlClient.MySqlDataReader.Throw(Exception ex)
   at MySql.Data.MySqlClient.MySqlDataReader.Read()
   at A1Carpentry.DBhelper.SqlHelper.GetPreTasksById(Int32 PreTaskID) in C:\Users\pc\source\repos\A1Carpentry MySql 04_04_19 (1)\A1Carpentry MySql 04_04_19\A1Carpentry\DBhelper\SqlHelper.cs:line 2263
[Saturday, May 23, 2020 01:32:41 PM] Error 8684 >> Error occured in GetPreTasksById Invalid attempt to Read when reader is closed.   at MySql.Data.MySqlClient.MySqlDataReader.Throw(Exception ex)
   at MySql.Data.MySqlClient.MySqlDataReader.Read()
   at A1Carpentry.DBhelper.SqlHelper.GetPreTasksById(Int32 PreTaskID) in C:\Users\pc\source\repos\A1Carpentry MySql 04_04_19 (1)\A1Carpentry MySql 04_04_19\A1Carpentry\DBhelper\SqlHelper.cs:line 2263
[Saturday, May 23, 2020 01:32:51 PM] Error 8684 >> Error occured in GetPreTasksById Invalid attempt to Read when reader is closed.   at MySql.Data.MySqlClient.MySqlDataReader.Throw(Exception ex)
   at MySql.Data.MySqlClient.MySqlDataReader.Read()
   at A1Carpentry.DBhelper.SqlHelper.GetPreTasksById(Int32 PreTaskID) in C:\Users\pc\source\repos\A1Carpentry MySql 04_04_19 (1)\A1Carpentry MySql 04_04_19\A1Carpentry\DBhelper\SqlHelper.cs:line 2263
[Saturday, May 23, 2020 01:32:58 PM] Error 8684 >> Error occured in GetPreTasksById Invalid attempt to Read when reader is closed.   at MySql.Data.MySqlClient.MySqlDataReader.Throw(Exception ex)
   at MySql.Data.MySqlClient.MySqlDataReader.Read()
   at A1Carpentry.DBhelper.SqlHelper.GetPreTasksById(Int32 PreTaskID) in C:\Users\pc\source\repos\A1Carpentry MySql 04_04_19 (1)\A1Carpentry MySql 04_04_19\A1Carpentry\DBhelper\SqlHelper.cs:line 2263
[Saturday, May 23, 2020 01:33:04 PM] Error 8684 >> Error occured in GetPreTasksById Invalid attempt to Read when reader is closed.   at MySql.Data.MySqlClient.MySqlDataReader.Throw(Exception ex)
   at MySql.Data.MySqlClient.MySqlDataReader.Read()
   at A1Carpentry.DBhelper.SqlHelper.GetPreTasksById(Int32 PreTaskID) in C:\Users\pc\source\repos\A1Carpentry MySql 04_04_19 (1)\A1Carpentry MySql 04_04_19\A1Carpentry\DBhelper\SqlHelper.cs:line 2263
[Saturday, May 23, 2020 01:41:10 PM] Error 20240 >> Error occured in GetPreTasksById Invalid attempt to Read when reader is closed.   at MySql.Data.MySqlClient.MySqlDataReader.Throw(Exception ex)
   at MySql.Data.MySqlClient.MySqlDataReader.Read()
   at A1Carpentry.DBhelper.SqlHelper.GetPreTasksById(Int32 PreTaskID) in C:\Users\pc\source\repos\A1Carpentry MySql 04_04_19 (1)\A1Carpentry MySql 04_04_19\A1Carpentry\DBhelper\SqlHelper.cs:line 2263
[Saturday, May 23, 2020 01:41:17 PM] Error 20240 >> Error occured in GetPreTasksById Invalid attempt to Read when reader is closed.   at MySql.Data.MySqlClient.MySqlDataReader.Throw(Exception ex)
   at MySql.Data.MySqlClient.MySqlDataReader.Read()
   at A1Carpentry.DBhelper.SqlHelper.GetPreTasksById(Int32 PreTaskID) in C:\Users\pc\source\repos\A1Carpentry MySql 04_04_19 (1)\A1Carpentry MySql 04_04_19\A1Carpentry\DBhelper\SqlHelper.cs:line 2263
[Saturday, May 23, 2020 01:41:26 PM] Error 20240 >> Error occured in GetPreTasksById Invalid attempt to Read when reader is closed.   at MySql.Data.MySqlClient.MySqlDataReader.Throw(Exception ex)
   at MySql.Data.MySqlClient.MySqlDataReader.Read()
   at A1Carpentry.DBhelper.SqlHelper.GetPreTasksById(Int32 PreTaskID) in C:\Users\pc\source\repos\A1Carpentry MySql 04_04_19 (1)\A1Carpentry MySql 04_04_19\A1Carpentry\DBhelper\SqlHelper.cs:line 2263
[Saturday, May 23, 2020 01:41:33 PM] Error 20240 >> Error occured in GetPreTasksById Invalid attempt to Read when reader is closed.   at MySql.Data.MySqlClient.MySqlDataReader.Throw(Exception ex)
   at MySql.Data.MySqlClient.MySqlDataReader.Read()
   at A1Carpentry.DBhelper.SqlHelper.GetPreTasksById(Int32 PreTaskID) in C:\Users\pc\source\repos\A1Carpentry MySql 04_04_19 (1)\A1Carpentry MySql 04_04_19\A1Carpentry\DBhelper\SqlHelper.cs:line 2263
[Saturday, May 23, 2020 09:07:50 PM] Error 10932 >> Error occured in GetPreTasksById Invalid attempt to Read when reader is closed.   at MySql.Data.MySqlClient.MySqlDataReader.Throw(Exception ex)
   at MySql.Data.MySqlClient.MySqlDataReader.Read()
   at A1Carpentry.DBhelper.SqlHelper.GetPreTasksById(Int32 PreTaskID) in C:\Users\pc\source\repos\A1Carpentry MySql 04_04_19 (1)\A1Carpentry MySql 04_04_19\A1Carpentry\DBhelper\SqlHelper.cs:line 2263
[Saturday, May 23, 2020 09:07:55 PM] Error 10932 >> Error occured in GetPreTasksById Invalid attempt to Read when reader is closed.   at MySql.Data.MySqlClient.MySqlDataReader.Throw(Exception ex)
   at MySql.Data.MySqlClient.MySqlDataReader.Read()
   at A1Carpentry.DBhelper.SqlHelper.GetPreTasksById(Int32 PreTaskID) in C:\Users\pc\source\repos\A1Carpentry MySql 04_04_19 (1)\A1Carpentry MySql 04_04_19\A1Carpentry\DBhelper\SqlHelper.cs:line 2263
[Saturday, May 23, 2020 09:08:06 PM] Error 10932 >> Error occured in GetPreTasksById Invalid attempt to Read when reader is closed.   at MySql.Data.MySqlClient.MySqlDataReader.Throw(Exception ex)
   at MySql.Data.MySqlClient.MySqlDataReader.Read()
   at A1Carpentry.DBhelper.SqlHelper.GetPreTasksById(Int32 PreTaskID) in C:\Users\pc\source\repos\A1Carpentry MySql 04_04_19 (1)\A1Carpentry MySql 04_04_19\A1Carpentry\DBhelper\SqlHelper.cs:line 2263
[Saturday, May 23, 2020 09:17:30 PM] Error 10932 >> Error occured in GetPreTasksById Invalid attempt to Read when reader is closed.   at MySql.Data.MySqlClient.MySqlDataReader.Throw(Exception ex)
   at MySql.Data.MySqlClient.MySqlDataReader.Read()
   at A1Carpentry.DBhelper.SqlHelper.GetPreTasksById(Int32 PreTaskID) in C:\Users\pc\source\repos\A1Carpentry MySql 04_04_19 (1)\A1Carpentry MySql 04_04_19\A1Carpentry\DBhelper\SqlHelper.cs:line 2263
[Saturday, May 23, 2020 09:27:18 PM] Error 10932 >> Error occured in GetPreTasksById Invalid attempt to Read when reader is closed.   at MySql.Data.MySqlClient.MySqlDataReader.Throw(Exception ex)
   at MySql.Data.MySqlClient.MySqlDataReader.Read()
   at A1Carpentry.DBhelper.SqlHelper.GetPreTasksById(Int32 PreTaskID) in C:\Users\pc\source\repos\A1Carpentry MySql 04_04_19 (1)\A1Carpentry MySql 04_04_19\A1Carpentry\DBhelper\SqlHelper.cs:line 2263
[Saturday, May 23, 2020 09:27:21 PM] Error 10932 >> Error occured in GetPreTasksById Invalid attempt to Read when reader is closed.   at MySql.Data.MySqlClient.MySqlDataReader.Throw(Exception ex)
   at MySql.Data.MySqlClient.MySqlDataReader.Read()
   at A1Carpentry.DBhelper.SqlHelper.GetPreTasksById(Int32 PreTaskID) in C:\Users\pc\source\repos\A1Carpentry MySql 04_04_19 (1)\A1Carpentry MySql 04_04_19\A1Carpentry\DBhelper\SqlHelper.cs:line 2263
[Saturday, May 23, 2020 09:31:20 PM] Error 10932 >> Error occured in GetPreTasksById Invalid attempt to Read when reader is closed.   at MySql.Data.MySqlClient.MySqlDataReader.Throw(Exception ex)
   at MySql.Data.MySqlClient.MySqlDataReader.Read()
   at A1Carpentry.DBhelper.SqlHelper.GetPreTasksById(Int32 PreTaskID) in C:\Users\pc\source\repos\A1Carpentry MySql 04_04_19 (1)\A1Carpentry MySql 04_04_19\A1Carpentry\DBhelper\SqlHelper.cs:line 2263
[Saturday, May 23, 2020 09:31:23 PM] Error 10932 >> Error occured in GetPreTasksById Invalid attempt to Read when reader is closed.   at MySql.Data.MySqlClient.MySqlDataReader.Throw(Exception ex)
   at MySql.Data.MySqlClient.MySqlDataReader.Read()
   at A1Carpentry.DBhelper.SqlHelper.GetPreTasksById(Int32 PreTaskID) in C:\Users\pc\source\repos\A1Carpentry MySql 04_04_19 (1)\A1Carpentry MySql 04_04_19\A1Carpentry\DBhelper\SqlHelper.cs:line 2263
[Saturday, May 23, 2020 10:39:03 PM] Error 4168 >> Error occured in GetPreTasksById Invalid attempt to Read when reader is closed.   at MySql.Data.MySqlClient.MySqlDataReader.Throw(Exception ex)
   at MySql.Data.MySqlClient.MySqlDataReader.Read()
   at A1Carpentry.DBhelper.SqlHelper.GetPreTasksById(Int32 PreTaskID) in C:\Users\pc\source\repos\A1Carpentry MySql 04_04_19 (1)\A1Carpentry MySql 04_04_19\A1Carpentry\DBhelper\SqlHelper.cs:line 2263
[Saturday, May 23, 2020 10:39:06 PM] Error 4168 >> Error occured in GetPreTasksById Invalid attempt to Read when reader is closed.   at MySql.Data.MySqlClient.MySqlDataReader.Throw(Exception ex)
   at MySql.Data.MySqlClient.MySqlDataReader.Read()
   at A1Carpentry.DBhelper.SqlHelper.GetPreTasksById(Int32 PreTaskID) in C:\Users\pc\source\repos\A1Carpentry MySql 04_04_19 (1)\A1Carpentry MySql 04_04_19\A1Carpentry\DBhelper\SqlHelper.cs:line 2263
[Saturday, May 23, 2020 10:43:28 PM] Error 4168 >> Error occured in GetPreTasksById Invalid attempt to Read when reader is closed.   at MySql.Data.MySqlClient.MySqlDataReader.Throw(Exception ex)
   at MySql.Data.MySqlClient.MySqlDataReader.Read()
   at A1Carpentry.DBhelper.SqlHelper.GetPreTasksById(Int32 PreTaskID) in C:\Users\pc\source\repos\A1Carpentry MySql 04_04_19 (1)\A1Carpentry MySql 04_04_19\A1Carpentry\DBhelper\SqlHelper.cs:line 2263
[Saturday, May 23, 2020 10:43:32 PM] Error 4168 >> Error occured in GetPreTasksById Invalid attempt to Read when reader is closed.   at MySql.Data.MySqlClient.MySqlDataReader.Throw(Exception ex)
   at MySql.Data.MySqlClient.MySqlDataReader.Read()
   at A1Carpentry.DBhelper.SqlHelper.GetPreTasksById(Int32 PreTaskID) in C:\Users\pc\source\repos\A1Carpentry MySql 04_04_19 (1)\A1Carpentry MySql 04_04_19\A1Carpentry\DBhelper\SqlHelper.cs:line 2263
[Saturday, May 23, 2020 11:21:51 PM] Error 5108 >> Error occured in GetPreTasksById Invalid attempt to Read when reader is closed.   at MySql.Data.MySqlClient.MySqlDataReader.Throw(Exception ex)
   at MySql.Data.MySqlClient.MySqlDataReader.Read()
   at A1Carpentry.DBhelper.SqlHelper.GetPreTasksById(Int32 PreTaskID) in C:\Users\pc\source\repos\A1Carpentry MySql 04_04_19 (1)\A1Carpentry MySql 04_04_19\A1Carpentry\DBhelper\SqlHelper.cs:line 2263
[Saturday, May 23, 2020 11:21:55 PM] Error 5108 >> Error occured in GetPreTasksById Invalid attempt to Read when reader is closed.   at MySql.Data.MySqlClient.MySqlDataReader.Throw(Exception ex)
   at MySql.Data.MySqlClient.MySqlDataReader.Read()
   at A1Carpentry.DBhelper.SqlHelper.GetPreTasksById(Int32 PreTaskID) in C:\Users\pc\source\repos\A1Carpentry MySql 04_04_19 (1)\A1Carpentry MySql 04_04_19\A1Carpentry\DBhelper\SqlHelper.cs:line 2263
