Logs for: A1Carpentry , A1Carpentry
[Monday, April 20, 2020 12:00:09 AM] Error 15024 >> Exception occured in : GetJobProfileSummary Object cannot be cast from DBNull to other types.   at System.DBNull.System.IConvertible.ToDateTime(IFormatProvider provider)
   at System.Convert.ToDateTime(Object value)
   at A1Carpentry.DBhelper.SqlHelper.GetJobProfileSummary() in C:\Users\pc\source\repos\A1Carpentry MySql 04_04_19 (1)\A1Carpentry MySql 04_04_19\A1Carpentry\DBhelper\SqlHelper.cs:line 1551
[Monday, April 20, 2020 12:00:25 AM] Error 15024 >> Error occured in ReasonSubmit (JsonResult)Mailbox name not allowed. The server response was: Relaying disallowed as support@a1carpentryinc.com   at System.Net.Mail.DataStopCommand.CheckResponse(SmtpStatusCode statusCode, String serverResponse)
   at System.Net.Mail.DataStopCommand.Send(SmtpConnection conn)
   at System.Net.Mail.SmtpConnection.OnClose(Object sender, EventArgs args)
   at System.Net.ClosableStream.Close()
   at System.Net.Mail.MailWriter.Close()
   at System.Net.Mail.SmtpClient.Send(MailMessage message)
   at A1Carpentry.Controllers.SupervisorController.SendEmail(String email, String firstName, String lastName, String status, String jobNumber) in C:\Users\pc\source\repos\A1Carpentry MySql 04_04_19 (1)\A1Carpentry MySql 04_04_19\A1Carpentry\Controllers\SupervisorController.cs:line 567
   at A1Carpentry.Controllers.SupervisorController.ReasonSubmit(String Reason, String JobDId) in C:\Users\pc\source\repos\A1Carpentry MySql 04_04_19 (1)\A1Carpentry MySql 04_04_19\A1Carpentry\Controllers\SupervisorController.cs:line 289
[Monday, April 20, 2020 12:00:49 AM] Error 15024 >> Exception occured in : GetJobProfileSummary Object cannot be cast from DBNull to other types.   at System.DBNull.System.IConvertible.ToDateTime(IFormatProvider provider)
   at System.Convert.ToDateTime(Object value)
   at A1Carpentry.DBhelper.SqlHelper.GetJobProfileSummary() in C:\Users\pc\source\repos\A1Carpentry MySql 04_04_19 (1)\A1Carpentry MySql 04_04_19\A1Carpentry\DBhelper\SqlHelper.cs:line 1551
[Monday, April 20, 2020 12:00:59 AM] Error 15024 >> Error occured in ReasonSubmit (JsonResult)Mailbox name not allowed. The server response was: Relaying disallowed as support@a1carpentryinc.com   at System.Net.Mail.DataStopCommand.CheckResponse(SmtpStatusCode statusCode, String serverResponse)
   at System.Net.Mail.DataStopCommand.Send(SmtpConnection conn)
   at System.Net.Mail.SmtpConnection.OnClose(Object sender, EventArgs args)
   at System.Net.ClosableStream.Close()
   at System.Net.Mail.MailWriter.Close()
   at System.Net.Mail.SmtpClient.Send(MailMessage message)
   at A1Carpentry.Controllers.SupervisorController.SendEmail(String email, String firstName, String lastName, String status, String jobNumber) in C:\Users\pc\source\repos\A1Carpentry MySql 04_04_19 (1)\A1Carpentry MySql 04_04_19\A1Carpentry\Controllers\SupervisorController.cs:line 567
   at A1Carpentry.Controllers.SupervisorController.ReasonSubmit(String Reason, String JobDId) in C:\Users\pc\source\repos\A1Carpentry MySql 04_04_19 (1)\A1Carpentry MySql 04_04_19\A1Carpentry\Controllers\SupervisorController.cs:line 289
[Monday, April 20, 2020 02:41:16 PM] Information 8772 >> count 0 in jobNumber (Job)
[Monday, April 20, 2020 02:41:23 PM] Error 8772 >> Exception occured in : GetJobProfileSummary Object cannot be cast from DBNull to other types.   at System.DBNull.System.IConvertible.ToDateTime(IFormatProvider provider)
   at System.Convert.ToDateTime(Object value)
   at A1Carpentry.DBhelper.SqlHelper.GetJobProfileSummary() in C:\Users\pc\source\repos\A1Carpentry MySql 04_04_19 (1)\A1Carpentry MySql 04_04_19\A1Carpentry\DBhelper\SqlHelper.cs:line 1551
[Monday, April 20, 2020 03:12:37 PM] Information 19772 >> count 0 in jobNumber (Job)
[Monday, April 20, 2020 03:12:44 PM] Error 19772 >> Exception occured in : GetJobProfileSummary Object cannot be cast from DBNull to other types.   at System.DBNull.System.IConvertible.ToDateTime(IFormatProvider provider)
   at System.Convert.ToDateTime(Object value)
   at A1Carpentry.DBhelper.SqlHelper.GetJobProfileSummary() in C:\Users\pc\source\repos\A1Carpentry MySql 04_04_19 (1)\A1Carpentry MySql 04_04_19\A1Carpentry\DBhelper\SqlHelper.cs:line 1551
[Monday, April 20, 2020 03:22:06 PM] Error 16752 >> Error occured in JobTypesList Reading from the stream has failed.   at MySql.Data.MySqlClient.MySqlStream.LoadPacket()
   at MySql.Data.MySqlClient.MySqlStream.ReadPacket()
   at MySql.Data.MySqlClient.NativeDriver.Open()
   at MySql.Data.MySqlClient.Driver.Open()
   at MySql.Data.MySqlClient.Driver.Create(MySqlConnectionStringBuilder settings)
   at MySql.Data.MySqlClient.MySqlPool.CreateNewPooledConnection()
   at MySql.Data.MySqlClient.MySqlPool.GetPooledConnection()
   at MySql.Data.MySqlClient.MySqlPool.TryToGetDriver()
   at MySql.Data.MySqlClient.MySqlPool.GetConnection()
   at MySql.Data.MySqlClient.MySqlConnection.Open()
   at A1Carpentry.DBhelper.SqlHelper.JobTypesList() in C:\Users\pc\source\repos\A1Carpentry MySql 04_04_19 (1)\A1Carpentry MySql 04_04_19\A1Carpentry\DBhelper\SqlHelper.cs:line 267
[Monday, April 20, 2020 03:33:15 PM] Information 13968 >> count 0 in jobNumber (Job)
[Monday, April 20, 2020 03:33:26 PM] Error 13968 >> Exception occured in : GetJobProfileSummary Object cannot be cast from DBNull to other types.   at System.DBNull.System.IConvertible.ToDateTime(IFormatProvider provider)
   at System.Convert.ToDateTime(Object value)
   at A1Carpentry.DBhelper.SqlHelper.GetJobProfileSummary() in C:\Users\pc\source\repos\A1Carpentry MySql 04_04_19 (1)\A1Carpentry MySql 04_04_19\A1Carpentry\DBhelper\SqlHelper.cs:line 1551
[Monday, April 20, 2020 07:54:29 PM] Error 24312 >> Error occured in GetUserDetails Unable to connect to any of the specified MySQL hosts.   at MySql.Data.MySqlClient.NativeDriver.Open()
   at MySql.Data.MySqlClient.Driver.Open()
   at MySql.Data.MySqlClient.Driver.Create(MySqlConnectionStringBuilder settings)
   at MySql.Data.MySqlClient.MySqlPool.CreateNewPooledConnection()
   at MySql.Data.MySqlClient.MySqlPool.GetPooledConnection()
   at MySql.Data.MySqlClient.MySqlPool.TryToGetDriver()
   at MySql.Data.MySqlClient.MySqlPool.GetConnection()
   at MySql.Data.MySqlClient.MySqlConnection.Open()
   at A1Carpentry.DBhelper.SqlHelper.GetUserDetails(String username, String password, String email) in C:\Users\pc\source\repos\A1Carpentry MySql 04_04_19 (1)\A1Carpentry MySql 04_04_19\A1Carpentry\DBhelper\SqlHelper.cs:line 85
[Monday, April 20, 2020 07:54:33 PM] Error 24312 >> Error occured in GetUserDetails Unable to connect to any of the specified MySQL hosts.   at MySql.Data.MySqlClient.NativeDriver.Open()
   at MySql.Data.MySqlClient.Driver.Open()
   at MySql.Data.MySqlClient.Driver.Create(MySqlConnectionStringBuilder settings)
   at MySql.Data.MySqlClient.MySqlPool.CreateNewPooledConnection()
   at MySql.Data.MySqlClient.MySqlPool.GetPooledConnection()
   at MySql.Data.MySqlClient.MySqlPool.TryToGetDriver()
   at MySql.Data.MySqlClient.MySqlPool.GetConnection()
   at MySql.Data.MySqlClient.MySqlConnection.Open()
   at A1Carpentry.DBhelper.SqlHelper.GetUserDetails(String username, String password, String email) in C:\Users\pc\source\repos\A1Carpentry MySql 04_04_19 (1)\A1Carpentry MySql 04_04_19\A1Carpentry\DBhelper\SqlHelper.cs:line 85
[Monday, April 20, 2020 07:54:43 PM] Error 24312 >> Error occured in GetUserDetails Unable to connect to any of the specified MySQL hosts.   at MySql.Data.MySqlClient.NativeDriver.Open()
   at MySql.Data.MySqlClient.Driver.Open()
   at MySql.Data.MySqlClient.Driver.Create(MySqlConnectionStringBuilder settings)
   at MySql.Data.MySqlClient.MySqlPool.CreateNewPooledConnection()
   at MySql.Data.MySqlClient.MySqlPool.GetPooledConnection()
   at MySql.Data.MySqlClient.MySqlPool.TryToGetDriver()
   at MySql.Data.MySqlClient.MySqlPool.GetConnection()
   at MySql.Data.MySqlClient.MySqlConnection.Open()
   at A1Carpentry.DBhelper.SqlHelper.GetUserDetails(String username, String password, String email) in C:\Users\pc\source\repos\A1Carpentry MySql 04_04_19 (1)\A1Carpentry MySql 04_04_19\A1Carpentry\DBhelper\SqlHelper.cs:line 85
[Monday, April 20, 2020 07:55:14 PM] Error 24312 >> Error occured in GetUserDetails Unable to connect to any of the specified MySQL hosts.   at MySql.Data.MySqlClient.NativeDriver.Open()
   at MySql.Data.MySqlClient.Driver.Open()
   at MySql.Data.MySqlClient.Driver.Create(MySqlConnectionStringBuilder settings)
   at MySql.Data.MySqlClient.MySqlPool.CreateNewPooledConnection()
   at MySql.Data.MySqlClient.MySqlPool.GetPooledConnection()
   at MySql.Data.MySqlClient.MySqlPool.TryToGetDriver()
   at MySql.Data.MySqlClient.MySqlPool.GetConnection()
   at MySql.Data.MySqlClient.MySqlConnection.Open()
   at A1Carpentry.DBhelper.SqlHelper.GetUserDetails(String username, String password, String email) in C:\Users\pc\source\repos\A1Carpentry MySql 04_04_19 (1)\A1Carpentry MySql 04_04_19\A1Carpentry\DBhelper\SqlHelper.cs:line 85
