Logs for: A1Carpentry , A1Carpentry
[Thursday, September 03, 2020 06:58:09 PM] Error 11284 >> Error occured in GetUserName Input string was not in a correct format.   at System.Number.StringToNumber(String str, NumberStyles options, NumberBuffer& number, NumberFormatInfo info, Boolean parseDecimal)
   at System.Number.ParseInt32(String s, NumberStyles style, NumberFormatInfo info)
   at System.Convert.ToInt32(String value)
   at System.Array.ConvertAll[TInput,TOutput](TInput[] array, Converter`2 converter)
   at A1Carpentry.DBhelper.SqlHelper.GetUserTools() in C:\Users\pc\source\repos\A1Carpentry MySql 04_04_19 (1)\A1Carpentry MySql 04_04_19\A1Carpentry\DBhelper\SqlHelper.cs:line 3612
[Thursday, September 03, 2020 06:59:03 PM] Error 11284 >> Error occured in EmployeeProfile Failure sending mail.   at System.Net.Mail.SmtpClient.Send(MailMessage message)
   at A1Carpentry.Controllers.SuperAdminController.SendEmail(UsersModel ObjUser) in C:\Users\pc\source\repos\A1Carpentry MySql 04_04_19 (1)\A1Carpentry MySql 04_04_19\A1Carpentry\Controllers\SuperAdminController.cs:line 1678
   at A1Carpentry.Controllers.SuperAdminController.employeetools(List`1 ToolName) in C:\Users\pc\source\repos\A1Carpentry MySql 04_04_19 (1)\A1Carpentry MySql 04_04_19\A1Carpentry\Controllers\SuperAdminController.cs:line 184
[Thursday, September 03, 2020 07:45:25 PM] Error 8592 >> Error occured in GetUserName Input string was not in a correct format.   at System.Number.StringToNumber(String str, NumberStyles options, NumberBuffer& number, NumberFormatInfo info, Boolean parseDecimal)
   at System.Number.ParseInt32(String s, NumberStyles style, NumberFormatInfo info)
   at System.Convert.ToInt32(String value)
   at System.Array.ConvertAll[TInput,TOutput](TInput[] array, Converter`2 converter)
   at A1Carpentry.DBhelper.SqlHelper.GetUserTools() in C:\Users\pc\source\repos\A1Carpentry MySql 04_04_19 (1)\A1Carpentry MySql 04_04_19\A1Carpentry\DBhelper\SqlHelper.cs:line 3612
[Thursday, September 03, 2020 07:46:37 PM] Error 8592 >> Error occured in GetUserName Input string was not in a correct format.   at System.Number.StringToNumber(String str, NumberStyles options, NumberBuffer& number, NumberFormatInfo info, Boolean parseDecimal)
   at System.Number.ParseInt32(String s, NumberStyles style, NumberFormatInfo info)
   at System.Convert.ToInt32(String value)
   at System.Array.ConvertAll[TInput,TOutput](TInput[] array, Converter`2 converter)
   at A1Carpentry.DBhelper.SqlHelper.GetUserTools() in C:\Users\pc\source\repos\A1Carpentry MySql 04_04_19 (1)\A1Carpentry MySql 04_04_19\A1Carpentry\DBhelper\SqlHelper.cs:line 3612
[Thursday, September 03, 2020 08:14:39 PM] Error 8592 >> Error occured in GetUserName Input string was not in a correct format.   at System.Number.StringToNumber(String str, NumberStyles options, NumberBuffer& number, NumberFormatInfo info, Boolean parseDecimal)
   at System.Number.ParseInt32(String s, NumberStyles style, NumberFormatInfo info)
   at System.Convert.ToInt32(String value)
   at System.Array.ConvertAll[TInput,TOutput](TInput[] array, Converter`2 converter)
   at A1Carpentry.DBhelper.SqlHelper.GetUserTools() in C:\Users\pc\source\repos\A1Carpentry MySql 04_04_19 (1)\A1Carpentry MySql 04_04_19\A1Carpentry\DBhelper\SqlHelper.cs:line 3612
[Thursday, September 03, 2020 08:16:50 PM] Error 8592 >> Error occured in GetUserName Input string was not in a correct format.   at System.Number.StringToNumber(String str, NumberStyles options, NumberBuffer& number, NumberFormatInfo info, Boolean parseDecimal)
   at System.Number.ParseInt32(String s, NumberStyles style, NumberFormatInfo info)
   at System.Convert.ToInt32(String value)
   at System.Array.ConvertAll[TInput,TOutput](TInput[] array, Converter`2 converter)
   at A1Carpentry.DBhelper.SqlHelper.GetUserTools() in C:\Users\pc\source\repos\A1Carpentry MySql 04_04_19 (1)\A1Carpentry MySql 04_04_19\A1Carpentry\DBhelper\SqlHelper.cs:line 3612
[Thursday, September 03, 2020 08:21:07 PM] Error 8592 >> Error occured in GetUserName Input string was not in a correct format.   at System.Number.StringToNumber(String str, NumberStyles options, NumberBuffer& number, NumberFormatInfo info, Boolean parseDecimal)
   at System.Number.ParseInt32(String s, NumberStyles style, NumberFormatInfo info)
   at System.Convert.ToInt32(String value)
   at System.Array.ConvertAll[TInput,TOutput](TInput[] array, Converter`2 converter)
   at A1Carpentry.DBhelper.SqlHelper.GetUserTools() in C:\Users\pc\source\repos\A1Carpentry MySql 04_04_19 (1)\A1Carpentry MySql 04_04_19\A1Carpentry\DBhelper\SqlHelper.cs:line 3612
[Thursday, September 03, 2020 08:21:21 PM] Error 8592 >> Error occured in GetUserName Input string was not in a correct format.   at System.Number.StringToNumber(String str, NumberStyles options, NumberBuffer& number, NumberFormatInfo info, Boolean parseDecimal)
   at System.Number.ParseInt32(String s, NumberStyles style, NumberFormatInfo info)
   at System.Convert.ToInt32(String value)
   at System.Array.ConvertAll[TInput,TOutput](TInput[] array, Converter`2 converter)
   at A1Carpentry.DBhelper.SqlHelper.GetUserTools() in C:\Users\pc\source\repos\A1Carpentry MySql 04_04_19 (1)\A1Carpentry MySql 04_04_19\A1Carpentry\DBhelper\SqlHelper.cs:line 3612
[Thursday, September 03, 2020 08:23:03 PM] Error 8592 >> Couldn't able to delete ToolsDetails
[Thursday, September 03, 2020 08:23:04 PM] Error 8592 >> Couldn't able to delete ToolsDetails
[Thursday, September 03, 2020 08:23:04 PM] Error 8592 >> Couldn't able to delete ToolsDetails
[Thursday, September 03, 2020 08:23:05 PM] Error 8592 >> Couldn't able to delete ToolsDetails
[Thursday, September 03, 2020 08:23:08 PM] Error 8592 >> Error occured in GetUserName Input string was not in a correct format.   at System.Number.StringToNumber(String str, NumberStyles options, NumberBuffer& number, NumberFormatInfo info, Boolean parseDecimal)
   at System.Number.ParseInt32(String s, NumberStyles style, NumberFormatInfo info)
   at System.Convert.ToInt32(String value)
   at System.Array.ConvertAll[TInput,TOutput](TInput[] array, Converter`2 converter)
   at A1Carpentry.DBhelper.SqlHelper.GetUserTools() in C:\Users\pc\source\repos\A1Carpentry MySql 04_04_19 (1)\A1Carpentry MySql 04_04_19\A1Carpentry\DBhelper\SqlHelper.cs:line 3612
[Thursday, September 03, 2020 08:23:12 PM] Error 8592 >> Error occured in GetUserName Input string was not in a correct format.   at System.Number.StringToNumber(String str, NumberStyles options, NumberBuffer& number, NumberFormatInfo info, Boolean parseDecimal)
   at System.Number.ParseInt32(String s, NumberStyles style, NumberFormatInfo info)
   at System.Convert.ToInt32(String value)
   at System.Array.ConvertAll[TInput,TOutput](TInput[] array, Converter`2 converter)
   at A1Carpentry.DBhelper.SqlHelper.GetUserTools() in C:\Users\pc\source\repos\A1Carpentry MySql 04_04_19 (1)\A1Carpentry MySql 04_04_19\A1Carpentry\DBhelper\SqlHelper.cs:line 3612
[Thursday, September 03, 2020 08:23:16 PM] Error 8592 >> Couldn't able to delete ToolsDetails
[Thursday, September 03, 2020 08:23:19 PM] Error 8592 >> Error occured in GetUserName Input string was not in a correct format.   at System.Number.StringToNumber(String str, NumberStyles options, NumberBuffer& number, NumberFormatInfo info, Boolean parseDecimal)
   at System.Number.ParseInt32(String s, NumberStyles style, NumberFormatInfo info)
   at System.Convert.ToInt32(String value)
   at System.Array.ConvertAll[TInput,TOutput](TInput[] array, Converter`2 converter)
   at A1Carpentry.DBhelper.SqlHelper.GetUserTools() in C:\Users\pc\source\repos\A1Carpentry MySql 04_04_19 (1)\A1Carpentry MySql 04_04_19\A1Carpentry\DBhelper\SqlHelper.cs:line 3612
[Thursday, September 03, 2020 08:23:24 PM] Error 8592 >> Error occured in GetUserName Input string was not in a correct format.   at System.Number.StringToNumber(String str, NumberStyles options, NumberBuffer& number, NumberFormatInfo info, Boolean parseDecimal)
   at System.Number.ParseInt32(String s, NumberStyles style, NumberFormatInfo info)
   at System.Convert.ToInt32(String value)
   at System.Array.ConvertAll[TInput,TOutput](TInput[] array, Converter`2 converter)
   at A1Carpentry.DBhelper.SqlHelper.GetUserTools() in C:\Users\pc\source\repos\A1Carpentry MySql 04_04_19 (1)\A1Carpentry MySql 04_04_19\A1Carpentry\DBhelper\SqlHelper.cs:line 3612
[Thursday, September 03, 2020 08:23:28 PM] Error 8592 >> Error occured in GetUserName Input string was not in a correct format.   at System.Number.StringToNumber(String str, NumberStyles options, NumberBuffer& number, NumberFormatInfo info, Boolean parseDecimal)
   at System.Number.ParseInt32(String s, NumberStyles style, NumberFormatInfo info)
   at System.Convert.ToInt32(String value)
   at System.Array.ConvertAll[TInput,TOutput](TInput[] array, Converter`2 converter)
   at A1Carpentry.DBhelper.SqlHelper.GetUserTools() in C:\Users\pc\source\repos\A1Carpentry MySql 04_04_19 (1)\A1Carpentry MySql 04_04_19\A1Carpentry\DBhelper\SqlHelper.cs:line 3612
[Thursday, September 03, 2020 08:26:01 PM] Error 8592 >> Error occured in GetUserName Input string was not in a correct format.   at System.Number.StringToNumber(String str, NumberStyles options, NumberBuffer& number, NumberFormatInfo info, Boolean parseDecimal)
   at System.Number.ParseInt32(String s, NumberStyles style, NumberFormatInfo info)
   at System.Convert.ToInt32(String value)
   at System.Array.ConvertAll[TInput,TOutput](TInput[] array, Converter`2 converter)
   at A1Carpentry.DBhelper.SqlHelper.GetUserTools() in C:\Users\pc\source\repos\A1Carpentry MySql 04_04_19 (1)\A1Carpentry MySql 04_04_19\A1Carpentry\DBhelper\SqlHelper.cs:line 3612
[Thursday, September 03, 2020 08:26:25 PM] Error 8592 >> Error occured in GetUserName Input string was not in a correct format.   at System.Number.StringToNumber(String str, NumberStyles options, NumberBuffer& number, NumberFormatInfo info, Boolean parseDecimal)
   at System.Number.ParseInt32(String s, NumberStyles style, NumberFormatInfo info)
   at System.Convert.ToInt32(String value)
   at System.Array.ConvertAll[TInput,TOutput](TInput[] array, Converter`2 converter)
   at A1Carpentry.DBhelper.SqlHelper.GetUserTools() in C:\Users\pc\source\repos\A1Carpentry MySql 04_04_19 (1)\A1Carpentry MySql 04_04_19\A1Carpentry\DBhelper\SqlHelper.cs:line 3612
[Thursday, September 03, 2020 09:00:50 PM] Error 10196 >> Error occured in GetUserName Input string was not in a correct format.   at System.Number.StringToNumber(String str, NumberStyles options, NumberBuffer& number, NumberFormatInfo info, Boolean parseDecimal)
   at System.Number.ParseInt32(String s, NumberStyles style, NumberFormatInfo info)
   at System.Convert.ToInt32(String value)
   at System.Array.ConvertAll[TInput,TOutput](TInput[] array, Converter`2 converter)
   at A1Carpentry.DBhelper.SqlHelper.GetUserTools() in C:\Users\pc\source\repos\A1Carpentry MySql 04_04_19 (1)\A1Carpentry MySql 04_04_19\A1Carpentry\DBhelper\SqlHelper.cs:line 3612
[Thursday, September 03, 2020 09:14:57 PM] Information 17608 >> count 0 in jobNumber (Job)
[Thursday, September 03, 2020 09:15:01 PM] Error 17608 >> Error occured in GetUserName Input string was not in a correct format.   at System.Number.StringToNumber(String str, NumberStyles options, NumberBuffer& number, NumberFormatInfo info, Boolean parseDecimal)
   at System.Number.ParseInt32(String s, NumberStyles style, NumberFormatInfo info)
   at System.Convert.ToInt32(String value)
   at System.Array.ConvertAll[TInput,TOutput](TInput[] array, Converter`2 converter)
   at A1Carpentry.DBhelper.SqlHelper.GetUserTools() in C:\Users\pc\source\repos\A1Carpentry MySql 04_04_19 (1)\A1Carpentry MySql 04_04_19\A1Carpentry\DBhelper\SqlHelper.cs:line 3612
[Thursday, September 03, 2020 09:15:20 PM] Error 17608 >> Error occured in GetUserName Input string was not in a correct format.   at System.Number.StringToNumber(String str, NumberStyles options, NumberBuffer& number, NumberFormatInfo info, Boolean parseDecimal)
   at System.Number.ParseInt32(String s, NumberStyles style, NumberFormatInfo info)
   at System.Convert.ToInt32(String value)
   at System.Array.ConvertAll[TInput,TOutput](TInput[] array, Converter`2 converter)
   at A1Carpentry.DBhelper.SqlHelper.GetUserTools() in C:\Users\pc\source\repos\A1Carpentry MySql 04_04_19 (1)\A1Carpentry MySql 04_04_19\A1Carpentry\DBhelper\SqlHelper.cs:line 3612
[Thursday, September 03, 2020 11:08:28 PM] Information 19808 >> count 0 in TaskNumber (PreTasks)
[Thursday, September 03, 2020 11:08:30 PM] Information 19808 >> Data Null in ObjPreTasks (CreateTasks Post)
[Thursday, September 03, 2020 11:11:30 PM] Information 19808 >> count 0 in TaskNumber (PreTasks)
[Thursday, September 03, 2020 11:11:32 PM] Information 19808 >> Data Null in ObjPreTasks (CreateTasks Post)
[Thursday, September 03, 2020 11:13:35 PM] Information 19808 >> count 0 in TaskNumber (PreTasks)
[Thursday, September 03, 2020 11:13:36 PM] Information 19808 >> Data Null in ObjPreTasks (CreateTasks Post)
[Thursday, September 03, 2020 11:24:03 PM] Error 19808 >> Couldn't able to delete Pretask Details
[Thursday, September 03, 2020 11:25:06 PM] Information 19808 >> count 0 in TaskNumber (PreTasks)
[Thursday, September 03, 2020 11:25:08 PM] Information 19808 >> Data Null in ObjPreTasks (CreateTasks Post)
[Thursday, September 03, 2020 11:27:06 PM] Error 19808 >> Error occured in GetPreTasksById Invalid attempt to Read when reader is closed.   at MySql.Data.MySqlClient.MySqlDataReader.Throw(Exception ex)
   at MySql.Data.MySqlClient.MySqlDataReader.Read()
   at A1Carpentry.DBhelper.SqlHelper.GetPreTasksById(Int32 PreTaskID) in C:\Users\pc\source\repos\A1Carpentry MySql 04_04_19 (1)\A1Carpentry MySql 04_04_19\A1Carpentry\DBhelper\SqlHelper.cs:line 2333
[Thursday, September 03, 2020 11:27:10 PM] Error 19808 >> Error occured in GetPreTasksById Invalid attempt to Read when reader is closed.   at MySql.Data.MySqlClient.MySqlDataReader.Throw(Exception ex)
   at MySql.Data.MySqlClient.MySqlDataReader.Read()
   at A1Carpentry.DBhelper.SqlHelper.GetPreTasksById(Int32 PreTaskID) in C:\Users\pc\source\repos\A1Carpentry MySql 04_04_19 (1)\A1Carpentry MySql 04_04_19\A1Carpentry\DBhelper\SqlHelper.cs:line 2333
[Thursday, September 03, 2020 11:27:14 PM] Information 19808 >> count 0 in jobNumber (Job)
[Thursday, September 03, 2020 11:34:26 PM] Error 19808 >> Error occured in GetPreTasksById Invalid attempt to Read when reader is closed.   at MySql.Data.MySqlClient.MySqlDataReader.Throw(Exception ex)
   at MySql.Data.MySqlClient.MySqlDataReader.Read()
   at A1Carpentry.DBhelper.SqlHelper.GetPreTasksById(Int32 PreTaskID) in C:\Users\pc\source\repos\A1Carpentry MySql 04_04_19 (1)\A1Carpentry MySql 04_04_19\A1Carpentry\DBhelper\SqlHelper.cs:line 2333
[Thursday, September 03, 2020 11:34:33 PM] Error 19808 >> Error occured in GetPreTasksById Invalid attempt to Read when reader is closed.   at MySql.Data.MySqlClient.MySqlDataReader.Throw(Exception ex)
   at MySql.Data.MySqlClient.MySqlDataReader.Read()
   at A1Carpentry.DBhelper.SqlHelper.GetPreTasksById(Int32 PreTaskID) in C:\Users\pc\source\repos\A1Carpentry MySql 04_04_19 (1)\A1Carpentry MySql 04_04_19\A1Carpentry\DBhelper\SqlHelper.cs:line 2333
[Thursday, September 03, 2020 11:34:40 PM] Error 19808 >> Error occured in GetPreTasksById Invalid attempt to Read when reader is closed.   at MySql.Data.MySqlClient.MySqlDataReader.Throw(Exception ex)
   at MySql.Data.MySqlClient.MySqlDataReader.Read()
   at A1Carpentry.DBhelper.SqlHelper.GetPreTasksById(Int32 PreTaskID) in C:\Users\pc\source\repos\A1Carpentry MySql 04_04_19 (1)\A1Carpentry MySql 04_04_19\A1Carpentry\DBhelper\SqlHelper.cs:line 2333
[Thursday, September 03, 2020 11:34:46 PM] Information 19808 >> count 0 in jobNumber (Job)
