Logs for: A1Carpentry , A1Carpentry
[Wednesday, April 22, 2020 12:02:55 AM] Error 20768 >> Error occured in GetPreTasksById Index was outside the bounds of the array.   at MySql.Data.MySqlClient.Interceptors.ExceptionInterceptor.Throw(Exception exception)
   at MySql.Data.MySqlClient.MySqlConnection.Throw(Exception ex)
   at MySql.Data.MySqlClient.MySqlDataReader.Throw(Exception ex)
   at MySql.Data.MySqlClient.MySqlDataReader.GetValue(Int32 i)
   at MySql.Data.MySqlClient.MySqlDataReader.get_Item(Int32 i)
   at A1Carpentry.DBhelper.SqlHelper.GetPreTasksById(Int32 PreTaskID) in C:\Users\pc\source\repos\A1Carpentry MySql 04_04_19 (1)\A1Carpentry MySql 04_04_19\A1Carpentry\DBhelper\SqlHelper.cs:line 2272
[Wednesday, April 22, 2020 11:38:04 AM] Error 1300 >> Error occured in GetPreTasksById Index was outside the bounds of the array.   at MySql.Data.MySqlClient.Interceptors.ExceptionInterceptor.Throw(Exception exception)
   at MySql.Data.MySqlClient.MySqlConnection.Throw(Exception ex)
   at MySql.Data.MySqlClient.MySqlDataReader.Throw(Exception ex)
   at MySql.Data.MySqlClient.MySqlDataReader.GetValue(Int32 i)
   at MySql.Data.MySqlClient.MySqlDataReader.get_Item(Int32 i)
   at A1Carpentry.DBhelper.SqlHelper.GetPreTasksById(Int32 PreTaskID) in C:\Users\pc\source\repos\A1Carpentry MySql 04_04_19 (1)\A1Carpentry MySql 04_04_19\A1Carpentry\DBhelper\SqlHelper.cs:line 2272
[Wednesday, April 22, 2020 11:38:26 AM] Error 1300 >> Error occured in GetPreTasksById Index was outside the bounds of the array.   at MySql.Data.MySqlClient.Interceptors.ExceptionInterceptor.Throw(Exception exception)
   at MySql.Data.MySqlClient.MySqlConnection.Throw(Exception ex)
   at MySql.Data.MySqlClient.MySqlDataReader.Throw(Exception ex)
   at MySql.Data.MySqlClient.MySqlDataReader.GetValue(Int32 i)
   at MySql.Data.MySqlClient.MySqlDataReader.get_Item(Int32 i)
   at A1Carpentry.DBhelper.SqlHelper.GetPreTasksById(Int32 PreTaskID) in C:\Users\pc\source\repos\A1Carpentry MySql 04_04_19 (1)\A1Carpentry MySql 04_04_19\A1Carpentry\DBhelper\SqlHelper.cs:line 2272
[Wednesday, April 22, 2020 11:38:50 AM] Error 1300 >> Error occured in GetPreTasksById Index was outside the bounds of the array.   at MySql.Data.MySqlClient.Interceptors.ExceptionInterceptor.Throw(Exception exception)
   at MySql.Data.MySqlClient.MySqlConnection.Throw(Exception ex)
   at MySql.Data.MySqlClient.MySqlDataReader.Throw(Exception ex)
   at MySql.Data.MySqlClient.MySqlDataReader.GetValue(Int32 i)
   at MySql.Data.MySqlClient.MySqlDataReader.get_Item(Int32 i)
   at A1Carpentry.DBhelper.SqlHelper.GetPreTasksById(Int32 PreTaskID) in C:\Users\pc\source\repos\A1Carpentry MySql 04_04_19 (1)\A1Carpentry MySql 04_04_19\A1Carpentry\DBhelper\SqlHelper.cs:line 2272
[Wednesday, April 22, 2020 11:39:02 AM] Error 1300 >> Error occured in GetPreTasksById Index was outside the bounds of the array.   at MySql.Data.MySqlClient.Interceptors.ExceptionInterceptor.Throw(Exception exception)
   at MySql.Data.MySqlClient.MySqlConnection.Throw(Exception ex)
   at MySql.Data.MySqlClient.MySqlDataReader.Throw(Exception ex)
   at MySql.Data.MySqlClient.MySqlDataReader.GetValue(Int32 i)
   at MySql.Data.MySqlClient.MySqlDataReader.get_Item(Int32 i)
   at A1Carpentry.DBhelper.SqlHelper.GetPreTasksById(Int32 PreTaskID) in C:\Users\pc\source\repos\A1Carpentry MySql 04_04_19 (1)\A1Carpentry MySql 04_04_19\A1Carpentry\DBhelper\SqlHelper.cs:line 2272
[Wednesday, April 22, 2020 11:39:29 AM] Error 1300 >> Error occured in GetPreTasksById Index was outside the bounds of the array.   at MySql.Data.MySqlClient.Interceptors.ExceptionInterceptor.Throw(Exception exception)
   at MySql.Data.MySqlClient.MySqlConnection.Throw(Exception ex)
   at MySql.Data.MySqlClient.MySqlDataReader.Throw(Exception ex)
   at MySql.Data.MySqlClient.MySqlDataReader.GetValue(Int32 i)
   at MySql.Data.MySqlClient.MySqlDataReader.get_Item(Int32 i)
   at A1Carpentry.DBhelper.SqlHelper.GetPreTasksById(Int32 PreTaskID) in C:\Users\pc\source\repos\A1Carpentry MySql 04_04_19 (1)\A1Carpentry MySql 04_04_19\A1Carpentry\DBhelper\SqlHelper.cs:line 2272
[Wednesday, April 22, 2020 11:55:10 AM] Error 22356 >> Exception occured in : GetJobProfileSummary Object cannot be cast from DBNull to other types.   at System.DBNull.System.IConvertible.ToDateTime(IFormatProvider provider)
   at System.Convert.ToDateTime(Object value)
   at A1Carpentry.DBhelper.SqlHelper.GetJobProfileSummary() in C:\Users\pc\source\repos\A1Carpentry MySql 04_04_19 (1)\A1Carpentry MySql 04_04_19\A1Carpentry\DBhelper\SqlHelper.cs:line 1551
[Wednesday, April 22, 2020 12:02:30 PM] Error 22356 >> Error occured in GetPreTasksById Index was outside the bounds of the array.   at MySql.Data.MySqlClient.Interceptors.ExceptionInterceptor.Throw(Exception exception)
   at MySql.Data.MySqlClient.MySqlConnection.Throw(Exception ex)
   at MySql.Data.MySqlClient.MySqlDataReader.Throw(Exception ex)
   at MySql.Data.MySqlClient.MySqlDataReader.GetValue(Int32 i)
   at MySql.Data.MySqlClient.MySqlDataReader.get_Item(Int32 i)
   at A1Carpentry.DBhelper.SqlHelper.GetPreTasksById(Int32 PreTaskID) in C:\Users\pc\source\repos\A1Carpentry MySql 04_04_19 (1)\A1Carpentry MySql 04_04_19\A1Carpentry\DBhelper\SqlHelper.cs:line 2272
[Wednesday, April 22, 2020 12:05:12 PM] Error 22356 >> Error occured in GetPreTasksById Index was outside the bounds of the array.   at MySql.Data.MySqlClient.Interceptors.ExceptionInterceptor.Throw(Exception exception)
   at MySql.Data.MySqlClient.MySqlConnection.Throw(Exception ex)
   at MySql.Data.MySqlClient.MySqlDataReader.Throw(Exception ex)
   at MySql.Data.MySqlClient.MySqlDataReader.GetValue(Int32 i)
   at MySql.Data.MySqlClient.MySqlDataReader.get_Item(Int32 i)
   at A1Carpentry.DBhelper.SqlHelper.GetPreTasksById(Int32 PreTaskID) in C:\Users\pc\source\repos\A1Carpentry MySql 04_04_19 (1)\A1Carpentry MySql 04_04_19\A1Carpentry\DBhelper\SqlHelper.cs:line 2272
[Wednesday, April 22, 2020 12:06:10 PM] Error 22356 >> Error occured in GetPreTasksById Index was outside the bounds of the array.   at MySql.Data.MySqlClient.Interceptors.ExceptionInterceptor.Throw(Exception exception)
   at MySql.Data.MySqlClient.MySqlConnection.Throw(Exception ex)
   at MySql.Data.MySqlClient.MySqlDataReader.Throw(Exception ex)
   at MySql.Data.MySqlClient.MySqlDataReader.GetValue(Int32 i)
   at MySql.Data.MySqlClient.MySqlDataReader.get_Item(Int32 i)
   at A1Carpentry.DBhelper.SqlHelper.GetPreTasksById(Int32 PreTaskID) in C:\Users\pc\source\repos\A1Carpentry MySql 04_04_19 (1)\A1Carpentry MySql 04_04_19\A1Carpentry\DBhelper\SqlHelper.cs:line 2272
[Wednesday, April 22, 2020 12:09:38 PM] Error 22356 >> Error occured in GetPreTasksById Index was outside the bounds of the array.   at MySql.Data.MySqlClient.Interceptors.ExceptionInterceptor.Throw(Exception exception)
   at MySql.Data.MySqlClient.MySqlConnection.Throw(Exception ex)
   at MySql.Data.MySqlClient.MySqlDataReader.Throw(Exception ex)
   at MySql.Data.MySqlClient.MySqlDataReader.GetValue(Int32 i)
   at MySql.Data.MySqlClient.MySqlDataReader.get_Item(Int32 i)
   at A1Carpentry.DBhelper.SqlHelper.GetPreTasksById(Int32 PreTaskID) in C:\Users\pc\source\repos\A1Carpentry MySql 04_04_19 (1)\A1Carpentry MySql 04_04_19\A1Carpentry\DBhelper\SqlHelper.cs:line 2272
[Wednesday, April 22, 2020 12:12:22 PM] Error 22356 >> Error occured in GetPreTasksById Index was outside the bounds of the array.   at MySql.Data.MySqlClient.Interceptors.ExceptionInterceptor.Throw(Exception exception)
   at MySql.Data.MySqlClient.MySqlConnection.Throw(Exception ex)
   at MySql.Data.MySqlClient.MySqlDataReader.Throw(Exception ex)
   at MySql.Data.MySqlClient.MySqlDataReader.GetValue(Int32 i)
   at MySql.Data.MySqlClient.MySqlDataReader.get_Item(Int32 i)
   at A1Carpentry.DBhelper.SqlHelper.GetPreTasksById(Int32 PreTaskID) in C:\Users\pc\source\repos\A1Carpentry MySql 04_04_19 (1)\A1Carpentry MySql 04_04_19\A1Carpentry\DBhelper\SqlHelper.cs:line 2272
[Wednesday, April 22, 2020 12:15:09 PM] Error 22356 >> Error occured in GetPreTasksById Invalid attempt to Read when reader is closed.   at MySql.Data.MySqlClient.MySqlDataReader.Throw(Exception ex)
   at MySql.Data.MySqlClient.MySqlDataReader.Read()
   at A1Carpentry.DBhelper.SqlHelper.GetPreTasksById(Int32 PreTaskID)
[Wednesday, April 22, 2020 12:15:53 PM] Error 22356 >> Error occured in GetPreTasksById Invalid attempt to Read when reader is closed.   at MySql.Data.MySqlClient.MySqlDataReader.Throw(Exception ex)
   at MySql.Data.MySqlClient.MySqlDataReader.Read()
   at A1Carpentry.DBhelper.SqlHelper.GetPreTasksById(Int32 PreTaskID)
[Wednesday, April 22, 2020 12:17:50 PM] Error 22356 >> Error occured in GetPreTasksById Invalid attempt to Read when reader is closed.   at MySql.Data.MySqlClient.MySqlDataReader.Throw(Exception ex)
   at MySql.Data.MySqlClient.MySqlDataReader.Read()
   at A1Carpentry.DBhelper.SqlHelper.GetPreTasksById(Int32 PreTaskID)
[Wednesday, April 22, 2020 12:19:19 PM] Error 22356 >> Error occured in GetPreTasksById Invalid attempt to Read when reader is closed.   at MySql.Data.MySqlClient.MySqlDataReader.Throw(Exception ex)
   at MySql.Data.MySqlClient.MySqlDataReader.Read()
   at A1Carpentry.DBhelper.SqlHelper.GetPreTasksById(Int32 PreTaskID)
[Wednesday, April 22, 2020 12:21:27 PM] Error 22356 >> Error occured in GetPreTasksById Invalid attempt to Read when reader is closed.   at MySql.Data.MySqlClient.MySqlDataReader.Throw(Exception ex)
   at MySql.Data.MySqlClient.MySqlDataReader.Read()
   at A1Carpentry.DBhelper.SqlHelper.GetPreTasksById(Int32 PreTaskID)
[Wednesday, April 22, 2020 12:21:42 PM] Error 22356 >> Error occured in GetPreTasksById Invalid attempt to Read when reader is closed.   at MySql.Data.MySqlClient.MySqlDataReader.Throw(Exception ex)
   at MySql.Data.MySqlClient.MySqlDataReader.Read()
   at A1Carpentry.DBhelper.SqlHelper.GetPreTasksById(Int32 PreTaskID)
[Wednesday, April 22, 2020 02:12:52 PM] Error 19156 >> Error occured in GetPreTasksById Invalid attempt to Read when reader is closed.   at MySql.Data.MySqlClient.MySqlDataReader.Throw(Exception ex)
   at MySql.Data.MySqlClient.MySqlDataReader.Read()
   at A1Carpentry.DBhelper.SqlHelper.GetPreTasksById(Int32 PreTaskID) in C:\Users\pc\source\repos\A1Carpentry MySql 04_04_19 (1)\A1Carpentry MySql 04_04_19\A1Carpentry\DBhelper\SqlHelper.cs:line 2266
[Wednesday, April 22, 2020 06:10:00 PM] Error 8356 >> Error occured in GetPreTasksById Invalid attempt to Read when reader is closed.   at MySql.Data.MySqlClient.MySqlDataReader.Throw(Exception ex)
   at MySql.Data.MySqlClient.MySqlDataReader.Read()
   at A1Carpentry.DBhelper.SqlHelper.GetPreTasksById(Int32 PreTaskID) in C:\Users\pc\source\repos\A1Carpentry MySql 04_04_19 (1)\A1Carpentry MySql 04_04_19\A1Carpentry\DBhelper\SqlHelper.cs:line 2266
[Wednesday, April 22, 2020 06:32:05 PM] Error 7820 >> Error occured in GetPreTasksById Invalid attempt to Read when reader is closed.   at MySql.Data.MySqlClient.MySqlDataReader.Throw(Exception ex)
   at MySql.Data.MySqlClient.MySqlDataReader.Read()
   at A1Carpentry.DBhelper.SqlHelper.GetPreTasksById(Int32 PreTaskID) in C:\Users\pc\source\repos\A1Carpentry MySql 04_04_19 (1)\A1Carpentry MySql 04_04_19\A1Carpentry\DBhelper\SqlHelper.cs:line 2266
[Wednesday, April 22, 2020 07:48:59 PM] Error 14312 >> Error occured in GetPreTasksById Invalid attempt to Read when reader is closed.   at MySql.Data.MySqlClient.MySqlDataReader.Throw(Exception ex)
   at MySql.Data.MySqlClient.MySqlDataReader.Read()
   at A1Carpentry.DBhelper.SqlHelper.GetPreTasksById(Int32 PreTaskID) in C:\Users\pc\source\repos\A1Carpentry MySql 04_04_19 (1)\A1Carpentry MySql 04_04_19\A1Carpentry\DBhelper\SqlHelper.cs:line 2266
[Wednesday, April 22, 2020 07:51:04 PM] Error 14312 >> Error occured in GetPreTasksById Invalid attempt to Read when reader is closed.   at MySql.Data.MySqlClient.MySqlDataReader.Throw(Exception ex)
   at MySql.Data.MySqlClient.MySqlDataReader.Read()
   at A1Carpentry.DBhelper.SqlHelper.GetPreTasksById(Int32 PreTaskID) in C:\Users\pc\source\repos\A1Carpentry MySql 04_04_19 (1)\A1Carpentry MySql 04_04_19\A1Carpentry\DBhelper\SqlHelper.cs:line 2266
[Wednesday, April 22, 2020 07:51:07 PM] Error 14312 >> Error occured in GetPreTasksById Invalid attempt to Read when reader is closed.   at MySql.Data.MySqlClient.MySqlDataReader.Throw(Exception ex)
   at MySql.Data.MySqlClient.MySqlDataReader.Read()
   at A1Carpentry.DBhelper.SqlHelper.GetPreTasksById(Int32 PreTaskID) in C:\Users\pc\source\repos\A1Carpentry MySql 04_04_19 (1)\A1Carpentry MySql 04_04_19\A1Carpentry\DBhelper\SqlHelper.cs:line 2266
[Wednesday, April 22, 2020 07:51:17 PM] Error 14312 >> Error occured in GetPreTasksById Invalid attempt to Read when reader is closed.   at MySql.Data.MySqlClient.MySqlDataReader.Throw(Exception ex)
   at MySql.Data.MySqlClient.MySqlDataReader.Read()
   at A1Carpentry.DBhelper.SqlHelper.GetPreTasksById(Int32 PreTaskID) in C:\Users\pc\source\repos\A1Carpentry MySql 04_04_19 (1)\A1Carpentry MySql 04_04_19\A1Carpentry\DBhelper\SqlHelper.cs:line 2266
[Wednesday, April 22, 2020 07:51:52 PM] Error 14312 >> Error occured in GetPreTasksById Invalid attempt to Read when reader is closed.   at MySql.Data.MySqlClient.MySqlDataReader.Throw(Exception ex)
   at MySql.Data.MySqlClient.MySqlDataReader.Read()
   at A1Carpentry.DBhelper.SqlHelper.GetPreTasksById(Int32 PreTaskID) in C:\Users\pc\source\repos\A1Carpentry MySql 04_04_19 (1)\A1Carpentry MySql 04_04_19\A1Carpentry\DBhelper\SqlHelper.cs:line 2266
[Wednesday, April 22, 2020 07:51:55 PM] Error 14312 >> Error occured in GetPreTasksById Invalid attempt to Read when reader is closed.   at MySql.Data.MySqlClient.MySqlDataReader.Throw(Exception ex)
   at MySql.Data.MySqlClient.MySqlDataReader.Read()
   at A1Carpentry.DBhelper.SqlHelper.GetPreTasksById(Int32 PreTaskID) in C:\Users\pc\source\repos\A1Carpentry MySql 04_04_19 (1)\A1Carpentry MySql 04_04_19\A1Carpentry\DBhelper\SqlHelper.cs:line 2266
[Wednesday, April 22, 2020 07:52:42 PM] Error 14312 >> Error occured in GetPreTasksById Invalid attempt to Read when reader is closed.   at MySql.Data.MySqlClient.MySqlDataReader.Throw(Exception ex)
   at MySql.Data.MySqlClient.MySqlDataReader.Read()
   at A1Carpentry.DBhelper.SqlHelper.GetPreTasksById(Int32 PreTaskID) in C:\Users\pc\source\repos\A1Carpentry MySql 04_04_19 (1)\A1Carpentry MySql 04_04_19\A1Carpentry\DBhelper\SqlHelper.cs:line 2266
[Wednesday, April 22, 2020 07:52:52 PM] Error 14312 >> Error occured in GetPreTasksById Invalid attempt to Read when reader is closed.   at MySql.Data.MySqlClient.MySqlDataReader.Throw(Exception ex)
   at MySql.Data.MySqlClient.MySqlDataReader.Read()
   at A1Carpentry.DBhelper.SqlHelper.GetPreTasksById(Int32 PreTaskID) in C:\Users\pc\source\repos\A1Carpentry MySql 04_04_19 (1)\A1Carpentry MySql 04_04_19\A1Carpentry\DBhelper\SqlHelper.cs:line 2266
[Wednesday, April 22, 2020 07:53:23 PM] Error 14312 >> Error occured in GetPreTasksById Invalid attempt to Read when reader is closed.   at MySql.Data.MySqlClient.MySqlDataReader.Throw(Exception ex)
   at MySql.Data.MySqlClient.MySqlDataReader.Read()
   at A1Carpentry.DBhelper.SqlHelper.GetPreTasksById(Int32 PreTaskID) in C:\Users\pc\source\repos\A1Carpentry MySql 04_04_19 (1)\A1Carpentry MySql 04_04_19\A1Carpentry\DBhelper\SqlHelper.cs:line 2266
[Wednesday, April 22, 2020 07:57:27 PM] Error 14312 >> Error occured in GetPreTasksById Invalid attempt to Read when reader is closed.   at MySql.Data.MySqlClient.MySqlDataReader.Throw(Exception ex)
   at MySql.Data.MySqlClient.MySqlDataReader.Read()
   at A1Carpentry.DBhelper.SqlHelper.GetPreTasksById(Int32 PreTaskID) in C:\Users\pc\source\repos\A1Carpentry MySql 04_04_19 (1)\A1Carpentry MySql 04_04_19\A1Carpentry\DBhelper\SqlHelper.cs:line 2266
[Wednesday, April 22, 2020 07:57:46 PM] Error 14312 >> Error occured in GetPreTasksById Invalid attempt to Read when reader is closed.   at MySql.Data.MySqlClient.MySqlDataReader.Throw(Exception ex)
   at MySql.Data.MySqlClient.MySqlDataReader.Read()
   at A1Carpentry.DBhelper.SqlHelper.GetPreTasksById(Int32 PreTaskID) in C:\Users\pc\source\repos\A1Carpentry MySql 04_04_19 (1)\A1Carpentry MySql 04_04_19\A1Carpentry\DBhelper\SqlHelper.cs:line 2266
[Wednesday, April 22, 2020 07:58:27 PM] Error 14312 >> Error occured in GetPreTasksById Invalid attempt to Read when reader is closed.   at MySql.Data.MySqlClient.MySqlDataReader.Throw(Exception ex)
   at MySql.Data.MySqlClient.MySqlDataReader.Read()
   at A1Carpentry.DBhelper.SqlHelper.GetPreTasksById(Int32 PreTaskID) in C:\Users\pc\source\repos\A1Carpentry MySql 04_04_19 (1)\A1Carpentry MySql 04_04_19\A1Carpentry\DBhelper\SqlHelper.cs:line 2266
[Wednesday, April 22, 2020 08:01:55 PM] Error 14312 >> Error occured in GetPreTasksById Invalid attempt to Read when reader is closed.   at MySql.Data.MySqlClient.MySqlDataReader.Throw(Exception ex)
   at MySql.Data.MySqlClient.MySqlDataReader.Read()
   at A1Carpentry.DBhelper.SqlHelper.GetPreTasksById(Int32 PreTaskID) in C:\Users\pc\source\repos\A1Carpentry MySql 04_04_19 (1)\A1Carpentry MySql 04_04_19\A1Carpentry\DBhelper\SqlHelper.cs:line 2266
[Wednesday, April 22, 2020 08:01:56 PM] Information 14312 >> count 0 in jobNumber (Job)
[Wednesday, April 22, 2020 08:22:47 PM] Error 18100 >> Error occured in GetPreTasksById Invalid attempt to Read when reader is closed.   at MySql.Data.MySqlClient.MySqlDataReader.Throw(Exception ex)
   at MySql.Data.MySqlClient.MySqlDataReader.Read()
   at A1Carpentry.DBhelper.SqlHelper.GetPreTasksById(Int32 PreTaskID) in C:\Users\pc\source\repos\A1Carpentry MySql 04_04_19 (1)\A1Carpentry MySql 04_04_19\A1Carpentry\DBhelper\SqlHelper.cs:line 2266
[Wednesday, April 22, 2020 10:03:31 PM] Error 22488 >> Error occured in GetPreTasksById Invalid attempt to Read when reader is closed.   at MySql.Data.MySqlClient.MySqlDataReader.Throw(Exception ex)
   at MySql.Data.MySqlClient.MySqlDataReader.Read()
   at A1Carpentry.DBhelper.SqlHelper.GetPreTasksById(Int32 PreTaskID) in C:\Users\pc\source\repos\A1Carpentry MySql 04_04_19 (1)\A1Carpentry MySql 04_04_19\A1Carpentry\DBhelper\SqlHelper.cs:line 2258
[Wednesday, April 22, 2020 10:05:29 PM] Error 22488 >> Error occured in GetPreTasksById Invalid attempt to Read when reader is closed.   at MySql.Data.MySqlClient.MySqlDataReader.Throw(Exception ex)
   at MySql.Data.MySqlClient.MySqlDataReader.Read()
   at A1Carpentry.DBhelper.SqlHelper.GetPreTasksById(Int32 PreTaskID) in C:\Users\pc\source\repos\A1Carpentry MySql 04_04_19 (1)\A1Carpentry MySql 04_04_19\A1Carpentry\DBhelper\SqlHelper.cs:line 2258
[Wednesday, April 22, 2020 10:06:25 PM] Error 22488 >> Error occured in GetPreTasksById Invalid attempt to Read when reader is closed.   at MySql.Data.MySqlClient.MySqlDataReader.Throw(Exception ex)
   at MySql.Data.MySqlClient.MySqlDataReader.Read()
   at A1Carpentry.DBhelper.SqlHelper.GetPreTasksById(Int32 PreTaskID) in C:\Users\pc\source\repos\A1Carpentry MySql 04_04_19 (1)\A1Carpentry MySql 04_04_19\A1Carpentry\DBhelper\SqlHelper.cs:line 2258
[Wednesday, April 22, 2020 10:06:27 PM] Information 22488 >> count 0 in jobNumber (Job)
[Wednesday, April 22, 2020 10:07:18 PM] Error 22488 >> Exception occured in : GetJobProfileSummary Object cannot be cast from DBNull to other types.   at System.DBNull.System.IConvertible.ToDateTime(IFormatProvider provider)
   at System.Convert.ToDateTime(Object value)
   at A1Carpentry.DBhelper.SqlHelper.GetJobProfileSummary() in C:\Users\pc\source\repos\A1Carpentry MySql 04_04_19 (1)\A1Carpentry MySql 04_04_19\A1Carpentry\DBhelper\SqlHelper.cs:line 1551
