Logs for: A1Carpentry , A1Carpentry
[Tuesday, January 28, 2020 10:52:10 AM] Error 17548 >> Error occured in GenerateReports Failure sending mail.   at System.Net.Mail.SmtpClient.Send(MailMessage message)
   at A1Carpentry.Controllers.SuperAdminController.SendAttachmentEmail(String Email, HttpPostedFileBase fileUploader) in C:\Users\lambda\Desktop\ATT Lighter Version\A1Carpentry MySql 04_04_19\A1Carpentry\Controllers\SuperAdminController.cs:line 1409
   at A1Carpentry.Controllers.SuperAdminController.GenerateReports(String startDate, String endDate) in C:\Users\lambda\Desktop\ATT Lighter Version\A1Carpentry MySql 04_04_19\A1Carpentry\Controllers\SuperAdminController.cs:line 891
[Tuesday, January 28, 2020 01:29:26 PM] Error 17972 >> Error occured in EmployeeProfile (Post)Failure sending mail.   at System.Net.Mail.SmtpClient.Send(MailMessage message)
   at A1Carpentry.Controllers.SuperAdminController.SendEmail(UsersModel ObjUser) in C:\Users\lambda\Desktop\ATT Lighter Version\A1Carpentry MySql 04_04_19\A1Carpentry\Controllers\SuperAdminController.cs:line 1375
   at A1Carpentry.Controllers.SuperAdminController.EmployeeProfile(UsersModel objUser, HttpPostedFileBase file) in C:\Users\lambda\Desktop\ATT Lighter Version\A1Carpentry MySql 04_04_19\A1Carpentry\Controllers\SuperAdminController.cs:line 160
[Tuesday, January 28, 2020 01:33:19 PM] Information 17972 >> count 0 in TaskNumber (PreTasks)
[Tuesday, January 28, 2020 04:12:17 PM] Information 17432 >> count 0 in jobNumber (Job)
[Tuesday, January 28, 2020 04:23:42 PM] Information 17432 >> count 0 in jobNumber (Job)
[Tuesday, January 28, 2020 04:31:11 PM] Error 17432 >> Error occured in GenerateReports Failure sending mail.   at System.Net.Mail.SmtpClient.Send(MailMessage message)
   at A1Carpentry.Controllers.SuperAdminController.SendAttachmentEmail(String Email, HttpPostedFileBase fileUploader) in C:\Users\lambda\Desktop\ATT Lighter Version\A1Carpentry MySql 04_04_19\A1Carpentry\Controllers\SuperAdminController.cs:line 1409
   at A1Carpentry.Controllers.SuperAdminController.GenerateReports(String startDate, String endDate) in C:\Users\lambda\Desktop\ATT Lighter Version\A1Carpentry MySql 04_04_19\A1Carpentry\Controllers\SuperAdminController.cs:line 891
[Tuesday, January 28, 2020 06:32:57 PM] Information 16432 >> count 0 in jobNumber (Job)
[Tuesday, January 28, 2020 06:33:01 PM] Error 16432 >> Exception occured in : GetJobProfileSummary Object cannot be cast from DBNull to other types.   at System.DBNull.System.IConvertible.ToDateTime(IFormatProvider provider)
   at System.Convert.ToDateTime(Object value)
   at A1Carpentry.DBhelper.SqlHelper.GetJobProfileSummary() in C:\Users\lambda\Desktop\ATT Lighter Version\A1Carpentry MySql 04_04_19\A1Carpentry\DBhelper\SqlHelper.cs:line 1546
[Tuesday, January 28, 2020 06:35:52 PM] Information 16432 >> count 0 in jobNumber (Job)
[Tuesday, January 28, 2020 06:35:55 PM] Error 16432 >> Exception occured in : GetJobProfileSummary Object cannot be cast from DBNull to other types.   at System.DBNull.System.IConvertible.ToDateTime(IFormatProvider provider)
   at System.Convert.ToDateTime(Object value)
   at A1Carpentry.DBhelper.SqlHelper.GetJobProfileSummary() in C:\Users\lambda\Desktop\ATT Lighter Version\A1Carpentry MySql 04_04_19\A1Carpentry\DBhelper\SqlHelper.cs:line 1546
[Tuesday, January 28, 2020 06:36:02 PM] Error 16432 >> Exception occured in : GetJobProfileSummary Object cannot be cast from DBNull to other types.   at System.DBNull.System.IConvertible.ToDateTime(IFormatProvider provider)
   at System.Convert.ToDateTime(Object value)
   at A1Carpentry.DBhelper.SqlHelper.GetJobProfileSummary() in C:\Users\lambda\Desktop\ATT Lighter Version\A1Carpentry MySql 04_04_19\A1Carpentry\DBhelper\SqlHelper.cs:line 1546
