Logs for: A1Carpentry , A1Carpentry
[Friday, April 17, 2020 12:44:40 PM] Information 16568 >> count 0 in jobNumber (Job)
[Friday, April 17, 2020 01:04:22 PM] Information 22080 >> count 0 in jobNumber (Job)
[Friday, April 17, 2020 01:10:41 PM] Error 22080 >> Error occured in SaveJobProfile Fatal error encountered during command execution.   at MySql.Data.MySqlClient.MySqlCommand.ExecuteReader(CommandBehavior behavior)
   at MySql.Data.MySqlClient.MySqlCommand.ExecuteNonQuery()
   at A1Carpentry.DBhelper.SqlHelper.SaveJobProfile(JobsModel objJobs) in C:\Users\pc\source\repos\A1Carpentry MySql 04_04_19 (1)\A1Carpentry MySql 04_04_19\A1Carpentry\DBhelper\SqlHelper.cs:line 1237
[Friday, April 17, 2020 01:10:45 PM] Information 22080 >> Could not saved SaveJobProfile in database (Post)
[Friday, April 17, 2020 01:46:52 PM] Information 11240 >> count 0 in jobNumber (Job)
[Friday, April 17, 2020 01:48:54 PM] Information 11240 >> count 0 in jobNumber (Job)
[Friday, April 17, 2020 01:52:36 PM] Information 11240 >> count 0 in jobNumber (Job)
[Friday, April 17, 2020 01:53:18 PM] Error 11240 >> Exception occured in : GetJobProfileSummary Object cannot be cast from DBNull to other types.   at System.DBNull.System.IConvertible.ToDateTime(IFormatProvider provider)
   at System.Convert.ToDateTime(Object value)
   at A1Carpentry.DBhelper.SqlHelper.GetJobProfileSummary()
[Friday, April 17, 2020 01:53:30 PM] Error 11240 >> Exception occured in : GetJobProfileSummary Object cannot be cast from DBNull to other types.   at System.DBNull.System.IConvertible.ToDateTime(IFormatProvider provider)
   at System.Convert.ToDateTime(Object value)
   at A1Carpentry.DBhelper.SqlHelper.GetJobProfileSummary()
[Friday, April 17, 2020 01:53:47 PM] Error 11240 >> Exception occured in : GetJobProfileSummary Object cannot be cast from DBNull to other types.   at System.DBNull.System.IConvertible.ToDateTime(IFormatProvider provider)
   at System.Convert.ToDateTime(Object value)
   at A1Carpentry.DBhelper.SqlHelper.GetJobProfileSummary()
[Friday, April 17, 2020 01:54:01 PM] Error 11240 >> Exception occured in : GetJobProfileSummary Object cannot be cast from DBNull to other types.   at System.DBNull.System.IConvertible.ToDateTime(IFormatProvider provider)
   at System.Convert.ToDateTime(Object value)
   at A1Carpentry.DBhelper.SqlHelper.GetJobProfileSummary()
[Friday, April 17, 2020 01:55:01 PM] Error 11240 >> Exception occured in : GetJobProfileSummary Object cannot be cast from DBNull to other types.   at System.DBNull.System.IConvertible.ToDateTime(IFormatProvider provider)
   at System.Convert.ToDateTime(Object value)
   at A1Carpentry.DBhelper.SqlHelper.GetJobProfileSummary()
[Friday, April 17, 2020 01:57:46 PM] Information 11240 >> count 0 in jobNumber (Job)
[Friday, April 17, 2020 01:58:00 PM] Error 11240 >> Exception occured in : GetJobProfileSummary Object cannot be cast from DBNull to other types.   at System.DBNull.System.IConvertible.ToDateTime(IFormatProvider provider)
   at System.Convert.ToDateTime(Object value)
   at A1Carpentry.DBhelper.SqlHelper.GetJobProfileSummary()
[Friday, April 17, 2020 03:43:45 PM] Error 17012 >> Exception occured in : GetJobProfileSummary Object cannot be cast from DBNull to other types.   at System.DBNull.System.IConvertible.ToDateTime(IFormatProvider provider)
   at System.Convert.ToDateTime(Object value)
   at A1Carpentry.DBhelper.SqlHelper.GetJobProfileSummary() in C:\Users\pc\source\repos\A1Carpentry MySql 04_04_19 (1)\A1Carpentry MySql 04_04_19\A1Carpentry\DBhelper\SqlHelper.cs:line 1554
[Friday, April 17, 2020 07:07:39 PM] Error 8268 >> Error occured in GetUserDetails Reading from the stream has failed.   at MySql.Data.MySqlClient.MySqlStream.LoadPacket()
   at MySql.Data.MySqlClient.MySqlStream.ReadPacket()
   at MySql.Data.MySqlClient.NativeDriver.ReadOk(Boolean read)
   at MySql.Data.MySqlClient.NativeDriver.SetDatabase(String dbName)
   at MySql.Data.MySqlClient.Driver.SetDatabase(String dbName)
   at MySql.Data.MySqlClient.MySqlConnection.ChangeDatabase(String databaseName)
   at MySql.Data.MySqlClient.MySqlConnection.Open()
   at A1Carpentry.DBhelper.SqlHelper.GetUserDetails(String username, String password, String email) in C:\Users\pc\source\repos\A1Carpentry MySql 04_04_19 (1)\A1Carpentry MySql 04_04_19\A1Carpentry\DBhelper\SqlHelper.cs:line 85
