Logs for: A1Carpentry , A1Carpentry
[Saturday, August 29, 2020 12:39:24 PM] Error 7804 >> Error occured in GetUserName Input string was not in a correct format.   at System.Number.StringToNumber(String str, NumberStyles options, NumberBuffer& number, NumberFormatInfo info, Boolean parseDecimal)
   at System.Number.ParseInt32(String s, NumberStyles style, NumberFormatInfo info)
   at System.Convert.ToInt32(String value)
   at System.Array.ConvertAll[TInput,TOutput](TInput[] array, Converter`2 converter)
   at A1Carpentry.DBhelper.SqlHelper.GetUserTools() in C:\Users\pc\source\repos\A1Carpentry MySql 04_04_19 (1)\A1Carpentry MySql 04_04_19\A1Carpentry\DBhelper\SqlHelper.cs:line 3612
[Saturday, August 29, 2020 12:44:54 PM] Error 13420 >> Error occured in GetUserName Input string was not in a correct format.   at System.Number.StringToNumber(String str, NumberStyles options, NumberBuffer& number, NumberFormatInfo info, Boolean parseDecimal)
   at System.Number.ParseInt32(String s, NumberStyles style, NumberFormatInfo info)
   at System.Convert.ToInt32(String value)
   at System.Array.ConvertAll[TInput,TOutput](TInput[] array, Converter`2 converter)
   at A1Carpentry.DBhelper.SqlHelper.GetUserTools() in C:\Users\pc\source\repos\A1Carpentry MySql 04_04_19 (1)\A1Carpentry MySql 04_04_19\A1Carpentry\DBhelper\SqlHelper.cs:line 3612
[Saturday, August 29, 2020 12:45:56 PM] Error 13420 >> Error occured in EmployeeProfile Failure sending mail.   at System.Net.Mail.SmtpClient.Send(MailMessage message)
   at A1Carpentry.Controllers.SuperAdminController.SendEmail(UsersModel ObjUser) in C:\Users\pc\source\repos\A1Carpentry MySql 04_04_19 (1)\A1Carpentry MySql 04_04_19\A1Carpentry\Controllers\SuperAdminController.cs:line 1678
   at A1Carpentry.Controllers.SuperAdminController.employeetools(List`1 ToolName) in C:\Users\pc\source\repos\A1Carpentry MySql 04_04_19 (1)\A1Carpentry MySql 04_04_19\A1Carpentry\Controllers\SuperAdminController.cs:line 184
[Saturday, August 29, 2020 12:46:54 PM] Error 13420 >> Error occured in UpdateEmployeeDetails in ToolsObject reference not set to an instance of an object.   at A1Carpentry.Controllers.SuperAdminController.<>c__DisplayClass57_0.<EmployeeDetails>b__1(Int32 s) in C:\Users\pc\source\repos\A1Carpentry MySql 04_04_19 (1)\A1Carpentry MySql 04_04_19\A1Carpentry\Controllers\SuperAdminController.cs:line 2441
   at System.Linq.Enumerable.WhereListIterator`1.MoveNext()
   at System.Collections.Generic.List`1..ctor(IEnumerable`1 collection)
   at System.Linq.Enumerable.ToList[TSource](IEnumerable`1 source)
   at A1Carpentry.Controllers.SuperAdminController.EmployeeDetails(List`1 ToolName) in C:\Users\pc\source\repos\A1Carpentry MySql 04_04_19 (1)\A1Carpentry MySql 04_04_19\A1Carpentry\Controllers\SuperAdminController.cs:line 2441
[Saturday, August 29, 2020 12:47:40 PM] Error 13420 >> Error occured in UpdateEmployeeDetails in ToolsObject reference not set to an instance of an object.   at A1Carpentry.Controllers.SuperAdminController.<>c__DisplayClass57_0.<EmployeeDetails>b__1(Int32 s) in C:\Users\pc\source\repos\A1Carpentry MySql 04_04_19 (1)\A1Carpentry MySql 04_04_19\A1Carpentry\Controllers\SuperAdminController.cs:line 2441
   at System.Linq.Enumerable.WhereListIterator`1.MoveNext()
   at System.Collections.Generic.List`1..ctor(IEnumerable`1 collection)
   at System.Linq.Enumerable.ToList[TSource](IEnumerable`1 source)
   at A1Carpentry.Controllers.SuperAdminController.EmployeeDetails(List`1 ToolName) in C:\Users\pc\source\repos\A1Carpentry MySql 04_04_19 (1)\A1Carpentry MySql 04_04_19\A1Carpentry\Controllers\SuperAdminController.cs:line 2441
[Saturday, August 29, 2020 01:16:51 PM] Error 10728 >> Error occured in JobTypesList Unable to connect to any of the specified MySQL hosts.   at MySql.Data.MySqlClient.NativeDriver.Open()
   at MySql.Data.MySqlClient.Driver.Open()
   at MySql.Data.MySqlClient.Driver.Create(MySqlConnectionStringBuilder settings)
   at MySql.Data.MySqlClient.MySqlPool.CreateNewPooledConnection()
   at MySql.Data.MySqlClient.MySqlPool.GetPooledConnection()
   at MySql.Data.MySqlClient.MySqlPool.TryToGetDriver()
   at MySql.Data.MySqlClient.MySqlPool.GetConnection()
   at MySql.Data.MySqlClient.MySqlConnection.Open()
   at A1Carpentry.DBhelper.SqlHelper.JobTypesList() in C:\Users\pc\source\repos\A1Carpentry MySql 04_04_19 (1)\A1Carpentry MySql 04_04_19\A1Carpentry\DBhelper\SqlHelper.cs:line 239
[Saturday, August 29, 2020 01:17:06 PM] Error 10728 >> Error occured in ClientsList Unable to connect to any of the specified MySQL hosts.   at MySql.Data.MySqlClient.NativeDriver.Open()
   at MySql.Data.MySqlClient.Driver.Open()
   at MySql.Data.MySqlClient.Driver.Create(MySqlConnectionStringBuilder settings)
   at MySql.Data.MySqlClient.MySqlPool.CreateNewPooledConnection()
   at MySql.Data.MySqlClient.MySqlPool.GetPooledConnection()
   at MySql.Data.MySqlClient.MySqlPool.TryToGetDriver()
   at MySql.Data.MySqlClient.MySqlPool.GetConnection()
   at MySql.Data.MySqlClient.MySqlConnection.Open()
   at A1Carpentry.DBhelper.SqlHelper.ClientsList() in C:\Users\pc\source\repos\A1Carpentry MySql 04_04_19 (1)\A1Carpentry MySql 04_04_19\A1Carpentry\DBhelper\SqlHelper.cs:line 436
[Saturday, August 29, 2020 01:17:21 PM] Error 10728 >> Error occured in PreTasksList Unable to connect to any of the specified MySQL hosts.   at MySql.Data.MySqlClient.NativeDriver.Open()
   at MySql.Data.MySqlClient.Driver.Open()
   at MySql.Data.MySqlClient.Driver.Create(MySqlConnectionStringBuilder settings)
   at MySql.Data.MySqlClient.MySqlPool.CreateNewPooledConnection()
   at MySql.Data.MySqlClient.MySqlPool.GetPooledConnection()
   at MySql.Data.MySqlClient.MySqlPool.TryToGetDriver()
   at MySql.Data.MySqlClient.MySqlPool.GetConnection()
   at MySql.Data.MySqlClient.MySqlConnection.Open()
   at A1Carpentry.DBhelper.SqlHelper.PreTasksList() in C:\Users\pc\source\repos\A1Carpentry MySql 04_04_19 (1)\A1Carpentry MySql 04_04_19\A1Carpentry\DBhelper\SqlHelper.cs:line 487
[Saturday, August 29, 2020 02:17:51 PM] Error 10728 >> Error occured in GetUserDetails Unable to connect to any of the specified MySQL hosts.   at MySql.Data.MySqlClient.NativeDriver.Open()
   at MySql.Data.MySqlClient.Driver.Open()
   at MySql.Data.MySqlClient.Driver.Create(MySqlConnectionStringBuilder settings)
   at MySql.Data.MySqlClient.MySqlPool.CreateNewPooledConnection()
   at MySql.Data.MySqlClient.MySqlPool.GetPooledConnection()
   at MySql.Data.MySqlClient.MySqlPool.TryToGetDriver()
   at MySql.Data.MySqlClient.MySqlPool.GetConnection()
   at MySql.Data.MySqlClient.MySqlConnection.Open()
   at A1Carpentry.DBhelper.SqlHelper.GetUserDetails(String username, String password, String email) in C:\Users\pc\source\repos\A1Carpentry MySql 04_04_19 (1)\A1Carpentry MySql 04_04_19\A1Carpentry\DBhelper\SqlHelper.cs:line 78
