Logs for: A1Carpentry , A1Carpentry
[Friday, January 24, 2020 11:53:31 AM] Error 16344 >> Error occured in GenerateReports Failure sending mail.   at System.Net.Mail.SmtpClient.Send(MailMessage message)
   at A1Carpentry.Controllers.SuperAdminController.SendAttachmentEmail(String Email, HttpPostedFileBase fileUploader) in C:\Users\lambda\Desktop\ATT Lighter Version\A1Carpentry MySql 04_04_19\A1Carpentry\Controllers\SuperAdminController.cs:line 1409
   at A1Carpentry.Controllers.SuperAdminController.GenerateReports(String startDate, String endDate) in C:\Users\lambda\Desktop\ATT Lighter Version\A1Carpentry MySql 04_04_19\A1Carpentry\Controllers\SuperAdminController.cs:line 891
[Friday, January 24, 2020 11:58:25 AM] Error 11188 >> Error occured in GenerateReports Failure sending mail.   at System.Net.Mail.SmtpClient.Send(MailMessage message)
   at A1Carpentry.Controllers.SuperAdminController.SendAttachmentEmail(String Email, HttpPostedFileBase fileUploader) in C:\Users\lambda\Desktop\ATT Lighter Version\A1Carpentry MySql 04_04_19\A1Carpentry\Controllers\SuperAdminController.cs:line 1409
   at A1Carpentry.Controllers.SuperAdminController.GenerateReports(String startDate, String endDate) in C:\Users\lambda\Desktop\ATT Lighter Version\A1Carpentry MySql 04_04_19\A1Carpentry\Controllers\SuperAdminController.cs:line 891
[Friday, January 24, 2020 12:24:57 PM] Error 12284 >> Error occured in EmployeeProfile (Post)Failure sending mail.   at System.Net.Mail.SmtpClient.Send(MailMessage message)
   at A1Carpentry.Controllers.SuperAdminController.SendEmail(UsersModel ObjUser) in C:\Users\lambda\Desktop\ATT Lighter Version\A1Carpentry MySql 04_04_19\A1Carpentry\Controllers\SuperAdminController.cs:line 1375
   at A1Carpentry.Controllers.SuperAdminController.EmployeeProfile(UsersModel objUser, HttpPostedFileBase file) in C:\Users\lambda\Desktop\ATT Lighter Version\A1Carpentry MySql 04_04_19\A1Carpentry\Controllers\SuperAdminController.cs:line 160
[Friday, January 24, 2020 12:49:55 PM] Error 18048 >> Error occured in GenerateReports Failure sending mail.   at System.Net.Mail.SmtpClient.Send(MailMessage message)
   at A1Carpentry.Controllers.SuperAdminController.SendAttachmentEmail(String Email, HttpPostedFileBase fileUploader) in C:\Users\lambda\Desktop\ATT Lighter Version\A1Carpentry MySql 04_04_19\A1Carpentry\Controllers\SuperAdminController.cs:line 1409
   at A1Carpentry.Controllers.SuperAdminController.GenerateReports(String startDate, String endDate) in C:\Users\lambda\Desktop\ATT Lighter Version\A1Carpentry MySql 04_04_19\A1Carpentry\Controllers\SuperAdminController.cs:line 891
[Friday, January 24, 2020 01:21:54 PM] Error 15528 >> Error occured in ReasonSubmit (JsonResult)Failure sending mail.   at System.Net.Mail.SmtpClient.Send(MailMessage message)
   at A1Carpentry.Controllers.SupervisorController.SendEmail(String email, String firstName, String lastName, String status, String jobNumber) in C:\Users\lambda\Desktop\ATT Lighter Version\A1Carpentry MySql 04_04_19\A1Carpentry\Controllers\SupervisorController.cs:line 563
   at A1Carpentry.Controllers.SupervisorController.ReasonSubmit(String Reason, String JobDId) in C:\Users\lambda\Desktop\ATT Lighter Version\A1Carpentry MySql 04_04_19\A1Carpentry\Controllers\SupervisorController.cs:line 285
[Friday, January 24, 2020 01:22:52 PM] Error 15528 >> Error occured in ReApprovalFailure sending mail.   at System.Net.Mail.SmtpClient.Send(MailMessage message)
   at A1Carpentry.Controllers.SupervisorController.SendEmail(String email, String firstName, String lastName, String status, String jobNumber) in C:\Users\lambda\Desktop\ATT Lighter Version\A1Carpentry MySql 04_04_19\A1Carpentry\Controllers\SupervisorController.cs:line 563
   at A1Carpentry.Controllers.SupervisorController.ReApproval(Int32 id) in C:\Users\lambda\Desktop\ATT Lighter Version\A1Carpentry MySql 04_04_19\A1Carpentry\Controllers\SupervisorController.cs:line 526
[Friday, January 24, 2020 02:52:17 PM] Error 17644 >> Error occured in GenerateReports Failure sending mail.   at System.Net.Mail.SmtpClient.Send(MailMessage message)
   at A1Carpentry.Controllers.SuperAdminController.SendAttachmentEmail(String Email, HttpPostedFileBase fileUploader) in C:\Users\lambda\Desktop\ATT Lighter Version\A1Carpentry MySql 04_04_19\A1Carpentry\Controllers\SuperAdminController.cs:line 1409
   at A1Carpentry.Controllers.SuperAdminController.GenerateReports(String startDate, String endDate) in C:\Users\lambda\Desktop\ATT Lighter Version\A1Carpentry MySql 04_04_19\A1Carpentry\Controllers\SuperAdminController.cs:line 891
