Logs for: A1Carpentry , A1Carpentry
[Wednesday, June 17, 2020 02:11:39 PM] Error 22228 >> Exception occured in : GetAllUserDetails Object cannot be cast from DBNull to other types.   at System.DBNull.System.IConvertible.ToDecimal(IFormatProvider provider)
   at System.Convert.ToDecimal(Object value)
   at A1Carpentry.DBhelper.SqlHelper.GetAllUserDetails() in C:\Users\pc\source\repos\A1Carpentry MySql 04_04_19 (1)\A1Carpentry MySql 04_04_19\A1Carpentry\DBhelper\SqlHelper.cs:line 1339
[Wednesday, June 17, 2020 02:39:32 PM] Error 9836 >> Exception occured in : GetAllUserDetails Object cannot be cast from DBNull to other types.   at System.DBNull.System.IConvertible.ToDecimal(IFormatProvider provider)
   at System.Convert.ToDecimal(Object value)
   at A1Carpentry.DBhelper.SqlHelper.GetAllUserDetails() in C:\Users\pc\source\repos\A1Carpentry MySql 04_04_19 (1)\A1Carpentry MySql 04_04_19\A1Carpentry\DBhelper\SqlHelper.cs:line 1339
[Wednesday, June 17, 2020 02:40:07 PM] Error 9836 >> Exception occured in : GetAllUserDetails Object cannot be cast from DBNull to other types.   at System.DBNull.System.IConvertible.ToDecimal(IFormatProvider provider)
   at System.Convert.ToDecimal(Object value)
   at A1Carpentry.DBhelper.SqlHelper.GetAllUserDetails() in C:\Users\pc\source\repos\A1Carpentry MySql 04_04_19 (1)\A1Carpentry MySql 04_04_19\A1Carpentry\DBhelper\SqlHelper.cs:line 1339
[Wednesday, June 17, 2020 02:55:25 PM] Error 22500 >> Exception occured in : GetAllUserDetails Object cannot be cast from DBNull to other types.   at System.DBNull.System.IConvertible.ToDecimal(IFormatProvider provider)
   at System.Convert.ToDecimal(Object value)
   at A1Carpentry.DBhelper.SqlHelper.GetAllUserDetails() in C:\Users\pc\source\repos\A1Carpentry MySql 04_04_19 (1)\A1Carpentry MySql 04_04_19\A1Carpentry\DBhelper\SqlHelper.cs:line 1339
[Wednesday, June 17, 2020 02:55:41 PM] Error 22500 >> Exception occured in : GetAllUserDetails Object cannot be cast from DBNull to other types.   at System.DBNull.System.IConvertible.ToDecimal(IFormatProvider provider)
   at System.Convert.ToDecimal(Object value)
   at A1Carpentry.DBhelper.SqlHelper.GetAllUserDetails() in C:\Users\pc\source\repos\A1Carpentry MySql 04_04_19 (1)\A1Carpentry MySql 04_04_19\A1Carpentry\DBhelper\SqlHelper.cs:line 1339
[Wednesday, June 17, 2020 02:59:08 PM] Error 22500 >> Exception occured in : GetAllUserDetails Object cannot be cast from DBNull to other types.   at System.DBNull.System.IConvertible.ToDecimal(IFormatProvider provider)
   at System.Convert.ToDecimal(Object value)
   at A1Carpentry.DBhelper.SqlHelper.GetAllUserDetails() in C:\Users\pc\source\repos\A1Carpentry MySql 04_04_19 (1)\A1Carpentry MySql 04_04_19\A1Carpentry\DBhelper\SqlHelper.cs:line 1339
[Wednesday, June 17, 2020 03:02:11 PM] Error 12668 >> Exception occured in : GetAllUserDetails Object cannot be cast from DBNull to other types.   at System.DBNull.System.IConvertible.ToDecimal(IFormatProvider provider)
   at System.Convert.ToDecimal(Object value)
   at A1Carpentry.DBhelper.SqlHelper.GetAllUserDetails() in C:\Users\pc\source\repos\A1Carpentry MySql 04_04_19 (1)\A1Carpentry MySql 04_04_19\A1Carpentry\DBhelper\SqlHelper.cs:line 1339
[Wednesday, June 17, 2020 03:02:25 PM] Error 12668 >> Exception occured in : GetAllUserDetails Object cannot be cast from DBNull to other types.   at System.DBNull.System.IConvertible.ToDecimal(IFormatProvider provider)
   at System.Convert.ToDecimal(Object value)
   at A1Carpentry.DBhelper.SqlHelper.GetAllUserDetails() in C:\Users\pc\source\repos\A1Carpentry MySql 04_04_19 (1)\A1Carpentry MySql 04_04_19\A1Carpentry\DBhelper\SqlHelper.cs:line 1339
[Wednesday, June 17, 2020 03:13:03 PM] Error 12668 >> Exception occured in : GetAllUserDetails Object cannot be cast from DBNull to other types.   at System.DBNull.System.IConvertible.ToDecimal(IFormatProvider provider)
   at System.Convert.ToDecimal(Object value)
   at A1Carpentry.DBhelper.SqlHelper.GetAllUserDetails() in C:\Users\pc\source\repos\A1Carpentry MySql 04_04_19 (1)\A1Carpentry MySql 04_04_19\A1Carpentry\DBhelper\SqlHelper.cs:line 1339
[Wednesday, June 17, 2020 03:58:09 PM] Error 18280 >> Exception occured in : GetAllUserDetails Object cannot be cast from DBNull to other types.   at System.DBNull.System.IConvertible.ToDecimal(IFormatProvider provider)
   at System.Convert.ToDecimal(Object value)
   at A1Carpentry.DBhelper.SqlHelper.GetAllUserDetails() in C:\Users\pc\source\repos\A1Carpentry MySql 04_04_19 (1)\A1Carpentry MySql 04_04_19\A1Carpentry\DBhelper\SqlHelper.cs:line 1339
[Wednesday, June 17, 2020 03:58:57 PM] Error 18280 >> Exception occured in : GetAllUserDetails Object cannot be cast from DBNull to other types.   at System.DBNull.System.IConvertible.ToDecimal(IFormatProvider provider)
   at System.Convert.ToDecimal(Object value)
   at A1Carpentry.DBhelper.SqlHelper.GetAllUserDetails() in C:\Users\pc\source\repos\A1Carpentry MySql 04_04_19 (1)\A1Carpentry MySql 04_04_19\A1Carpentry\DBhelper\SqlHelper.cs:line 1339
[Wednesday, June 17, 2020 04:20:24 PM] Error 4068 >> Exception occured in : GetAllUserDetails Object cannot be cast from DBNull to other types.   at System.DBNull.System.IConvertible.ToDecimal(IFormatProvider provider)
   at System.Convert.ToDecimal(Object value)
   at A1Carpentry.DBhelper.SqlHelper.GetAllUserDetails() in C:\Users\pc\source\repos\A1Carpentry MySql 04_04_19 (1)\A1Carpentry MySql 04_04_19\A1Carpentry\DBhelper\SqlHelper.cs:line 1339
[Wednesday, June 17, 2020 04:24:27 PM] Error 4068 >> Exception occured in : GetAllUserDetails Object cannot be cast from DBNull to other types.   at System.DBNull.System.IConvertible.ToDecimal(IFormatProvider provider)
   at System.Convert.ToDecimal(Object value)
   at A1Carpentry.DBhelper.SqlHelper.GetAllUserDetails() in C:\Users\pc\source\repos\A1Carpentry MySql 04_04_19 (1)\A1Carpentry MySql 04_04_19\A1Carpentry\DBhelper\SqlHelper.cs:line 1339
[Wednesday, June 17, 2020 04:24:37 PM] Error 4068 >> Exception occured in : GetAllUserDetails Object cannot be cast from DBNull to other types.   at System.DBNull.System.IConvertible.ToDecimal(IFormatProvider provider)
   at System.Convert.ToDecimal(Object value)
   at A1Carpentry.DBhelper.SqlHelper.GetAllUserDetails() in C:\Users\pc\source\repos\A1Carpentry MySql 04_04_19 (1)\A1Carpentry MySql 04_04_19\A1Carpentry\DBhelper\SqlHelper.cs:line 1339
[Wednesday, June 17, 2020 04:34:07 PM] Error 4068 >> Exception occured in : GetAllUserDetails Object cannot be cast from DBNull to other types.   at System.DBNull.System.IConvertible.ToDecimal(IFormatProvider provider)
   at System.Convert.ToDecimal(Object value)
   at A1Carpentry.DBhelper.SqlHelper.GetAllUserDetails()
[Wednesday, June 17, 2020 04:34:13 PM] Error 4068 >> Exception occured in : GetAllUserDetails Object cannot be cast from DBNull to other types.   at System.DBNull.System.IConvertible.ToDecimal(IFormatProvider provider)
   at System.Convert.ToDecimal(Object value)
   at A1Carpentry.DBhelper.SqlHelper.GetAllUserDetails()
[Wednesday, June 17, 2020 04:35:46 PM] Error 4068 >> Exception occured in : GetTools NamesYou have an error in your SQL syntax; check the manual that corresponds to your MySQL server version for the right syntax to use near ')' at line 1   at MySql.Data.MySqlClient.MySqlStream.ReadPacket()
   at MySql.Data.MySqlClient.NativeDriver.GetResult(Int32& affectedRow, Int64& insertedId)
   at MySql.Data.MySqlClient.Driver.GetResult(Int32 statementId, Int32& affectedRows, Int64& insertedId)
   at MySql.Data.MySqlClient.Driver.NextResult(Int32 statementId, Boolean force)
   at MySql.Data.MySqlClient.MySqlDataReader.NextResult()
   at MySql.Data.MySqlClient.MySqlCommand.ExecuteReader(CommandBehavior behavior)
   at MySql.Data.MySqlClient.MySqlCommand.ExecuteReader()
   at A1Carpentry.DBhelper.SqlHelper.toolnames(String str)
[Wednesday, June 17, 2020 04:42:05 PM] Error 21076 >> Exception occured in : GetAllUserDetails Object cannot be cast from DBNull to other types.   at System.DBNull.System.IConvertible.ToDecimal(IFormatProvider provider)
   at System.Convert.ToDecimal(Object value)
   at A1Carpentry.DBhelper.SqlHelper.GetAllUserDetails() in C:\Users\pc\source\repos\A1Carpentry MySql 04_04_19 (1)\A1Carpentry MySql 04_04_19\A1Carpentry\DBhelper\SqlHelper.cs:line 1339
[Wednesday, June 17, 2020 04:43:54 PM] Error 21076 >> Exception occured in : GetAllUserDetails Object cannot be cast from DBNull to other types.   at System.DBNull.System.IConvertible.ToDecimal(IFormatProvider provider)
   at System.Convert.ToDecimal(Object value)
   at A1Carpentry.DBhelper.SqlHelper.GetAllUserDetails() in C:\Users\pc\source\repos\A1Carpentry MySql 04_04_19 (1)\A1Carpentry MySql 04_04_19\A1Carpentry\DBhelper\SqlHelper.cs:line 1339
[Wednesday, June 17, 2020 05:05:45 PM] Error 21076 >> Exception occured in : GetAllUserDetails Object cannot be cast from DBNull to other types.   at System.DBNull.System.IConvertible.ToDecimal(IFormatProvider provider)
   at System.Convert.ToDecimal(Object value)
   at A1Carpentry.DBhelper.SqlHelper.GetAllUserDetails() in C:\Users\pc\source\repos\A1Carpentry MySql 04_04_19 (1)\A1Carpentry MySql 04_04_19\A1Carpentry\DBhelper\SqlHelper.cs:line 1339
[Wednesday, June 17, 2020 05:49:07 PM] Error 21076 >> Error occured in EmployeeProfile Failure sending mail.   at System.Net.Mail.SmtpClient.Send(MailMessage message)
   at A1Carpentry.Controllers.SuperAdminController.SendEmail(UsersModel ObjUser) in C:\Users\pc\source\repos\A1Carpentry MySql 04_04_19 (1)\A1Carpentry MySql 04_04_19\A1Carpentry\Controllers\SuperAdminController.cs:line 1528
   at A1Carpentry.Controllers.SuperAdminController.employeetools(UsersModel objJobs, List`1 ToolName) in C:\Users\pc\source\repos\A1Carpentry MySql 04_04_19 (1)\A1Carpentry MySql 04_04_19\A1Carpentry\Controllers\SuperAdminController.cs:line 164
[Wednesday, June 17, 2020 05:49:08 PM] Error 21076 >> Exception occured in : GetAllUserDetails Object cannot be cast from DBNull to other types.   at System.DBNull.System.IConvertible.ToDecimal(IFormatProvider provider)
   at System.Convert.ToDecimal(Object value)
   at A1Carpentry.DBhelper.SqlHelper.GetAllUserDetails() in C:\Users\pc\source\repos\A1Carpentry MySql 04_04_19 (1)\A1Carpentry MySql 04_04_19\A1Carpentry\DBhelper\SqlHelper.cs:line 1339
[Wednesday, June 17, 2020 05:53:41 PM] Error 21076 >> Error occured in EmployeeProfile Failure sending mail.   at System.Net.Mail.SmtpClient.Send(MailMessage message)
   at A1Carpentry.Controllers.SuperAdminController.SendEmail(UsersModel ObjUser) in C:\Users\pc\source\repos\A1Carpentry MySql 04_04_19 (1)\A1Carpentry MySql 04_04_19\A1Carpentry\Controllers\SuperAdminController.cs:line 1528
   at A1Carpentry.Controllers.SuperAdminController.employeetools(UsersModel objJobs, List`1 ToolName) in C:\Users\pc\source\repos\A1Carpentry MySql 04_04_19 (1)\A1Carpentry MySql 04_04_19\A1Carpentry\Controllers\SuperAdminController.cs:line 164
[Wednesday, June 17, 2020 05:54:35 PM] Error 21076 >> Error occured in EmployeeProfile Failure sending mail.   at System.Net.Mail.SmtpClient.Send(MailMessage message)
   at A1Carpentry.Controllers.SuperAdminController.SendEmail(UsersModel ObjUser) in C:\Users\pc\source\repos\A1Carpentry MySql 04_04_19 (1)\A1Carpentry MySql 04_04_19\A1Carpentry\Controllers\SuperAdminController.cs:line 1528
   at A1Carpentry.Controllers.SuperAdminController.employeetools(UsersModel objJobs, List`1 ToolName) in C:\Users\pc\source\repos\A1Carpentry MySql 04_04_19 (1)\A1Carpentry MySql 04_04_19\A1Carpentry\Controllers\SuperAdminController.cs:line 164
[Wednesday, June 17, 2020 06:06:34 PM] Error 21076 >> Exception occured in : GetAllUserDetails Object cannot be cast from DBNull to other types.   at System.DBNull.System.IConvertible.ToDecimal(IFormatProvider provider)
   at System.Convert.ToDecimal(Object value)
   at A1Carpentry.DBhelper.SqlHelper.GetAllUserDetails() in C:\Users\pc\source\repos\A1Carpentry MySql 04_04_19 (1)\A1Carpentry MySql 04_04_19\A1Carpentry\DBhelper\SqlHelper.cs:line 1339
[Wednesday, June 17, 2020 06:16:41 PM] Error 21076 >> Exception occured in : GetAllUserDetails Object cannot be cast from DBNull to other types.   at System.DBNull.System.IConvertible.ToDecimal(IFormatProvider provider)
   at System.Convert.ToDecimal(Object value)
   at A1Carpentry.DBhelper.SqlHelper.GetAllUserDetails() in C:\Users\pc\source\repos\A1Carpentry MySql 04_04_19 (1)\A1Carpentry MySql 04_04_19\A1Carpentry\DBhelper\SqlHelper.cs:line 1339
[Wednesday, June 17, 2020 06:16:54 PM] Error 21076 >> Exception occured in : GetAllUserDetails Object cannot be cast from DBNull to other types.   at System.DBNull.System.IConvertible.ToDecimal(IFormatProvider provider)
   at System.Convert.ToDecimal(Object value)
   at A1Carpentry.DBhelper.SqlHelper.GetAllUserDetails() in C:\Users\pc\source\repos\A1Carpentry MySql 04_04_19 (1)\A1Carpentry MySql 04_04_19\A1Carpentry\DBhelper\SqlHelper.cs:line 1339
[Wednesday, June 17, 2020 06:20:07 PM] Error 21076 >> Error occured in EmployeeProfile Object reference not set to an instance of an object.   at A1Carpentry.Controllers.SuperAdminController.employeetools(UsersModel objJobs, List`1 ToolName) in C:\Users\pc\source\repos\A1Carpentry MySql 04_04_19 (1)\A1Carpentry MySql 04_04_19\A1Carpentry\Controllers\SuperAdminController.cs:line 155
[Wednesday, June 17, 2020 06:20:10 PM] Error 21076 >> Exception occured in : GetAllUserDetails Object cannot be cast from DBNull to other types.   at System.DBNull.System.IConvertible.ToDecimal(IFormatProvider provider)
   at System.Convert.ToDecimal(Object value)
   at A1Carpentry.DBhelper.SqlHelper.GetAllUserDetails() in C:\Users\pc\source\repos\A1Carpentry MySql 04_04_19 (1)\A1Carpentry MySql 04_04_19\A1Carpentry\DBhelper\SqlHelper.cs:line 1339
[Wednesday, June 17, 2020 06:21:31 PM] Error 21076 >> Exception occured in : GetAllUserDetails Object cannot be cast from DBNull to other types.   at System.DBNull.System.IConvertible.ToDecimal(IFormatProvider provider)
   at System.Convert.ToDecimal(Object value)
   at A1Carpentry.DBhelper.SqlHelper.GetAllUserDetails() in C:\Users\pc\source\repos\A1Carpentry MySql 04_04_19 (1)\A1Carpentry MySql 04_04_19\A1Carpentry\DBhelper\SqlHelper.cs:line 1339
[Wednesday, June 17, 2020 06:27:31 PM] Error 15092 >> Exception occured in : GetAllUserDetails Object cannot be cast from DBNull to other types.   at System.DBNull.System.IConvertible.ToDecimal(IFormatProvider provider)
   at System.Convert.ToDecimal(Object value)
   at A1Carpentry.DBhelper.SqlHelper.GetAllUserDetails() in C:\Users\pc\source\repos\A1Carpentry MySql 04_04_19 (1)\A1Carpentry MySql 04_04_19\A1Carpentry\DBhelper\SqlHelper.cs:line 1339
[Wednesday, June 17, 2020 06:27:47 PM] Error 15092 >> Exception occured in : GetAllUserDetails Object cannot be cast from DBNull to other types.   at System.DBNull.System.IConvertible.ToDecimal(IFormatProvider provider)
   at System.Convert.ToDecimal(Object value)
   at A1Carpentry.DBhelper.SqlHelper.GetAllUserDetails() in C:\Users\pc\source\repos\A1Carpentry MySql 04_04_19 (1)\A1Carpentry MySql 04_04_19\A1Carpentry\DBhelper\SqlHelper.cs:line 1339
[Wednesday, June 17, 2020 06:31:29 PM] Error 15092 >> Exception occured in : GetAllUserDetails Object cannot be cast from DBNull to other types.   at System.DBNull.System.IConvertible.ToDecimal(IFormatProvider provider)
   at System.Convert.ToDecimal(Object value)
   at A1Carpentry.DBhelper.SqlHelper.GetAllUserDetails() in C:\Users\pc\source\repos\A1Carpentry MySql 04_04_19 (1)\A1Carpentry MySql 04_04_19\A1Carpentry\DBhelper\SqlHelper.cs:line 1339
[Wednesday, June 17, 2020 06:31:35 PM] Error 15092 >> Exception occured in : GetAllUserDetails Object cannot be cast from DBNull to other types.   at System.DBNull.System.IConvertible.ToDecimal(IFormatProvider provider)
   at System.Convert.ToDecimal(Object value)
   at A1Carpentry.DBhelper.SqlHelper.GetAllUserDetails() in C:\Users\pc\source\repos\A1Carpentry MySql 04_04_19 (1)\A1Carpentry MySql 04_04_19\A1Carpentry\DBhelper\SqlHelper.cs:line 1339
[Wednesday, June 17, 2020 06:39:36 PM] Error 5292 >> Exception occured in : GetAllUserDetails Object cannot be cast from DBNull to other types.   at System.DBNull.System.IConvertible.ToDecimal(IFormatProvider provider)
   at System.Convert.ToDecimal(Object value)
   at A1Carpentry.DBhelper.SqlHelper.GetAllUserDetails() in C:\Users\pc\source\repos\A1Carpentry MySql 04_04_19 (1)\A1Carpentry MySql 04_04_19\A1Carpentry\DBhelper\SqlHelper.cs:line 1339
[Wednesday, June 17, 2020 06:39:54 PM] Error 5292 >> Exception occured in : GetAllUserDetails Object cannot be cast from DBNull to other types.   at System.DBNull.System.IConvertible.ToDecimal(IFormatProvider provider)
   at System.Convert.ToDecimal(Object value)
   at A1Carpentry.DBhelper.SqlHelper.GetAllUserDetails() in C:\Users\pc\source\repos\A1Carpentry MySql 04_04_19 (1)\A1Carpentry MySql 04_04_19\A1Carpentry\DBhelper\SqlHelper.cs:line 1339
[Wednesday, June 17, 2020 06:42:53 PM] Error 5292 >> Exception occured in : GetAllUserDetails Object cannot be cast from DBNull to other types.   at System.DBNull.System.IConvertible.ToDecimal(IFormatProvider provider)
   at System.Convert.ToDecimal(Object value)
   at A1Carpentry.DBhelper.SqlHelper.GetAllUserDetails() in C:\Users\pc\source\repos\A1Carpentry MySql 04_04_19 (1)\A1Carpentry MySql 04_04_19\A1Carpentry\DBhelper\SqlHelper.cs:line 1339
[Wednesday, June 17, 2020 07:12:39 PM] Error 17980 >> Exception occured in : GetAllUserDetails Object cannot be cast from DBNull to other types.   at System.DBNull.System.IConvertible.ToDecimal(IFormatProvider provider)
   at System.Convert.ToDecimal(Object value)
   at A1Carpentry.DBhelper.SqlHelper.GetAllUserDetails() in C:\Users\pc\source\repos\A1Carpentry MySql 04_04_19 (1)\A1Carpentry MySql 04_04_19\A1Carpentry\DBhelper\SqlHelper.cs:line 1339
[Wednesday, June 17, 2020 07:13:38 PM] Error 17980 >> Exception occured in : GetAllUserDetails Object cannot be cast from DBNull to other types.   at System.DBNull.System.IConvertible.ToDecimal(IFormatProvider provider)
   at System.Convert.ToDecimal(Object value)
   at A1Carpentry.DBhelper.SqlHelper.GetAllUserDetails() in C:\Users\pc\source\repos\A1Carpentry MySql 04_04_19 (1)\A1Carpentry MySql 04_04_19\A1Carpentry\DBhelper\SqlHelper.cs:line 1339
[Wednesday, June 17, 2020 07:16:36 PM] Error 15444 >> Exception occured in : GetAllUserDetails Object cannot be cast from DBNull to other types.   at System.DBNull.System.IConvertible.ToDecimal(IFormatProvider provider)
   at System.Convert.ToDecimal(Object value)
   at A1Carpentry.DBhelper.SqlHelper.GetAllUserDetails() in C:\Users\pc\source\repos\A1Carpentry MySql 04_04_19 (1)\A1Carpentry MySql 04_04_19\A1Carpentry\DBhelper\SqlHelper.cs:line 1339
[Wednesday, June 17, 2020 07:17:14 PM] Error 15444 >> Exception occured in : GetAllUserDetails Object cannot be cast from DBNull to other types.   at System.DBNull.System.IConvertible.ToDecimal(IFormatProvider provider)
   at System.Convert.ToDecimal(Object value)
   at A1Carpentry.DBhelper.SqlHelper.GetAllUserDetails() in C:\Users\pc\source\repos\A1Carpentry MySql 04_04_19 (1)\A1Carpentry MySql 04_04_19\A1Carpentry\DBhelper\SqlHelper.cs:line 1339
[Wednesday, June 17, 2020 07:24:48 PM] Error 11628 >> Exception occured in : GetAllUserDetails Object cannot be cast from DBNull to other types.   at System.DBNull.System.IConvertible.ToDecimal(IFormatProvider provider)
   at System.Convert.ToDecimal(Object value)
   at A1Carpentry.DBhelper.SqlHelper.GetAllUserDetails() in C:\Users\pc\source\repos\A1Carpentry MySql 04_04_19 (1)\A1Carpentry MySql 04_04_19\A1Carpentry\DBhelper\SqlHelper.cs:line 1339
[Wednesday, June 17, 2020 07:25:14 PM] Error 11628 >> Exception occured in : GetAllUserDetails Object cannot be cast from DBNull to other types.   at System.DBNull.System.IConvertible.ToDecimal(IFormatProvider provider)
   at System.Convert.ToDecimal(Object value)
   at A1Carpentry.DBhelper.SqlHelper.GetAllUserDetails() in C:\Users\pc\source\repos\A1Carpentry MySql 04_04_19 (1)\A1Carpentry MySql 04_04_19\A1Carpentry\DBhelper\SqlHelper.cs:line 1339
[Wednesday, June 17, 2020 07:27:33 PM] Error 11628 >> Exception occured in : GetAllUserDetails Object cannot be cast from DBNull to other types.   at System.DBNull.System.IConvertible.ToDecimal(IFormatProvider provider)
   at System.Convert.ToDecimal(Object value)
   at A1Carpentry.DBhelper.SqlHelper.GetAllUserDetails() in C:\Users\pc\source\repos\A1Carpentry MySql 04_04_19 (1)\A1Carpentry MySql 04_04_19\A1Carpentry\DBhelper\SqlHelper.cs:line 1339
[Wednesday, June 17, 2020 07:29:42 PM] Error 11628 >> Exception occured in : GetAllUserDetails Object cannot be cast from DBNull to other types.   at System.DBNull.System.IConvertible.ToDecimal(IFormatProvider provider)
   at System.Convert.ToDecimal(Object value)
   at A1Carpentry.DBhelper.SqlHelper.GetAllUserDetails() in C:\Users\pc\source\repos\A1Carpentry MySql 04_04_19 (1)\A1Carpentry MySql 04_04_19\A1Carpentry\DBhelper\SqlHelper.cs:line 1339
[Wednesday, June 17, 2020 07:30:18 PM] Error 11628 >> Exception occured in : GetAllUserDetails Object cannot be cast from DBNull to other types.   at System.DBNull.System.IConvertible.ToDecimal(IFormatProvider provider)
   at System.Convert.ToDecimal(Object value)
   at A1Carpentry.DBhelper.SqlHelper.GetAllUserDetails() in C:\Users\pc\source\repos\A1Carpentry MySql 04_04_19 (1)\A1Carpentry MySql 04_04_19\A1Carpentry\DBhelper\SqlHelper.cs:line 1339
[Wednesday, June 17, 2020 07:30:28 PM] Error 11628 >> Exception occured in : GetAllUserDetails Object cannot be cast from DBNull to other types.   at System.DBNull.System.IConvertible.ToDecimal(IFormatProvider provider)
   at System.Convert.ToDecimal(Object value)
   at A1Carpentry.DBhelper.SqlHelper.GetAllUserDetails() in C:\Users\pc\source\repos\A1Carpentry MySql 04_04_19 (1)\A1Carpentry MySql 04_04_19\A1Carpentry\DBhelper\SqlHelper.cs:line 1339
[Wednesday, June 17, 2020 07:31:03 PM] Error 11628 >> Exception occured in : GetAllUserDetails Object cannot be cast from DBNull to other types.   at System.DBNull.System.IConvertible.ToDecimal(IFormatProvider provider)
   at System.Convert.ToDecimal(Object value)
   at A1Carpentry.DBhelper.SqlHelper.GetAllUserDetails() in C:\Users\pc\source\repos\A1Carpentry MySql 04_04_19 (1)\A1Carpentry MySql 04_04_19\A1Carpentry\DBhelper\SqlHelper.cs:line 1339
[Wednesday, June 17, 2020 07:31:13 PM] Error 11628 >> Exception occured in : GetAllUserDetails Object cannot be cast from DBNull to other types.   at System.DBNull.System.IConvertible.ToDecimal(IFormatProvider provider)
   at System.Convert.ToDecimal(Object value)
   at A1Carpentry.DBhelper.SqlHelper.GetAllUserDetails() in C:\Users\pc\source\repos\A1Carpentry MySql 04_04_19 (1)\A1Carpentry MySql 04_04_19\A1Carpentry\DBhelper\SqlHelper.cs:line 1339
[Wednesday, June 17, 2020 07:34:57 PM] Error 11672 >> Exception occured in : GetAllUserDetails Object cannot be cast from DBNull to other types.   at System.DBNull.System.IConvertible.ToDecimal(IFormatProvider provider)
   at System.Convert.ToDecimal(Object value)
   at A1Carpentry.DBhelper.SqlHelper.GetAllUserDetails() in C:\Users\pc\source\repos\A1Carpentry MySql 04_04_19 (1)\A1Carpentry MySql 04_04_19\A1Carpentry\DBhelper\SqlHelper.cs:line 1339
[Wednesday, June 17, 2020 07:35:14 PM] Error 11672 >> Exception occured in : GetAllUserDetails Object cannot be cast from DBNull to other types.   at System.DBNull.System.IConvertible.ToDecimal(IFormatProvider provider)
   at System.Convert.ToDecimal(Object value)
   at A1Carpentry.DBhelper.SqlHelper.GetAllUserDetails() in C:\Users\pc\source\repos\A1Carpentry MySql 04_04_19 (1)\A1Carpentry MySql 04_04_19\A1Carpentry\DBhelper\SqlHelper.cs:line 1339
[Wednesday, June 17, 2020 07:38:34 PM] Error 20140 >> Exception occured in : GetAllUserDetails Object cannot be cast from DBNull to other types.   at System.DBNull.System.IConvertible.ToDecimal(IFormatProvider provider)
   at System.Convert.ToDecimal(Object value)
   at A1Carpentry.DBhelper.SqlHelper.GetAllUserDetails() in C:\Users\pc\source\repos\A1Carpentry MySql 04_04_19 (1)\A1Carpentry MySql 04_04_19\A1Carpentry\DBhelper\SqlHelper.cs:line 1339
[Wednesday, June 17, 2020 07:38:51 PM] Error 20140 >> Exception occured in : GetAllUserDetails Object cannot be cast from DBNull to other types.   at System.DBNull.System.IConvertible.ToDecimal(IFormatProvider provider)
   at System.Convert.ToDecimal(Object value)
   at A1Carpentry.DBhelper.SqlHelper.GetAllUserDetails() in C:\Users\pc\source\repos\A1Carpentry MySql 04_04_19 (1)\A1Carpentry MySql 04_04_19\A1Carpentry\DBhelper\SqlHelper.cs:line 1339
[Wednesday, June 17, 2020 07:50:35 PM] Error 15176 >> Exception occured in : GetAllUserDetails Object cannot be cast from DBNull to other types.   at System.DBNull.System.IConvertible.ToDecimal(IFormatProvider provider)
   at System.Convert.ToDecimal(Object value)
   at A1Carpentry.DBhelper.SqlHelper.GetAllUserDetails() in C:\Users\pc\source\repos\A1Carpentry MySql 04_04_19 (1)\A1Carpentry MySql 04_04_19\A1Carpentry\DBhelper\SqlHelper.cs:line 1339
[Wednesday, June 17, 2020 07:51:16 PM] Error 15176 >> Exception occured in : GetAllUserDetails Object cannot be cast from DBNull to other types.   at System.DBNull.System.IConvertible.ToDecimal(IFormatProvider provider)
   at System.Convert.ToDecimal(Object value)
   at A1Carpentry.DBhelper.SqlHelper.GetAllUserDetails() in C:\Users\pc\source\repos\A1Carpentry MySql 04_04_19 (1)\A1Carpentry MySql 04_04_19\A1Carpentry\DBhelper\SqlHelper.cs:line 1339
[Wednesday, June 17, 2020 07:52:09 PM] Error 15176 >> Exception occured in : GetAllUserDetails Object cannot be cast from DBNull to other types.   at System.DBNull.System.IConvertible.ToDecimal(IFormatProvider provider)
   at System.Convert.ToDecimal(Object value)
   at A1Carpentry.DBhelper.SqlHelper.GetAllUserDetails() in C:\Users\pc\source\repos\A1Carpentry MySql 04_04_19 (1)\A1Carpentry MySql 04_04_19\A1Carpentry\DBhelper\SqlHelper.cs:line 1339
[Wednesday, June 17, 2020 08:02:15 PM] Error 20888 >> Error occured in GetUserDetails Reading from the stream has failed.   at MySql.Data.MySqlClient.MySqlStream.LoadPacket()
   at MySql.Data.MySqlClient.MySqlStream.ReadPacket()
   at MySql.Data.MySqlClient.NativeDriver.ReadOk(Boolean read)
   at MySql.Data.MySqlClient.NativeDriver.SetDatabase(String dbName)
   at MySql.Data.MySqlClient.Driver.SetDatabase(String dbName)
   at MySql.Data.MySqlClient.MySqlConnection.ChangeDatabase(String databaseName)
   at MySql.Data.MySqlClient.MySqlConnection.Open()
   at A1Carpentry.DBhelper.SqlHelper.GetUserDetails(String username, String password, String email) in C:\Users\pc\source\repos\A1Carpentry MySql 04_04_19 (1)\A1Carpentry MySql 04_04_19\A1Carpentry\DBhelper\SqlHelper.cs:line 73
[Wednesday, June 17, 2020 08:02:35 PM] Error 20888 >> Exception occured in : GetAllUserDetails Object cannot be cast from DBNull to other types.   at System.DBNull.System.IConvertible.ToDecimal(IFormatProvider provider)
   at System.Convert.ToDecimal(Object value)
   at A1Carpentry.DBhelper.SqlHelper.GetAllUserDetails() in C:\Users\pc\source\repos\A1Carpentry MySql 04_04_19 (1)\A1Carpentry MySql 04_04_19\A1Carpentry\DBhelper\SqlHelper.cs:line 1339
[Wednesday, June 17, 2020 08:03:01 PM] Error 20888 >> Exception occured in : GetAllUserDetails Object cannot be cast from DBNull to other types.   at System.DBNull.System.IConvertible.ToDecimal(IFormatProvider provider)
   at System.Convert.ToDecimal(Object value)
   at A1Carpentry.DBhelper.SqlHelper.GetAllUserDetails() in C:\Users\pc\source\repos\A1Carpentry MySql 04_04_19 (1)\A1Carpentry MySql 04_04_19\A1Carpentry\DBhelper\SqlHelper.cs:line 1339
[Wednesday, June 17, 2020 08:03:39 PM] Error 20888 >> Exception occured in : GetAllUserDetails Object cannot be cast from DBNull to other types.   at System.DBNull.System.IConvertible.ToDecimal(IFormatProvider provider)
   at System.Convert.ToDecimal(Object value)
   at A1Carpentry.DBhelper.SqlHelper.GetAllUserDetails() in C:\Users\pc\source\repos\A1Carpentry MySql 04_04_19 (1)\A1Carpentry MySql 04_04_19\A1Carpentry\DBhelper\SqlHelper.cs:line 1339
[Wednesday, June 17, 2020 08:20:53 PM] Error 20888 >> Error occured in GetPreTasksById Invalid attempt to Read when reader is closed.   at MySql.Data.MySqlClient.MySqlDataReader.Throw(Exception ex)
   at MySql.Data.MySqlClient.MySqlDataReader.Read()
   at A1Carpentry.DBhelper.SqlHelper.GetPreTasksById(Int32 PreTaskID) in C:\Users\pc\source\repos\A1Carpentry MySql 04_04_19 (1)\A1Carpentry MySql 04_04_19\A1Carpentry\DBhelper\SqlHelper.cs:line 2154
[Wednesday, June 17, 2020 08:20:57 PM] Error 20888 >> Error occured in GetPreTasksById Invalid attempt to Read when reader is closed.   at MySql.Data.MySqlClient.MySqlDataReader.Throw(Exception ex)
   at MySql.Data.MySqlClient.MySqlDataReader.Read()
   at A1Carpentry.DBhelper.SqlHelper.GetPreTasksById(Int32 PreTaskID) in C:\Users\pc\source\repos\A1Carpentry MySql 04_04_19 (1)\A1Carpentry MySql 04_04_19\A1Carpentry\DBhelper\SqlHelper.cs:line 2154
[Wednesday, June 17, 2020 08:21:01 PM] Error 20888 >> Error occured in GetPreTasksById Invalid attempt to Read when reader is closed.   at MySql.Data.MySqlClient.MySqlDataReader.Throw(Exception ex)
   at MySql.Data.MySqlClient.MySqlDataReader.Read()
   at A1Carpentry.DBhelper.SqlHelper.GetPreTasksById(Int32 PreTaskID) in C:\Users\pc\source\repos\A1Carpentry MySql 04_04_19 (1)\A1Carpentry MySql 04_04_19\A1Carpentry\DBhelper\SqlHelper.cs:line 2154
[Wednesday, June 17, 2020 08:21:07 PM] Error 20888 >> Exception occured in : GetJobProfileSummary Object cannot be cast from DBNull to other types.   at System.DBNull.System.IConvertible.ToDateTime(IFormatProvider provider)
   at System.Convert.ToDateTime(Object value)
   at A1Carpentry.DBhelper.SqlHelper.GetJobProfileSummary() in C:\Users\pc\source\repos\A1Carpentry MySql 04_04_19 (1)\A1Carpentry MySql 04_04_19\A1Carpentry\DBhelper\SqlHelper.cs:line 1475
[Wednesday, June 17, 2020 10:07:36 PM] Error 296 >> Exception occured in : GetAllToolsDetails Fatal error encountered during data read.   at MySql.Data.MySqlClient.MySqlDataReader.Read()
   at MySql.Data.MySqlClient.Driver.LoadServerProperties(MySqlConnection connection)
   at MySql.Data.MySqlClient.Driver.Configure(MySqlConnection connection)
   at MySql.Data.MySqlClient.MySqlConnection.Open()
   at A1Carpentry.DBhelper.SqlHelper.GetAllToolsDetails() in C:\Users\pc\source\repos\A1Carpentry MySql 04_04_19 (1)\A1Carpentry MySql 04_04_19\A1Carpentry\DBhelper\SqlHelper.cs:line 1777
