Logs for: A1Carpentry , A1Carpentry
[Monday, July 13, 2020 12:54:02 PM] Error 20404 >> Exception occured in : GetJobProfileSummary Object cannot be cast from DBNull to other types.   at System.DBNull.System.IConvertible.ToDateTime(IFormatProvider provider)
   at System.Convert.ToDateTime(Object value)
   at A1Carpentry.DBhelper.SqlHelper.GetJobProfileSummary() in C:\Users\pc\source\repos\A1Carpentry MySql 04_04_19 (1)\A1Carpentry MySql 04_04_19\A1Carpentry\DBhelper\SqlHelper.cs:line 1475
[Monday, July 13, 2020 12:54:33 PM] Error 20404 >> Exception occured in : GetJobProfileSummary Object cannot be cast from DBNull to other types.   at System.DBNull.System.IConvertible.ToDateTime(IFormatProvider provider)
   at System.Convert.ToDateTime(Object value)
   at A1Carpentry.DBhelper.SqlHelper.GetJobProfileSummary() in C:\Users\pc\source\repos\A1Carpentry MySql 04_04_19 (1)\A1Carpentry MySql 04_04_19\A1Carpentry\DBhelper\SqlHelper.cs:line 1475
[Monday, July 13, 2020 01:09:54 PM] Error 20404 >> Exception occured in : GetJobDetails/Tasklogs/Users tablelogs You have an error in your SQL syntax; check the manual that corresponds to your MySQL server version for the right syntax to use near 'WHERE Users.UserID=60' at line 1   at MySql.Data.MySqlClient.MySqlStream.ReadPacket()
   at MySql.Data.MySqlClient.NativeDriver.GetResult(Int32& affectedRow, Int64& insertedId)
   at MySql.Data.MySqlClient.Driver.GetResult(Int32 statementId, Int32& affectedRows, Int64& insertedId)
   at MySql.Data.MySqlClient.Driver.NextResult(Int32 statementId, Boolean force)
   at MySql.Data.MySqlClient.MySqlDataReader.NextResult()
   at MySql.Data.MySqlClient.MySqlCommand.ExecuteReader(CommandBehavior behavior)
   at MySql.Data.MySqlClient.MySqlCommand.ExecuteReader()
   at A1Carpentry.DBhelper.SqlHelper.GetGaragdtls(Int32 UserID) in C:\Users\pc\source\repos\A1Carpentry MySql 04_04_19 (1)\A1Carpentry MySql 04_04_19\A1Carpentry\DBhelper\SqlHelper.cs:line 3183
[Monday, July 13, 2020 01:16:39 PM] Error 20404 >> Exception occured in : GetJobDetails/Tasklogs/Users tablelogs You have an error in your SQL syntax; check the manual that corresponds to your MySQL server version for the right syntax to use near 'WHERE Users.UserID=64' at line 1   at MySql.Data.MySqlClient.MySqlStream.ReadPacket()
   at MySql.Data.MySqlClient.NativeDriver.GetResult(Int32& affectedRow, Int64& insertedId)
   at MySql.Data.MySqlClient.Driver.GetResult(Int32 statementId, Int32& affectedRows, Int64& insertedId)
   at MySql.Data.MySqlClient.Driver.NextResult(Int32 statementId, Boolean force)
   at MySql.Data.MySqlClient.MySqlDataReader.NextResult()
   at MySql.Data.MySqlClient.MySqlCommand.ExecuteReader(CommandBehavior behavior)
   at MySql.Data.MySqlClient.MySqlCommand.ExecuteReader()
   at A1Carpentry.DBhelper.SqlHelper.GetGaragdtls(Int32 UserID)
[Monday, July 13, 2020 01:18:41 PM] Error 20404 >> Exception occured in : GetJobDetails/Tasklogs/Users tablelogs You have an error in your SQL syntax; check the manual that corresponds to your MySQL server version for the right syntax to use near 'WHERE UserID=67' at line 1   at MySql.Data.MySqlClient.MySqlStream.ReadPacket()
   at MySql.Data.MySqlClient.NativeDriver.GetResult(Int32& affectedRow, Int64& insertedId)
   at MySql.Data.MySqlClient.Driver.GetResult(Int32 statementId, Int32& affectedRows, Int64& insertedId)
   at MySql.Data.MySqlClient.Driver.NextResult(Int32 statementId, Boolean force)
   at MySql.Data.MySqlClient.MySqlDataReader.NextResult()
   at MySql.Data.MySqlClient.MySqlCommand.ExecuteReader(CommandBehavior behavior)
   at MySql.Data.MySqlClient.MySqlCommand.ExecuteReader()
   at A1Carpentry.DBhelper.SqlHelper.GetGaragdtls(Int32 UserID)
[Monday, July 13, 2020 09:21:59 PM] Error 8572 >> Error occured in EmployeeProfile Failure sending mail.   at System.Net.Mail.SmtpClient.Send(MailMessage message)
   at A1Carpentry.Controllers.SuperAdminController.SendEmail(UsersModel ObjUser) in C:\Users\pc\source\repos\A1Carpentry MySql 04_04_19 (1)\A1Carpentry MySql 04_04_19\A1Carpentry\Controllers\SuperAdminController.cs:line 1702
   at A1Carpentry.Controllers.SuperAdminController.employeetools(List`1 ToolName) in C:\Users\pc\source\repos\A1Carpentry MySql 04_04_19 (1)\A1Carpentry MySql 04_04_19\A1Carpentry\Controllers\SuperAdminController.cs:line 169
[Monday, July 13, 2020 09:22:21 PM] Error 8572 >> Error occured in EmployeeProfile Object reference not set to an instance of an object.   at A1Carpentry.Controllers.SuperAdminController.employeetools(List`1 ToolName) in C:\Users\pc\source\repos\A1Carpentry MySql 04_04_19 (1)\A1Carpentry MySql 04_04_19\A1Carpentry\Controllers\SuperAdminController.cs:line 160
[Monday, July 13, 2020 09:22:22 PM] Error 8572 >> Error occured in EmployeeProfile Object reference not set to an instance of an object.   at A1Carpentry.Controllers.SuperAdminController.employeetools(List`1 ToolName) in C:\Users\pc\source\repos\A1Carpentry MySql 04_04_19 (1)\A1Carpentry MySql 04_04_19\A1Carpentry\Controllers\SuperAdminController.cs:line 160
[Monday, July 13, 2020 09:31:16 PM] Error 8572 >> Error occured in tools updated StartIndex cannot be less than zero.
Parameter name: startIndex   at System.String.Remove(Int32 startIndex, Int32 count)
   at A1Carpentry.Controllers.SuperAdminController.ToolsEdit(List`1 ToolName) in C:\Users\pc\source\repos\A1Carpentry MySql 04_04_19 (1)\A1Carpentry MySql 04_04_19\A1Carpentry\Controllers\SuperAdminController.cs:line 2345
[Monday, July 13, 2020 09:38:21 PM] Error 8572 >> Error occured in tools updated StartIndex cannot be less than zero.
Parameter name: startIndex   at System.String.Remove(Int32 startIndex, Int32 count)
   at A1Carpentry.Controllers.SuperAdminController.ToolsEdit(List`1 ToolName) in C:\Users\pc\source\repos\A1Carpentry MySql 04_04_19 (1)\A1Carpentry MySql 04_04_19\A1Carpentry\Controllers\SuperAdminController.cs:line 2345
[Monday, July 13, 2020 09:38:36 PM] Error 8572 >> Error occured in tools updated StartIndex cannot be less than zero.
Parameter name: startIndex   at System.String.Remove(Int32 startIndex, Int32 count)
   at A1Carpentry.Controllers.SuperAdminController.ToolsEdit(List`1 ToolName) in C:\Users\pc\source\repos\A1Carpentry MySql 04_04_19 (1)\A1Carpentry MySql 04_04_19\A1Carpentry\Controllers\SuperAdminController.cs:line 2345
